0 [Thread-1] INFO br.com.log.LogDinnamus  - Iniciando o sistema de LogDinnamus - Thu Dec 27 00:03:35 GMT-03:00 2018
0 [Thread-1] INFO br.com.log.LogDinnamus  - Iniciando o sistema de LogDinnamus - Thu Dec 27 00:06:06 GMT-03:00 2018
0 [Thread-1] INFO br.com.log.LogDinnamus  - Iniciando o sistema de LogDinnamus - Thu Dec 27 00:25:35 GMT-03:00 2018
0 [Thread-1] INFO br.com.log.LogDinnamus  - Iniciando o sistema de LogDinnamus - Thu Dec 27 00:47:04 GMT-03:00 2018
0 [Thread-1] INFO br.com.log.LogDinnamus  - Iniciando o sistema de LogDinnamus - Thu Dec 27 00:50:38 GMT-03:00 2018
0 [Thread-1] INFO br.com.log.LogDinnamus  - Iniciando o sistema de LogDinnamus - Thu Dec 27 00:53:15 GMT-03:00 2018
0 [Thread-1] INFO br.com.log.LogDinnamus  - Iniciando o sistema de LogDinnamus - Thu Dec 27 00:53:33 GMT-03:00 2018
0 [Thread-1] INFO br.com.log.LogDinnamus  - Iniciando o sistema de LogDinnamus - Thu Dec 27 01:01:35 GMT-03:00 2018
0 [Thread-1] INFO br.com.log.LogDinnamus  - Iniciando o sistema de LogDinnamus - Thu Dec 27 10:46:26 GMT-03:00 2018
0 [Thread-1] INFO br.com.log.LogDinnamus  - Iniciando o sistema de LogDinnamus - Thu Dec 27 10:52:18 GMT-03:00 2018
0 [Thread-1] INFO br.com.log.LogDinnamus  - Iniciando o sistema de LogDinnamus - Thu Dec 27 10:54:23 GMT-03:00 2018
0 [Thread-1] INFO br.com.log.LogDinnamus  - Iniciando o sistema de LogDinnamus - Thu Dec 27 10:55:20 GMT-03:00 2018
1 [Thread-1] INFO br.com.log.LogDinnamus  - Iniciando o sistema de LogDinnamus - Thu Dec 27 10:57:50 GMT-03:00 2018
0 [Thread-1] INFO br.com.log.LogDinnamus  - Iniciando o sistema de LogDinnamus - Thu Dec 27 11:01:05 GMT-03:00 2018
1 [Thread-1] INFO br.com.log.LogDinnamus  - Iniciando o sistema de LogDinnamus - Thu Dec 27 11:04:03 GMT-03:00 2018
0 [Thread-1] INFO br.com.log.LogDinnamus  - Iniciando o sistema de LogDinnamus - Thu Dec 27 11:06:27 GMT-03:00 2018
1 [Thread-1] INFO br.com.log.LogDinnamus  - Iniciando o sistema de LogDinnamus - Thu Dec 27 11:13:13 GMT-03:00 2018
0 [Thread-1] INFO br.com.log.LogDinnamus  - Iniciando o sistema de LogDinnamus - Thu Dec 27 11:20:19 GMT-03:00 2018
1 [Thread-1] INFO br.com.log.LogDinnamus  - Iniciando o sistema de LogDinnamus - Thu Dec 27 11:21:13 GMT-03:00 2018
0 [Thread-1] INFO br.com.log.LogDinnamus  - Iniciando o sistema de LogDinnamus - Thu Dec 27 11:28:53 GMT-03:00 2018
63836 [Smack-Single Threaded Executor 0 (0)] ERROR br.com.log.LogDinnamus  - Registro de Exceção detectada : Thu Dec 27 11:29:57 GMT-03:00 2018
org.jivesoftware.smack.XMPPException$XMPPErrorException: XMPPError: remote-server-not-found - cancel
	at org.jivesoftware.smack.XMPPException$XMPPErrorException.ifHasErrorThenThrow(XMPPException.java:135)
	at org.jivesoftware.smack.PacketCollector.nextResultOrThrow(PacketCollector.java:232)
	at org.jivesoftware.smack.PacketCollector.nextResultOrThrow(PacketCollector.java:213)
	at org.jivesoftware.smackx.vcardtemp.VCardManager.loadVCard(VCardManager.java:125)
	at smack.config.SmackMensageria.getVCard(SmackMensageria.java:236)
	at smack.config.frmChat.atualizarJlUsuarios(frmChat.java:857)
	at smack.config.frmChat.listarUsuario(frmChat.java:906)
	at smack.config.frmChat.access$1200(frmChat.java:64)
	at smack.config.frmChat$13.entriesAdded(frmChat.java:808)
	at org.jivesoftware.smack.roster.Roster.fireRosterChangedEvent(Roster.java:1004)
	at org.jivesoftware.smack.roster.Roster.access$1900(Roster.java:79)
	at org.jivesoftware.smack.roster.Roster$RosterPushListener.handleIQRequest(Roster.java:1459)
	at org.jivesoftware.smack.AbstractXMPPConnection$2.run(AbstractXMPPConnection.java:1060)
	at java.util.concurrent.ThreadPoolExecutor.runWorker(ThreadPoolExecutor.java:1149)
	at java.util.concurrent.ThreadPoolExecutor$Worker.run(ThreadPoolExecutor.java:624)
	at java.lang.Thread.run(Thread.java:748)
114506 [Smack-Single Threaded Executor 0 (0)] ERROR br.com.log.LogDinnamus  - Registro de Exceção detectada : Thu Dec 27 11:30:48 GMT-03:00 2018
java.lang.NullPointerException
	at smack.config.frmChat.atualizarJlUsuarios(frmChat.java:858)
	at smack.config.frmChat.listarUsuario(frmChat.java:906)
	at smack.config.frmChat.access$1200(frmChat.java:64)
	at smack.config.frmChat$13.entriesAdded(frmChat.java:808)
	at org.jivesoftware.smack.roster.Roster.fireRosterChangedEvent(Roster.java:1004)
	at org.jivesoftware.smack.roster.Roster.access$1900(Roster.java:79)
	at org.jivesoftware.smack.roster.Roster$RosterPushListener.handleIQRequest(Roster.java:1459)
	at org.jivesoftware.smack.AbstractXMPPConnection$2.run(AbstractXMPPConnection.java:1060)
	at java.util.concurrent.ThreadPoolExecutor.runWorker(ThreadPoolExecutor.java:1149)
	at java.util.concurrent.ThreadPoolExecutor$Worker.run(ThreadPoolExecutor.java:624)
	at java.lang.Thread.run(Thread.java:748)
117514 [Smack-Cached Executor 2 (0)] ERROR br.com.log.LogDinnamus  - Registro de Exceção detectada : Thu Dec 27 11:30:51 GMT-03:00 2018
org.jivesoftware.smack.SmackException$NotConnectedException: Client is not, or no longer, connected.
	at org.jivesoftware.smack.tcp.XMPPTCPConnection$PacketWriter.throwNotConnectedExceptionIfDoneAndResumptionNotPossible(XMPPTCPConnection.java:1252)
	at org.jivesoftware.smack.tcp.XMPPTCPConnection.throwNotConnectedExceptionIfAppropriate(XMPPTCPConnection.java:345)
	at org.jivesoftware.smack.AbstractXMPPConnection.sendStanza(AbstractXMPPConnection.java:617)
	at org.jivesoftware.smack.AbstractXMPPConnection.createPacketCollectorAndSend(AbstractXMPPConnection.java:711)
	at org.jivesoftware.smack.AbstractXMPPConnection.createPacketCollectorAndSend(AbstractXMPPConnection.java:700)
	at org.jivesoftware.smackx.vcardtemp.VCardManager.loadVCard(VCardManager.java:125)
	at smack.config.SmackMensageria.getVCard(SmackMensageria.java:236)
	at smack.config.frmChat.atualizarJlUsuarios(frmChat.java:857)
	at smack.config.frmChat.listarUsuario(frmChat.java:906)
	at smack.config.frmChat.access$1200(frmChat.java:64)
	at smack.config.frmChat$13.entriesAdded(frmChat.java:808)
	at org.jivesoftware.smack.roster.Roster.fireRosterChangedEvent(Roster.java:1004)
	at org.jivesoftware.smack.roster.Roster.access$1900(Roster.java:79)
	at org.jivesoftware.smack.roster.Roster$RosterResultListener.processPacket(Roster.java:1380)
	at org.jivesoftware.smack.AbstractXMPPConnection$5.processPacket(AbstractXMPPConnection.java:1428)
	at org.jivesoftware.smack.AbstractXMPPConnection$3.run(AbstractXMPPConnection.java:1105)
	at java.util.concurrent.ThreadPoolExecutor.runWorker(ThreadPoolExecutor.java:1149)
	at java.util.concurrent.ThreadPoolExecutor$Worker.run(ThreadPoolExecutor.java:624)
	at java.lang.Thread.run(Thread.java:748)
0 [Thread-1] INFO br.com.log.LogDinnamus  - Iniciando o sistema de LogDinnamus - Thu Dec 27 11:33:23 GMT-03:00 2018
5703 [Thread-1] ERROR br.com.log.LogDinnamus  - Registro de Exceção detectada : Thu Dec 27 11:33:29 GMT-03:00 2018
org.jivesoftware.smack.XMPPException$XMPPErrorException: XMPPError: remote-server-not-found - cancel
	at org.jivesoftware.smack.XMPPException$XMPPErrorException.ifHasErrorThenThrow(XMPPException.java:135)
	at org.jivesoftware.smack.PacketCollector.nextResultOrThrow(PacketCollector.java:232)
	at org.jivesoftware.smack.PacketCollector.nextResultOrThrow(PacketCollector.java:213)
	at org.jivesoftware.smackx.vcardtemp.VCardManager.loadVCard(VCardManager.java:125)
	at smack.config.SmackMensageria.getVCard(SmackMensageria.java:236)
	at smack.config.frmChat.atualizarJlUsuarios(frmChat.java:857)
	at smack.config.frmChat.listarUsuario(frmChat.java:902)
	at smack.config.frmChat.conectarServidor(frmChat.java:1133)
	at smack.config.frmChat.btConectarActionPerformed(frmChat.java:477)
	at smack.config.frmChat.iniciarUI(frmChat.java:1282)
	at smack.config.frmChat.<init>(frmChat.java:109)
	at smack.config.frmChat$16.run(frmChat.java:1253)
	at java.lang.Thread.run(Thread.java:748)
26937 [Thread-1] ERROR br.com.log.LogDinnamus  - Registro de Exceção detectada : Thu Dec 27 11:33:50 GMT-03:00 2018
java.lang.NullPointerException
	at smack.config.frmChat.atualizarJlUsuarios(frmChat.java:858)
	at smack.config.frmChat.listarUsuario(frmChat.java:902)
	at smack.config.frmChat.conectarServidor(frmChat.java:1133)
	at smack.config.frmChat.btConectarActionPerformed(frmChat.java:477)
	at smack.config.frmChat.iniciarUI(frmChat.java:1282)
	at smack.config.frmChat.<init>(frmChat.java:109)
	at smack.config.frmChat$16.run(frmChat.java:1253)
	at java.lang.Thread.run(Thread.java:748)
0 [Thread-1] INFO br.com.log.LogDinnamus  - Iniciando o sistema de LogDinnamus - Thu Dec 27 11:33:57 GMT-03:00 2018
0 [Thread-1] INFO br.com.log.LogDinnamus  - Iniciando o sistema de LogDinnamus - Thu Dec 27 11:34:51 GMT-03:00 2018
41854 [Smack-Single Threaded Executor 0 (0)] ERROR br.com.log.LogDinnamus  - Registro de Exceção detectada : Thu Dec 27 11:35:33 GMT-03:00 2018
org.jivesoftware.smack.XMPPException$XMPPErrorException: XMPPError: remote-server-not-found - cancel
	at org.jivesoftware.smack.XMPPException$XMPPErrorException.ifHasErrorThenThrow(XMPPException.java:135)
	at org.jivesoftware.smack.PacketCollector.nextResultOrThrow(PacketCollector.java:232)
	at org.jivesoftware.smack.PacketCollector.nextResultOrThrow(PacketCollector.java:213)
	at org.jivesoftware.smackx.vcardtemp.VCardManager.loadVCard(VCardManager.java:125)
	at smack.config.SmackMensageria.getVCard(SmackMensageria.java:236)
	at smack.config.frmChat.atualizarJlUsuarios(frmChat.java:857)
	at smack.config.frmChat.listarUsuario(frmChat.java:902)
	at smack.config.frmChat.access$1200(frmChat.java:64)
	at smack.config.frmChat$13.entriesAdded(frmChat.java:808)
	at org.jivesoftware.smack.roster.Roster.fireRosterChangedEvent(Roster.java:1004)
	at org.jivesoftware.smack.roster.Roster.access$1900(Roster.java:79)
	at org.jivesoftware.smack.roster.Roster$RosterPushListener.handleIQRequest(Roster.java:1459)
	at org.jivesoftware.smack.AbstractXMPPConnection$2.run(AbstractXMPPConnection.java:1060)
	at java.util.concurrent.ThreadPoolExecutor.runWorker(ThreadPoolExecutor.java:1149)
	at java.util.concurrent.ThreadPoolExecutor$Worker.run(ThreadPoolExecutor.java:624)
	at java.lang.Thread.run(Thread.java:748)
46361 [Smack-Single Threaded Executor 0 (0)] ERROR br.com.log.LogDinnamus  - Registro de Exceção detectada : Thu Dec 27 11:35:37 GMT-03:00 2018
java.lang.NullPointerException
	at smack.config.frmChat.atualizarJlUsuarios(frmChat.java:858)
	at smack.config.frmChat.listarUsuario(frmChat.java:902)
	at smack.config.frmChat.access$1200(frmChat.java:64)
	at smack.config.frmChat$13.entriesAdded(frmChat.java:808)
	at org.jivesoftware.smack.roster.Roster.fireRosterChangedEvent(Roster.java:1004)
	at org.jivesoftware.smack.roster.Roster.access$1900(Roster.java:79)
	at org.jivesoftware.smack.roster.Roster$RosterPushListener.handleIQRequest(Roster.java:1459)
	at org.jivesoftware.smack.AbstractXMPPConnection$2.run(AbstractXMPPConnection.java:1060)
	at java.util.concurrent.ThreadPoolExecutor.runWorker(ThreadPoolExecutor.java:1149)
	at java.util.concurrent.ThreadPoolExecutor$Worker.run(ThreadPoolExecutor.java:624)
	at java.lang.Thread.run(Thread.java:748)
49814 [Smack-Single Threaded Executor 0 (0)] ERROR br.com.log.LogDinnamus  - Registro de Exceção detectada : Thu Dec 27 11:35:41 GMT-03:00 2018
org.jivesoftware.smack.XMPPException$XMPPErrorException: XMPPError: remote-server-not-found - cancel
	at org.jivesoftware.smack.XMPPException$XMPPErrorException.ifHasErrorThenThrow(XMPPException.java:135)
	at org.jivesoftware.smack.PacketCollector.nextResultOrThrow(PacketCollector.java:232)
	at org.jivesoftware.smack.PacketCollector.nextResultOrThrow(PacketCollector.java:213)
	at org.jivesoftware.smackx.vcardtemp.VCardManager.loadVCard(VCardManager.java:125)
	at smack.config.SmackMensageria.getVCard(SmackMensageria.java:236)
	at smack.config.frmChat.atualizarJlUsuarios(frmChat.java:857)
	at smack.config.frmChat.listarUsuario(frmChat.java:902)
	at smack.config.frmChat.access$1200(frmChat.java:64)
	at smack.config.frmChat$13.presenceChanged(frmChat.java:829)
	at org.jivesoftware.smack.roster.Roster.fireRosterPresenceEvent(Roster.java:1024)
	at org.jivesoftware.smack.roster.Roster.access$1100(Roster.java:79)
	at org.jivesoftware.smack.roster.Roster$PresencePacketListener.processPacket(Roster.java:1303)
	at org.jivesoftware.smack.AbstractXMPPConnection$4.run(AbstractXMPPConnection.java:1135)
	at java.util.concurrent.ThreadPoolExecutor.runWorker(ThreadPoolExecutor.java:1149)
	at java.util.concurrent.ThreadPoolExecutor$Worker.run(ThreadPoolExecutor.java:624)
	at java.lang.Thread.run(Thread.java:748)
99001 [Smack-Single Threaded Executor 0 (0)] ERROR br.com.log.LogDinnamus  - Registro de Exceção detectada : Thu Dec 27 11:36:30 GMT-03:00 2018
java.lang.NullPointerException
	at smack.config.frmChat.atualizarJlUsuarios(frmChat.java:858)
	at smack.config.frmChat.listarUsuario(frmChat.java:902)
	at smack.config.frmChat.access$1200(frmChat.java:64)
	at smack.config.frmChat$13.presenceChanged(frmChat.java:829)
	at org.jivesoftware.smack.roster.Roster.fireRosterPresenceEvent(Roster.java:1024)
	at org.jivesoftware.smack.roster.Roster.access$1100(Roster.java:79)
	at org.jivesoftware.smack.roster.Roster$PresencePacketListener.processPacket(Roster.java:1303)
	at org.jivesoftware.smack.AbstractXMPPConnection$4.run(AbstractXMPPConnection.java:1135)
	at java.util.concurrent.ThreadPoolExecutor.runWorker(ThreadPoolExecutor.java:1149)
	at java.util.concurrent.ThreadPoolExecutor$Worker.run(ThreadPoolExecutor.java:624)
	at java.lang.Thread.run(Thread.java:748)
0 [Thread-1] INFO br.com.log.LogDinnamus  - Iniciando o sistema de LogDinnamus - Thu Dec 27 11:48:55 GMT-03:00 2018
62619 [Smack-Single Threaded Executor 0 (0)] ERROR br.com.log.LogDinnamus  - Registro de Exceção detectada : Thu Dec 27 11:49:58 GMT-03:00 2018
org.jivesoftware.smack.XMPPException$XMPPErrorException: XMPPError: remote-server-not-found - cancel
	at org.jivesoftware.smack.XMPPException$XMPPErrorException.ifHasErrorThenThrow(XMPPException.java:135)
	at org.jivesoftware.smack.PacketCollector.nextResultOrThrow(PacketCollector.java:232)
	at org.jivesoftware.smack.PacketCollector.nextResultOrThrow(PacketCollector.java:213)
	at org.jivesoftware.smackx.vcardtemp.VCardManager.loadVCard(VCardManager.java:125)
	at smack.config.SmackMensageria.getVCard(SmackMensageria.java:237)
	at smack.config.frmChat.atualizarJlUsuarios(frmChat.java:852)
	at smack.config.frmChat.listarUsuario(frmChat.java:897)
	at smack.config.frmChat.access$1200(frmChat.java:64)
	at smack.config.frmChat$13.entriesAdded(frmChat.java:803)
	at org.jivesoftware.smack.roster.Roster.fireRosterChangedEvent(Roster.java:1004)
	at org.jivesoftware.smack.roster.Roster.access$1900(Roster.java:79)
	at org.jivesoftware.smack.roster.Roster$RosterPushListener.handleIQRequest(Roster.java:1459)
	at org.jivesoftware.smack.AbstractXMPPConnection$2.run(AbstractXMPPConnection.java:1060)
	at java.util.concurrent.ThreadPoolExecutor.runWorker(ThreadPoolExecutor.java:1149)
	at java.util.concurrent.ThreadPoolExecutor$Worker.run(ThreadPoolExecutor.java:624)
	at java.lang.Thread.run(Thread.java:748)
65566 [Smack-Single Threaded Executor 0 (0)] ERROR br.com.log.LogDinnamus  - Registro de Exceção detectada : Thu Dec 27 11:50:01 GMT-03:00 2018
java.lang.NullPointerException
	at smack.config.frmChat.atualizarJlUsuarios(frmChat.java:853)
	at smack.config.frmChat.listarUsuario(frmChat.java:897)
	at smack.config.frmChat.access$1200(frmChat.java:64)
	at smack.config.frmChat$13.entriesAdded(frmChat.java:803)
	at org.jivesoftware.smack.roster.Roster.fireRosterChangedEvent(Roster.java:1004)
	at org.jivesoftware.smack.roster.Roster.access$1900(Roster.java:79)
	at org.jivesoftware.smack.roster.Roster$RosterPushListener.handleIQRequest(Roster.java:1459)
	at org.jivesoftware.smack.AbstractXMPPConnection$2.run(AbstractXMPPConnection.java:1060)
	at java.util.concurrent.ThreadPoolExecutor.runWorker(ThreadPoolExecutor.java:1149)
	at java.util.concurrent.ThreadPoolExecutor$Worker.run(ThreadPoolExecutor.java:624)
	at java.lang.Thread.run(Thread.java:748)
68823 [Smack-Single Threaded Executor 0 (0)] ERROR br.com.log.LogDinnamus  - Registro de Exceção detectada : Thu Dec 27 11:50:04 GMT-03:00 2018
org.jivesoftware.smack.XMPPException$XMPPErrorException: XMPPError: remote-server-not-found - cancel
	at org.jivesoftware.smack.XMPPException$XMPPErrorException.ifHasErrorThenThrow(XMPPException.java:135)
	at org.jivesoftware.smack.PacketCollector.nextResultOrThrow(PacketCollector.java:232)
	at org.jivesoftware.smack.PacketCollector.nextResultOrThrow(PacketCollector.java:213)
	at org.jivesoftware.smackx.vcardtemp.VCardManager.loadVCard(VCardManager.java:125)
	at smack.config.SmackMensageria.getVCard(SmackMensageria.java:237)
	at smack.config.frmChat.atualizarJlUsuarios(frmChat.java:852)
	at smack.config.frmChat.listarUsuario(frmChat.java:897)
	at smack.config.frmChat.access$1200(frmChat.java:64)
	at smack.config.frmChat$13.presenceChanged(frmChat.java:824)
	at org.jivesoftware.smack.roster.Roster.fireRosterPresenceEvent(Roster.java:1024)
	at org.jivesoftware.smack.roster.Roster.access$1100(Roster.java:79)
	at org.jivesoftware.smack.roster.Roster$PresencePacketListener.processPacket(Roster.java:1303)
	at org.jivesoftware.smack.AbstractXMPPConnection$4.run(AbstractXMPPConnection.java:1135)
	at java.util.concurrent.ThreadPoolExecutor.runWorker(ThreadPoolExecutor.java:1149)
	at java.util.concurrent.ThreadPoolExecutor$Worker.run(ThreadPoolExecutor.java:624)
	at java.lang.Thread.run(Thread.java:748)
71773 [Smack-Single Threaded Executor 0 (0)] ERROR br.com.log.LogDinnamus  - Registro de Exceção detectada : Thu Dec 27 11:50:07 GMT-03:00 2018
java.lang.NullPointerException
	at smack.config.frmChat.atualizarJlUsuarios(frmChat.java:853)
	at smack.config.frmChat.listarUsuario(frmChat.java:897)
	at smack.config.frmChat.access$1200(frmChat.java:64)
	at smack.config.frmChat$13.presenceChanged(frmChat.java:824)
	at org.jivesoftware.smack.roster.Roster.fireRosterPresenceEvent(Roster.java:1024)
	at org.jivesoftware.smack.roster.Roster.access$1100(Roster.java:79)
	at org.jivesoftware.smack.roster.Roster$PresencePacketListener.processPacket(Roster.java:1303)
	at org.jivesoftware.smack.AbstractXMPPConnection$4.run(AbstractXMPPConnection.java:1135)
	at java.util.concurrent.ThreadPoolExecutor.runWorker(ThreadPoolExecutor.java:1149)
	at java.util.concurrent.ThreadPoolExecutor$Worker.run(ThreadPoolExecutor.java:624)
	at java.lang.Thread.run(Thread.java:748)
74756 [Smack-Single Threaded Executor 0 (0)] ERROR br.com.log.LogDinnamus  - Registro de Exceção detectada : Thu Dec 27 11:50:10 GMT-03:00 2018
org.jivesoftware.smack.XMPPException$XMPPErrorException: XMPPError: remote-server-not-found - cancel
	at org.jivesoftware.smack.XMPPException$XMPPErrorException.ifHasErrorThenThrow(XMPPException.java:135)
	at org.jivesoftware.smack.PacketCollector.nextResultOrThrow(PacketCollector.java:232)
	at org.jivesoftware.smack.PacketCollector.nextResultOrThrow(PacketCollector.java:213)
	at org.jivesoftware.smackx.vcardtemp.VCardManager.loadVCard(VCardManager.java:125)
	at smack.config.SmackMensageria.getVCard(SmackMensageria.java:237)
	at smack.config.frmChat.atualizarJlUsuarios(frmChat.java:852)
	at smack.config.frmChat.listarUsuario(frmChat.java:897)
	at smack.config.frmChat.access$1200(frmChat.java:64)
	at smack.config.frmChat$13.presenceChanged(frmChat.java:824)
	at org.jivesoftware.smack.roster.Roster.fireRosterPresenceEvent(Roster.java:1024)
	at org.jivesoftware.smack.roster.Roster.access$1100(Roster.java:79)
	at org.jivesoftware.smack.roster.Roster$PresencePacketListener.processPacket(Roster.java:1303)
	at org.jivesoftware.smack.AbstractXMPPConnection$4.run(AbstractXMPPConnection.java:1135)
	at java.util.concurrent.ThreadPoolExecutor.runWorker(ThreadPoolExecutor.java:1149)
	at java.util.concurrent.ThreadPoolExecutor$Worker.run(ThreadPoolExecutor.java:624)
	at java.lang.Thread.run(Thread.java:748)
97334 [Smack-Single Threaded Executor 0 (0)] ERROR br.com.log.LogDinnamus  - Registro de Exceção detectada : Thu Dec 27 11:50:33 GMT-03:00 2018
java.lang.NullPointerException
	at smack.config.frmChat.atualizarJlUsuarios(frmChat.java:853)
	at smack.config.frmChat.listarUsuario(frmChat.java:897)
	at smack.config.frmChat.access$1200(frmChat.java:64)
	at smack.config.frmChat$13.presenceChanged(frmChat.java:824)
	at org.jivesoftware.smack.roster.Roster.fireRosterPresenceEvent(Roster.java:1024)
	at org.jivesoftware.smack.roster.Roster.access$1100(Roster.java:79)
	at org.jivesoftware.smack.roster.Roster$PresencePacketListener.processPacket(Roster.java:1303)
	at org.jivesoftware.smack.AbstractXMPPConnection$4.run(AbstractXMPPConnection.java:1135)
	at java.util.concurrent.ThreadPoolExecutor.runWorker(ThreadPoolExecutor.java:1149)
	at java.util.concurrent.ThreadPoolExecutor$Worker.run(ThreadPoolExecutor.java:624)
	at java.lang.Thread.run(Thread.java:748)
0 [Thread-1] INFO br.com.log.LogDinnamus  - Iniciando o sistema de LogDinnamus - Thu Dec 27 11:51:17 GMT-03:00 2018
0 [Thread-1] INFO br.com.log.LogDinnamus  - Iniciando o sistema de LogDinnamus - Thu Dec 27 11:52:09 GMT-03:00 2018
0 [Thread-1] INFO br.com.log.LogDinnamus  - Iniciando o sistema de LogDinnamus - Thu Dec 27 11:54:36 GMT-03:00 2018
0 [Thread-1] INFO br.com.log.LogDinnamus  - Iniciando o sistema de LogDinnamus - Thu Dec 27 11:55:34 GMT-03:00 2018
0 [Thread-1] INFO br.com.log.LogDinnamus  - Iniciando o sistema de LogDinnamus - Thu Dec 27 11:57:40 GMT-03:00 2018
0 [Thread-1] INFO br.com.log.LogDinnamus  - Iniciando o sistema de LogDinnamus - Thu Dec 27 12:01:41 GMT-03:00 2018
51133 [Smack-Single Threaded Executor 0 (0)] ERROR br.com.log.LogDinnamus  - Registro de Exceção detectada : Thu Dec 27 12:02:33 GMT-03:00 2018
java.lang.NullPointerException
	at smack.config.frmChat.atualizarJlUsuarios(frmChat.java:853)
	at smack.config.frmChat.listarUsuario(frmChat.java:897)
	at smack.config.frmChat.access$1200(frmChat.java:64)
	at smack.config.frmChat$13.presenceChanged(frmChat.java:824)
	at org.jivesoftware.smack.roster.Roster.fireRosterPresenceEvent(Roster.java:1024)
	at org.jivesoftware.smack.roster.Roster.access$1100(Roster.java:79)
	at org.jivesoftware.smack.roster.Roster$PresencePacketListener.processPacket(Roster.java:1255)
	at org.jivesoftware.smack.AbstractXMPPConnection$4.run(AbstractXMPPConnection.java:1135)
	at java.util.concurrent.ThreadPoolExecutor.runWorker(ThreadPoolExecutor.java:1149)
	at java.util.concurrent.ThreadPoolExecutor$Worker.run(ThreadPoolExecutor.java:624)
	at java.lang.Thread.run(Thread.java:748)
0 [Thread-1] INFO br.com.log.LogDinnamus  - Iniciando o sistema de LogDinnamus - Thu Dec 27 12:05:32 GMT-03:00 2018
0 [Thread-1] INFO br.com.log.LogDinnamus  - Iniciando o sistema de LogDinnamus - Thu Dec 27 12:10:07 GMT-03:00 2018
13209 [AWT-EventQueue-0] ERROR br.com.log.LogDinnamus  - Registro de Exceção detectada : Thu Dec 27 12:10:20 GMT-03:00 2018
java.lang.NullPointerException
	at java.awt.Toolkit.createImage(Toolkit.java:1111)
	at javax.swing.ImageIcon.<init>(ImageIcon.java:286)
	at smack.config.frmChatCadastrarUsuario.atualizarFoto(frmChatCadastrarUsuario.java:347)
	at smack.config.frmChat.btDadosUsuarioActionPerformed(frmChat.java:586)
	at smack.config.frmChat.access$1000(frmChat.java:64)
	at smack.config.frmChat$11.actionPerformed(frmChat.java:419)
	at javax.swing.AbstractButton.fireActionPerformed(AbstractButton.java:2022)
	at javax.swing.AbstractButton$Handler.actionPerformed(AbstractButton.java:2348)
	at javax.swing.DefaultButtonModel.fireActionPerformed(DefaultButtonModel.java:402)
	at javax.swing.DefaultButtonModel.setPressed(DefaultButtonModel.java:259)
	at javax.swing.plaf.basic.BasicButtonListener.mouseReleased(BasicButtonListener.java:252)
	at java.awt.Component.processMouseEvent(Component.java:6539)
	at javax.swing.JComponent.processMouseEvent(JComponent.java:3324)
	at java.awt.Component.processEvent(Component.java:6304)
	at java.awt.Container.processEvent(Container.java:2239)
	at java.awt.Component.dispatchEventImpl(Component.java:4889)
	at java.awt.Container.dispatchEventImpl(Container.java:2297)
	at java.awt.Component.dispatchEvent(Component.java:4711)
	at java.awt.LightweightDispatcher.retargetMouseEvent(Container.java:4904)
	at java.awt.LightweightDispatcher.processMouseEvent(Container.java:4535)
	at java.awt.LightweightDispatcher.dispatchEvent(Container.java:4476)
	at java.awt.Container.dispatchEventImpl(Container.java:2283)
	at java.awt.Window.dispatchEventImpl(Window.java:2746)
	at java.awt.Component.dispatchEvent(Component.java:4711)
	at java.awt.EventQueue.dispatchEventImpl(EventQueue.java:760)
	at java.awt.EventQueue.access$500(EventQueue.java:97)
	at java.awt.EventQueue$3.run(EventQueue.java:709)
	at java.awt.EventQueue$3.run(EventQueue.java:703)
	at java.security.AccessController.doPrivileged(Native Method)
	at java.security.ProtectionDomain$JavaSecurityAccessImpl.doIntersectionPrivilege(ProtectionDomain.java:74)
	at java.security.ProtectionDomain$JavaSecurityAccessImpl.doIntersectionPrivilege(ProtectionDomain.java:84)
	at java.awt.EventQueue$4.run(EventQueue.java:733)
	at java.awt.EventQueue$4.run(EventQueue.java:731)
	at java.security.AccessController.doPrivileged(Native Method)
	at java.security.ProtectionDomain$JavaSecurityAccessImpl.doIntersectionPrivilege(ProtectionDomain.java:74)
	at java.awt.EventQueue.dispatchEvent(EventQueue.java:730)
	at java.awt.EventDispatchThread.pumpOneEventForFilters(EventDispatchThread.java:205)
	at java.awt.EventDispatchThread.pumpEventsForFilter(EventDispatchThread.java:116)
	at java.awt.EventDispatchThread.pumpEventsForHierarchy(EventDispatchThread.java:105)
	at java.awt.EventDispatchThread.pumpEvents(EventDispatchThread.java:101)
	at java.awt.EventDispatchThread.pumpEvents(EventDispatchThread.java:93)
	at java.awt.EventDispatchThread.run(EventDispatchThread.java:82)
0 [Thread-1] INFO br.com.log.LogDinnamus  - Iniciando o sistema de LogDinnamus - Thu Dec 27 12:16:48 GMT-03:00 2018
0 [Thread-1] INFO br.com.log.LogDinnamus  - Iniciando o sistema de LogDinnamus - Thu Dec 27 12:17:55 GMT-03:00 2018
0 [Thread-1] INFO br.com.log.LogDinnamus  - Iniciando o sistema de LogDinnamus - Thu Dec 27 12:19:55 GMT-03:00 2018
