0 [AWT-EventQueue-0] INFO br.com.log.LogDinnamus  - Iniciando o sistema de LogDinnamus - Fri Dec 14 12:08:45 GMT-03:00 2018
0 [AWT-EventQueue-0] INFO br.com.log.LogDinnamus  - Iniciando o sistema de LogDinnamus - Fri Dec 14 12:10:10 GMT-03:00 2018
0 [AWT-EventQueue-0] INFO br.com.log.LogDinnamus  - Iniciando o sistema de LogDinnamus - Fri Dec 14 12:18:47 GMT-03:00 2018
0 [AWT-EventQueue-0] INFO br.com.log.LogDinnamus  - Iniciando o sistema de LogDinnamus - Fri Dec 14 12:19:02 GMT-03:00 2018
150568 [Smack-Single Threaded Executor 0 (0)] ERROR br.com.log.LogDinnamus  - Registro de Exceção detectada : Fri Dec 14 12:21:17 GMT-03:00 2018
java.lang.ArrayIndexOutOfBoundsException: 2 >= 2
	at java.util.Vector.elementAt(Vector.java:477)
	at javax.swing.DefaultListModel.getElementAt(DefaultListModel.java:89)
	at smack.br.ui.SmackListRenderMensagem.getListCellRendererComponent(SmackListRenderMensagem.java:31)
	at javax.swing.plaf.basic.BasicListUI.updateLayoutState(BasicListUI.java:1361)
	at javax.swing.plaf.basic.BasicListUI.maybeUpdateLayoutState(BasicListUI.java:1311)
	at javax.swing.plaf.basic.BasicListUI$Handler.valueChanged(BasicListUI.java:2623)
	at javax.swing.DefaultListSelectionModel.fireValueChanged(DefaultListSelectionModel.java:184)
	at javax.swing.DefaultListSelectionModel.fireValueChanged(DefaultListSelectionModel.java:164)
	at javax.swing.DefaultListSelectionModel.fireValueChanged(DefaultListSelectionModel.java:211)
	at javax.swing.DefaultListSelectionModel.changeSelection(DefaultListSelectionModel.java:405)
	at javax.swing.DefaultListSelectionModel.changeSelection(DefaultListSelectionModel.java:415)
	at javax.swing.DefaultListSelectionModel.removeSelectionIntervalImpl(DefaultListSelectionModel.java:576)
	at javax.swing.DefaultListSelectionModel.clearSelection(DefaultListSelectionModel.java:420)
	at javax.swing.JList.clearSelection(JList.java:2049)
	at javax.swing.JList.setModel(JList.java:1683)
	at smack.config.frmChat.atualizarJlMensagens(frmChat.java:526)
	at smack.config.frmChat.access$500(frmChat.java:30)
	at smack.config.frmChat$5$1.processMessage(frmChat.java:567)
	at org.jivesoftware.smack.chat.Chat.deliver(Chat.java:180)
	at org.jivesoftware.smack.chat.ChatManager.deliverMessage(ChatManager.java:351)
	at org.jivesoftware.smack.chat.ChatManager.access$300(ChatManager.java:53)
	at org.jivesoftware.smack.chat.ChatManager$2.processPacket(ChatManager.java:162)
	at org.jivesoftware.smack.AbstractXMPPConnection$4.run(AbstractXMPPConnection.java:1135)
	at java.util.concurrent.ThreadPoolExecutor.runWorker(ThreadPoolExecutor.java:1149)
	at java.util.concurrent.ThreadPoolExecutor$Worker.run(ThreadPoolExecutor.java:624)
	at java.lang.Thread.run(Thread.java:748)
197321 [Smack-Single Threaded Executor 0 (0)] ERROR br.com.log.LogDinnamus  - Registro de Exceção detectada : Fri Dec 14 12:22:04 GMT-03:00 2018
java.lang.ArrayIndexOutOfBoundsException: 5 >= 5
	at java.util.Vector.elementAt(Vector.java:477)
	at javax.swing.DefaultListModel.getElementAt(DefaultListModel.java:89)
	at smack.br.ui.SmackListRenderMensagem.getListCellRendererComponent(SmackListRenderMensagem.java:31)
	at javax.swing.plaf.basic.BasicListUI.updateLayoutState(BasicListUI.java:1361)
	at javax.swing.plaf.basic.BasicListUI.maybeUpdateLayoutState(BasicListUI.java:1311)
	at javax.swing.plaf.basic.BasicListUI$Handler.valueChanged(BasicListUI.java:2623)
	at javax.swing.DefaultListSelectionModel.fireValueChanged(DefaultListSelectionModel.java:184)
	at javax.swing.DefaultListSelectionModel.fireValueChanged(DefaultListSelectionModel.java:164)
	at javax.swing.DefaultListSelectionModel.fireValueChanged(DefaultListSelectionModel.java:211)
	at javax.swing.DefaultListSelectionModel.changeSelection(DefaultListSelectionModel.java:405)
	at javax.swing.DefaultListSelectionModel.changeSelection(DefaultListSelectionModel.java:415)
	at javax.swing.DefaultListSelectionModel.removeSelectionIntervalImpl(DefaultListSelectionModel.java:576)
	at javax.swing.DefaultListSelectionModel.clearSelection(DefaultListSelectionModel.java:420)
	at javax.swing.JList.clearSelection(JList.java:2049)
	at javax.swing.JList.setModel(JList.java:1683)
	at smack.config.frmChat.atualizarJlMensagens(frmChat.java:526)
	at smack.config.frmChat.access$500(frmChat.java:30)
	at smack.config.frmChat$5$1.processMessage(frmChat.java:567)
	at org.jivesoftware.smack.chat.Chat.deliver(Chat.java:180)
	at org.jivesoftware.smack.chat.ChatManager.deliverMessage(ChatManager.java:351)
	at org.jivesoftware.smack.chat.ChatManager.access$300(ChatManager.java:53)
	at org.jivesoftware.smack.chat.ChatManager$2.processPacket(ChatManager.java:162)
	at org.jivesoftware.smack.AbstractXMPPConnection$4.run(AbstractXMPPConnection.java:1135)
	at java.util.concurrent.ThreadPoolExecutor.runWorker(ThreadPoolExecutor.java:1149)
	at java.util.concurrent.ThreadPoolExecutor$Worker.run(ThreadPoolExecutor.java:624)
	at java.lang.Thread.run(Thread.java:748)
0 [AWT-EventQueue-0] INFO br.com.log.LogDinnamus  - Iniciando o sistema de LogDinnamus - Fri Dec 14 12:22:39 GMT-03:00 2018
0 [AWT-EventQueue-0] INFO br.com.log.LogDinnamus  - Iniciando o sistema de LogDinnamus - Fri Dec 14 12:22:58 GMT-03:00 2018
0 [AWT-EventQueue-0] INFO br.com.log.LogDinnamus  - Iniciando o sistema de LogDinnamus - Fri Dec 14 12:24:45 GMT-03:00 2018
0 [AWT-EventQueue-0] INFO br.com.log.LogDinnamus  - Iniciando o sistema de LogDinnamus - Fri Dec 14 12:25:09 GMT-03:00 2018
0 [AWT-EventQueue-0] INFO br.com.log.LogDinnamus  - Iniciando o sistema de LogDinnamus - Fri Dec 14 12:27:44 GMT-03:00 2018
0 [AWT-EventQueue-0] INFO br.com.log.LogDinnamus  - Iniciando o sistema de LogDinnamus - Fri Dec 14 12:27:57 GMT-03:00 2018
0 [AWT-EventQueue-0] INFO br.com.log.LogDinnamus  - Iniciando o sistema de LogDinnamus - Fri Dec 14 12:42:12 GMT-03:00 2018
0 [AWT-EventQueue-0] INFO br.com.log.LogDinnamus  - Iniciando o sistema de LogDinnamus - Fri Dec 14 12:42:32 GMT-03:00 2018
30097 [AWT-EventQueue-0] ERROR br.com.log.LogDinnamus  - Registro de Exceção detectada : Fri Dec 14 12:43:02 GMT-03:00 2018
java.lang.NullPointerException
	at smack.config.frmChat.processarMensagemEnviada(frmChat.java:544)
	at smack.config.frmChat.btEnviarActionPerformed(frmChat.java:400)
	at smack.config.frmChat.access$100(frmChat.java:30)
	at smack.config.frmChat$2.actionPerformed(frmChat.java:220)
	at javax.swing.AbstractButton.fireActionPerformed(AbstractButton.java:2022)
	at javax.swing.AbstractButton$Handler.actionPerformed(AbstractButton.java:2348)
	at javax.swing.DefaultButtonModel.fireActionPerformed(DefaultButtonModel.java:402)
	at javax.swing.DefaultButtonModel.setPressed(DefaultButtonModel.java:259)
	at javax.swing.plaf.basic.BasicButtonListener.mouseReleased(BasicButtonListener.java:252)
	at java.awt.Component.processMouseEvent(Component.java:6539)
	at javax.swing.JComponent.processMouseEvent(JComponent.java:3324)
	at java.awt.Component.processEvent(Component.java:6304)
	at java.awt.Container.processEvent(Container.java:2239)
	at java.awt.Component.dispatchEventImpl(Component.java:4889)
	at java.awt.Container.dispatchEventImpl(Container.java:2297)
	at java.awt.Component.dispatchEvent(Component.java:4711)
	at java.awt.LightweightDispatcher.retargetMouseEvent(Container.java:4904)
	at java.awt.LightweightDispatcher.processMouseEvent(Container.java:4535)
	at java.awt.LightweightDispatcher.dispatchEvent(Container.java:4476)
	at java.awt.Container.dispatchEventImpl(Container.java:2283)
	at java.awt.Window.dispatchEventImpl(Window.java:2746)
	at java.awt.Component.dispatchEvent(Component.java:4711)
	at java.awt.EventQueue.dispatchEventImpl(EventQueue.java:760)
	at java.awt.EventQueue.access$500(EventQueue.java:97)
	at java.awt.EventQueue$3.run(EventQueue.java:709)
	at java.awt.EventQueue$3.run(EventQueue.java:703)
	at java.security.AccessController.doPrivileged(Native Method)
	at java.security.ProtectionDomain$JavaSecurityAccessImpl.doIntersectionPrivilege(ProtectionDomain.java:74)
	at java.security.ProtectionDomain$JavaSecurityAccessImpl.doIntersectionPrivilege(ProtectionDomain.java:84)
	at java.awt.EventQueue$4.run(EventQueue.java:733)
	at java.awt.EventQueue$4.run(EventQueue.java:731)
	at java.security.AccessController.doPrivileged(Native Method)
	at java.security.ProtectionDomain$JavaSecurityAccessImpl.doIntersectionPrivilege(ProtectionDomain.java:74)
	at java.awt.EventQueue.dispatchEvent(EventQueue.java:730)
	at java.awt.EventDispatchThread.pumpOneEventForFilters(EventDispatchThread.java:205)
	at java.awt.EventDispatchThread.pumpEventsForFilter(EventDispatchThread.java:116)
	at java.awt.EventDispatchThread.pumpEventsForFilter(EventDispatchThread.java:109)
	at java.awt.WaitDispatchSupport$2.run(WaitDispatchSupport.java:190)
	at java.awt.WaitDispatchSupport$4.run(WaitDispatchSupport.java:235)
	at java.awt.WaitDispatchSupport$4.run(WaitDispatchSupport.java:233)
	at java.security.AccessController.doPrivileged(Native Method)
	at java.awt.WaitDispatchSupport.enter(WaitDispatchSupport.java:233)
	at java.awt.Dialog.show(Dialog.java:1084)
	at java.awt.Component.show(Component.java:1671)
	at java.awt.Component.setVisible(Component.java:1623)
	at java.awt.Window.setVisible(Window.java:1014)
	at java.awt.Dialog.setVisible(Dialog.java:1005)
	at smack.config.frmChat$6.run(frmChat.java:702)
	at java.awt.event.InvocationEvent.dispatch(InvocationEvent.java:311)
	at java.awt.EventQueue.dispatchEventImpl(EventQueue.java:758)
	at java.awt.EventQueue.access$500(EventQueue.java:97)
	at java.awt.EventQueue$3.run(EventQueue.java:709)
	at java.awt.EventQueue$3.run(EventQueue.java:703)
	at java.security.AccessController.doPrivileged(Native Method)
	at java.security.ProtectionDomain$JavaSecurityAccessImpl.doIntersectionPrivilege(ProtectionDomain.java:74)
	at java.awt.EventQueue.dispatchEvent(EventQueue.java:728)
	at java.awt.EventDispatchThread.pumpOneEventForFilters(EventDispatchThread.java:205)
	at java.awt.EventDispatchThread.pumpEventsForFilter(EventDispatchThread.java:116)
	at java.awt.EventDispatchThread.pumpEventsForHierarchy(EventDispatchThread.java:105)
	at java.awt.EventDispatchThread.pumpEvents(EventDispatchThread.java:101)
	at java.awt.EventDispatchThread.pumpEvents(EventDispatchThread.java:93)
	at java.awt.EventDispatchThread.run(EventDispatchThread.java:82)
30101 [AWT-EventQueue-0] ERROR br.com.log.LogDinnamus  - Registro de Exceção detectada : Fri Dec 14 12:43:02 GMT-03:00 2018
java.lang.NullPointerException
	at smack.config.frmChat.atualizarJlMensagens(frmChat.java:517)
	at smack.config.frmChat.btEnviarActionPerformed(frmChat.java:401)
	at smack.config.frmChat.access$100(frmChat.java:30)
	at smack.config.frmChat$2.actionPerformed(frmChat.java:220)
	at javax.swing.AbstractButton.fireActionPerformed(AbstractButton.java:2022)
	at javax.swing.AbstractButton$Handler.actionPerformed(AbstractButton.java:2348)
	at javax.swing.DefaultButtonModel.fireActionPerformed(DefaultButtonModel.java:402)
	at javax.swing.DefaultButtonModel.setPressed(DefaultButtonModel.java:259)
	at javax.swing.plaf.basic.BasicButtonListener.mouseReleased(BasicButtonListener.java:252)
	at java.awt.Component.processMouseEvent(Component.java:6539)
	at javax.swing.JComponent.processMouseEvent(JComponent.java:3324)
	at java.awt.Component.processEvent(Component.java:6304)
	at java.awt.Container.processEvent(Container.java:2239)
	at java.awt.Component.dispatchEventImpl(Component.java:4889)
	at java.awt.Container.dispatchEventImpl(Container.java:2297)
	at java.awt.Component.dispatchEvent(Component.java:4711)
	at java.awt.LightweightDispatcher.retargetMouseEvent(Container.java:4904)
	at java.awt.LightweightDispatcher.processMouseEvent(Container.java:4535)
	at java.awt.LightweightDispatcher.dispatchEvent(Container.java:4476)
	at java.awt.Container.dispatchEventImpl(Container.java:2283)
	at java.awt.Window.dispatchEventImpl(Window.java:2746)
	at java.awt.Component.dispatchEvent(Component.java:4711)
	at java.awt.EventQueue.dispatchEventImpl(EventQueue.java:760)
	at java.awt.EventQueue.access$500(EventQueue.java:97)
	at java.awt.EventQueue$3.run(EventQueue.java:709)
	at java.awt.EventQueue$3.run(EventQueue.java:703)
	at java.security.AccessController.doPrivileged(Native Method)
	at java.security.ProtectionDomain$JavaSecurityAccessImpl.doIntersectionPrivilege(ProtectionDomain.java:74)
	at java.security.ProtectionDomain$JavaSecurityAccessImpl.doIntersectionPrivilege(ProtectionDomain.java:84)
	at java.awt.EventQueue$4.run(EventQueue.java:733)
	at java.awt.EventQueue$4.run(EventQueue.java:731)
	at java.security.AccessController.doPrivileged(Native Method)
	at java.security.ProtectionDomain$JavaSecurityAccessImpl.doIntersectionPrivilege(ProtectionDomain.java:74)
	at java.awt.EventQueue.dispatchEvent(EventQueue.java:730)
	at java.awt.EventDispatchThread.pumpOneEventForFilters(EventDispatchThread.java:205)
	at java.awt.EventDispatchThread.pumpEventsForFilter(EventDispatchThread.java:116)
	at java.awt.EventDispatchThread.pumpEventsForFilter(EventDispatchThread.java:109)
	at java.awt.WaitDispatchSupport$2.run(WaitDispatchSupport.java:190)
	at java.awt.WaitDispatchSupport$4.run(WaitDispatchSupport.java:235)
	at java.awt.WaitDispatchSupport$4.run(WaitDispatchSupport.java:233)
	at java.security.AccessController.doPrivileged(Native Method)
	at java.awt.WaitDispatchSupport.enter(WaitDispatchSupport.java:233)
	at java.awt.Dialog.show(Dialog.java:1084)
	at java.awt.Component.show(Component.java:1671)
	at java.awt.Component.setVisible(Component.java:1623)
	at java.awt.Window.setVisible(Window.java:1014)
	at java.awt.Dialog.setVisible(Dialog.java:1005)
	at smack.config.frmChat$6.run(frmChat.java:702)
	at java.awt.event.InvocationEvent.dispatch(InvocationEvent.java:311)
	at java.awt.EventQueue.dispatchEventImpl(EventQueue.java:758)
	at java.awt.EventQueue.access$500(EventQueue.java:97)
	at java.awt.EventQueue$3.run(EventQueue.java:709)
	at java.awt.EventQueue$3.run(EventQueue.java:703)
	at java.security.AccessController.doPrivileged(Native Method)
	at java.security.ProtectionDomain$JavaSecurityAccessImpl.doIntersectionPrivilege(ProtectionDomain.java:74)
	at java.awt.EventQueue.dispatchEvent(EventQueue.java:728)
	at java.awt.EventDispatchThread.pumpOneEventForFilters(EventDispatchThread.java:205)
	at java.awt.EventDispatchThread.pumpEventsForFilter(EventDispatchThread.java:116)
	at java.awt.EventDispatchThread.pumpEventsForHierarchy(EventDispatchThread.java:105)
	at java.awt.EventDispatchThread.pumpEvents(EventDispatchThread.java:101)
	at java.awt.EventDispatchThread.pumpEvents(EventDispatchThread.java:93)
	at java.awt.EventDispatchThread.run(EventDispatchThread.java:82)
0 [AWT-EventQueue-0] INFO br.com.log.LogDinnamus  - Iniciando o sistema de LogDinnamus - Fri Dec 14 12:43:55 GMT-03:00 2018
0 [AWT-EventQueue-0] INFO br.com.log.LogDinnamus  - Iniciando o sistema de LogDinnamus - Fri Dec 14 12:44:05 GMT-03:00 2018
