0 [main] INFO br.com.log.LogDinnamus  - Iniciando o sistema de LogDinnamus - Sat Nov 10 19:37:16 GMT-03:00 2018
297 [main] ERROR br.com.log.LogDinnamus  - Registro de ExceÁ„o detectada : Sat Nov 10 19:37:17 GMT-03:00 2018
java.lang.IllegalArgumentException: Must provide XMPP service name
	at org.jivesoftware.smack.ConnectionConfiguration.<init>(ConnectionConfiguration.java:105)
	at org.jivesoftware.smack.tcp.XMPPTCPConnectionConfiguration.<init>(XMPPTCPConnectionConfiguration.java:52)
	at org.jivesoftware.smack.tcp.XMPPTCPConnectionConfiguration.<init>(XMPPTCPConnectionConfiguration.java:36)
	at org.jivesoftware.smack.tcp.XMPPTCPConnectionConfiguration$Builder.build(XMPPTCPConnectionConfiguration.java:126)
	at smack.config.SmackConfigurar.getConfiguracao(SmackConfigurar.java:26)
	at smack.config.SmackConfigurarTest.testGetConfiguracao(SmackConfigurarTest.java:70)
	at sun.reflect.NativeMethodAccessorImpl.invoke0(Native Method)
	at sun.reflect.NativeMethodAccessorImpl.invoke(NativeMethodAccessorImpl.java:62)
	at sun.reflect.DelegatingMethodAccessorImpl.invoke(DelegatingMethodAccessorImpl.java:43)
	at java.lang.reflect.Method.invoke(Method.java:498)
	at org.junit.runners.model.FrameworkMethod$1.runReflectiveCall(FrameworkMethod.java:50)
	at org.junit.internal.runners.model.ReflectiveCallable.run(ReflectiveCallable.java:12)
	at org.junit.runners.model.FrameworkMethod.invokeExplosively(FrameworkMethod.java:47)
	at org.junit.internal.runners.statements.InvokeMethod.evaluate(InvokeMethod.java:17)
	at org.junit.internal.runners.statements.RunBefores.evaluate(RunBefores.java:26)
	at org.junit.internal.runners.statements.RunAfters.evaluate(RunAfters.java:27)
	at org.junit.runners.ParentRunner.runLeaf(ParentRunner.java:325)
	at org.junit.runners.BlockJUnit4ClassRunner.runChild(BlockJUnit4ClassRunner.java:78)
	at org.junit.runners.BlockJUnit4ClassRunner.runChild(BlockJUnit4ClassRunner.java:57)
	at org.junit.runners.ParentRunner$3.run(ParentRunner.java:290)
	at org.junit.runners.ParentRunner$1.schedule(ParentRunner.java:71)
	at org.junit.runners.ParentRunner.runChildren(ParentRunner.java:288)
	at org.junit.runners.ParentRunner.access$000(ParentRunner.java:58)
	at org.junit.runners.ParentRunner$2.evaluate(ParentRunner.java:268)
	at org.junit.internal.runners.statements.RunBefores.evaluate(RunBefores.java:26)
	at org.junit.internal.runners.statements.RunAfters.evaluate(RunAfters.java:27)
	at org.junit.runners.ParentRunner.run(ParentRunner.java:363)
	at junit.framework.JUnit4TestAdapter.run(JUnit4TestAdapter.java:38)
	at org.apache.tools.ant.taskdefs.optional.junit.JUnitTestRunner.run(JUnitTestRunner.java:532)
	at org.apache.tools.ant.taskdefs.optional.junit.JUnitTestRunner.launch(JUnitTestRunner.java:1179)
	at org.apache.tools.ant.taskdefs.optional.junit.JUnitTestRunner.main(JUnitTestRunner.java:1030)
0 [main] INFO br.com.log.LogDinnamus  - Iniciando o sistema de LogDinnamus - Sat Nov 10 19:41:16 GMT-03:00 2018
0 [main] INFO br.com.log.LogDinnamus  - Iniciando o sistema de LogDinnamus - Sat Nov 10 20:11:47 GMT-03:00 2018
0 [main] INFO br.com.log.LogDinnamus  - Iniciando o sistema de LogDinnamus - Sat Nov 10 20:15:26 GMT-03:00 2018
0 [main] INFO br.com.log.LogDinnamus  - Iniciando o sistema de LogDinnamus - Sat Nov 10 20:16:01 GMT-03:00 2018
0 [main] INFO br.com.log.LogDinnamus  - Iniciando o sistema de LogDinnamus - Sat Nov 10 20:16:31 GMT-03:00 2018
0 [main] INFO br.com.log.LogDinnamus  - Iniciando o sistema de LogDinnamus - Sat Nov 10 20:16:57 GMT-03:00 2018
0 [main] INFO br.com.log.LogDinnamus  - Iniciando o sistema de LogDinnamus - Sat Nov 10 20:24:39 GMT-03:00 2018
0 [main] INFO br.com.log.LogDinnamus  - Iniciando o sistema de LogDinnamus - Sat Nov 10 20:25:03 GMT-03:00 2018
0 [main] INFO br.com.log.LogDinnamus  - Iniciando o sistema de LogDinnamus - Sat Nov 10 20:25:47 GMT-03:00 2018
0 [main] INFO br.com.log.LogDinnamus  - Iniciando o sistema de LogDinnamus - Sat Nov 10 20:26:03 GMT-03:00 2018
0 [main] INFO br.com.log.LogDinnamus  - Iniciando o sistema de LogDinnamus - Sat Nov 10 20:27:08 GMT-03:00 2018
0 [main] INFO br.com.log.LogDinnamus  - Iniciando o sistema de LogDinnamus - Sat Nov 10 20:27:35 GMT-03:00 2018
0 [main] INFO br.com.log.LogDinnamus  - Iniciando o sistema de LogDinnamus - Sat Nov 10 20:29:46 GMT-03:00 2018
0 [main] INFO br.com.log.LogDinnamus  - Iniciando o sistema de LogDinnamus - Sat Nov 10 20:35:37 GMT-03:00 2018
0 [main] INFO br.com.log.LogDinnamus  - Iniciando o sistema de LogDinnamus - Sat Nov 10 20:38:08 GMT-03:00 2018
0 [main] INFO br.com.log.LogDinnamus  - Iniciando o sistema de LogDinnamus - Sat Nov 10 20:38:31 GMT-03:00 2018
0 [main] INFO br.com.log.LogDinnamus  - Iniciando o sistema de LogDinnamus - Sat Nov 10 20:38:53 GMT-03:00 2018
0 [main] INFO br.com.log.LogDinnamus  - Iniciando o sistema de LogDinnamus - Sat Nov 10 20:40:10 GMT-03:00 2018
0 [main] INFO br.com.log.LogDinnamus  - Iniciando o sistema de LogDinnamus - Sat Nov 10 20:40:45 GMT-03:00 2018
0 [main] INFO br.com.log.LogDinnamus  - Iniciando o sistema de LogDinnamus - Sat Nov 10 20:50:02 GMT-03:00 2018
0 [main] INFO br.com.log.LogDinnamus  - Iniciando o sistema de LogDinnamus - Sat Nov 10 20:50:42 GMT-03:00 2018
0 [main] INFO br.com.log.LogDinnamus  - Iniciando o sistema de LogDinnamus - Sat Nov 10 20:53:20 GMT-03:00 2018
0 [main] INFO br.com.log.LogDinnamus  - Iniciando o sistema de LogDinnamus - Sat Nov 10 20:54:10 GMT-03:00 2018
0 [main] INFO br.com.log.LogDinnamus  - Iniciando o sistema de LogDinnamus - Sat Nov 10 20:54:16 GMT-03:00 2018
0 [main] INFO br.com.log.LogDinnamus  - Iniciando o sistema de LogDinnamus - Sat Nov 10 20:55:11 GMT-03:00 2018
0 [main] INFO br.com.log.LogDinnamus  - Iniciando o sistema de LogDinnamus - Sat Nov 10 20:56:43 GMT-03:00 2018
0 [main] INFO br.com.log.LogDinnamus  - Iniciando o sistema de LogDinnamus - Sat Nov 10 20:57:23 GMT-03:00 2018
0 [main] INFO br.com.log.LogDinnamus  - Iniciando o sistema de LogDinnamus - Sat Nov 10 20:58:44 GMT-03:00 2018
0 [main] INFO br.com.log.LogDinnamus  - Iniciando o sistema de LogDinnamus - Sat Nov 10 21:00:17 GMT-03:00 2018
0 [main] INFO br.com.log.LogDinnamus  - Iniciando o sistema de LogDinnamus - Sat Nov 10 21:00:44 GMT-03:00 2018
0 [main] INFO br.com.log.LogDinnamus  - Iniciando o sistema de LogDinnamus - Sat Nov 10 21:02:27 GMT-03:00 2018
0 [main] INFO br.com.log.LogDinnamus  - Iniciando o sistema de LogDinnamus - Sat Nov 10 21:03:28 GMT-03:00 2018
0 [main] INFO br.com.log.LogDinnamus  - Iniciando o sistema de LogDinnamus - Sat Nov 10 21:05:05 GMT-03:00 2018
0 [main] INFO br.com.log.LogDinnamus  - Iniciando o sistema de LogDinnamus - Sat Nov 10 21:05:39 GMT-03:00 2018
0 [main] INFO br.com.log.LogDinnamus  - Iniciando o sistema de LogDinnamus - Sat Nov 10 21:10:13 GMT-03:00 2018
0 [main] INFO br.com.log.LogDinnamus  - Iniciando o sistema de LogDinnamus - Sat Nov 10 21:11:17 GMT-03:00 2018
453 [main] ERROR br.com.log.LogDinnamus  - Registro de Exce√ß√£o detectada : Sat Nov 10 21:11:18 GMT-03:00 2018
org.jivesoftware.smack.XMPPException$XMPPErrorException: XMPPError: conflict - cancel
	at org.jivesoftware.smack.XMPPException$XMPPErrorException.ifHasErrorThenThrow(XMPPException.java:135)
	at org.jivesoftware.smack.PacketCollector.nextResultOrThrow(PacketCollector.java:232)
	at org.jivesoftware.smack.PacketCollector.nextResultOrThrow(PacketCollector.java:213)
	at org.jivesoftware.smackx.iqregister.AccountManager.createAccount(AccountManager.java:272)
	at org.jivesoftware.smackx.iqregister.AccountManager.createAccount(AccountManager.java:244)
	at smack.config.SmackConfigurar.main(SmackConfigurar.java:89)
0 [main] INFO br.com.log.LogDinnamus  - Iniciando o sistema de LogDinnamus - Sat Nov 10 21:11:45 GMT-03:00 2018
641 [main] ERROR br.com.log.LogDinnamus  - Registro de Exce√ß√£o detectada : Sat Nov 10 21:11:46 GMT-03:00 2018
org.jivesoftware.smack.XMPPException$XMPPErrorException: XMPPError: conflict - cancel
	at org.jivesoftware.smack.XMPPException$XMPPErrorException.ifHasErrorThenThrow(XMPPException.java:135)
	at org.jivesoftware.smack.PacketCollector.nextResultOrThrow(PacketCollector.java:232)
	at org.jivesoftware.smack.PacketCollector.nextResultOrThrow(PacketCollector.java:213)
	at org.jivesoftware.smackx.iqregister.AccountManager.createAccount(AccountManager.java:272)
	at org.jivesoftware.smackx.iqregister.AccountManager.createAccount(AccountManager.java:244)
	at smack.config.SmackConfigurar.main(SmackConfigurar.java:89)
0 [main] INFO br.com.log.LogDinnamus  - Iniciando o sistema de LogDinnamus - Sat Nov 10 21:12:43 GMT-03:00 2018
0 [main] INFO br.com.log.LogDinnamus  - Iniciando o sistema de LogDinnamus - Sat Nov 10 21:13:15 GMT-03:00 2018
0 [main] INFO br.com.log.LogDinnamus  - Iniciando o sistema de LogDinnamus - Sat Nov 10 21:13:31 GMT-03:00 2018
0 [main] INFO br.com.log.LogDinnamus  - Iniciando o sistema de LogDinnamus - Sat Nov 10 21:14:15 GMT-03:00 2018
0 [main] INFO br.com.log.LogDinnamus  - Iniciando o sistema de LogDinnamus - Sat Nov 10 21:14:30 GMT-03:00 2018
0 [main] INFO br.com.log.LogDinnamus  - Iniciando o sistema de LogDinnamus - Sat Nov 10 21:25:15 GMT-03:00 2018
0 [main] INFO br.com.log.LogDinnamus  - Iniciando o sistema de LogDinnamus - Sat Nov 10 21:25:28 GMT-03:00 2018
0 [main] INFO br.com.log.LogDinnamus  - Iniciando o sistema de LogDinnamus - Sat Nov 10 21:25:41 GMT-03:00 2018
0 [main] INFO br.com.log.LogDinnamus  - Iniciando o sistema de LogDinnamus - Sat Nov 10 23:24:31 GMT-03:00 2018
0 [main] INFO br.com.log.LogDinnamus  - Iniciando o sistema de LogDinnamus - Sat Nov 10 23:25:43 GMT-03:00 2018
