0 [AWT-EventQueue-0] INFO br.com.log.LogDinnamus  - Iniciando o sistema de LogDinnamus - Sat Dec 15 10:00:25 GMT-03:00 2018
0 [AWT-EventQueue-0] INFO br.com.log.LogDinnamus  - Iniciando o sistema de LogDinnamus - Sat Dec 15 10:02:01 GMT-03:00 2018
0 [AWT-EventQueue-0] INFO br.com.log.LogDinnamus  - Iniciando o sistema de LogDinnamus - Sat Dec 15 10:10:41 GMT-03:00 2018
0 [AWT-EventQueue-0] INFO br.com.log.LogDinnamus  - Iniciando o sistema de LogDinnamus - Sat Dec 15 10:11:08 GMT-03:00 2018
0 [AWT-EventQueue-0] INFO br.com.log.LogDinnamus  - Iniciando o sistema de LogDinnamus - Sat Dec 15 10:22:51 GMT-03:00 2018
0 [AWT-EventQueue-0] INFO br.com.log.LogDinnamus  - Iniciando o sistema de LogDinnamus - Sat Dec 15 10:25:47 GMT-03:00 2018
0 [AWT-EventQueue-0] INFO br.com.log.LogDinnamus  - Iniciando o sistema de LogDinnamus - Sat Dec 15 10:26:57 GMT-03:00 2018
0 [AWT-EventQueue-0] INFO br.com.log.LogDinnamus  - Iniciando o sistema de LogDinnamus - Sat Dec 15 10:29:09 GMT-03:00 2018
0 [AWT-EventQueue-0] INFO br.com.log.LogDinnamus  - Iniciando o sistema de LogDinnamus - Sat Dec 15 10:29:54 GMT-03:00 2018
0 [AWT-EventQueue-0] INFO br.com.log.LogDinnamus  - Iniciando o sistema de LogDinnamus - Sat Dec 15 10:36:21 GMT-03:00 2018
0 [AWT-EventQueue-0] INFO br.com.log.LogDinnamus  - Iniciando o sistema de LogDinnamus - Sat Dec 15 10:36:39 GMT-03:00 2018
0 [AWT-EventQueue-0] INFO br.com.log.LogDinnamus  - Iniciando o sistema de LogDinnamus - Sat Dec 15 10:40:08 GMT-03:00 2018
0 [AWT-EventQueue-0] INFO br.com.log.LogDinnamus  - Iniciando o sistema de LogDinnamus - Sat Dec 15 10:40:25 GMT-03:00 2018
0 [AWT-EventQueue-0] INFO br.com.log.LogDinnamus  - Iniciando o sistema de LogDinnamus - Sat Dec 15 10:41:49 GMT-03:00 2018
0 [AWT-EventQueue-0] INFO br.com.log.LogDinnamus  - Iniciando o sistema de LogDinnamus - Sat Dec 15 10:41:56 GMT-03:00 2018
0 [AWT-EventQueue-0] INFO br.com.log.LogDinnamus  - Iniciando o sistema de LogDinnamus - Sat Dec 15 10:55:32 GMT-03:00 2018
0 [AWT-EventQueue-0] INFO br.com.log.LogDinnamus  - Iniciando o sistema de LogDinnamus - Sat Dec 15 10:56:26 GMT-03:00 2018
0 [AWT-EventQueue-0] INFO br.com.log.LogDinnamus  - Iniciando o sistema de LogDinnamus - Sat Dec 15 10:57:00 GMT-03:00 2018
0 [AWT-EventQueue-0] INFO br.com.log.LogDinnamus  - Iniciando o sistema de LogDinnamus - Sat Dec 15 11:00:41 GMT-03:00 2018
0 [AWT-EventQueue-0] INFO br.com.log.LogDinnamus  - Iniciando o sistema de LogDinnamus - Sat Dec 15 11:01:31 GMT-03:00 2018
0 [AWT-EventQueue-0] INFO br.com.log.LogDinnamus  - Iniciando o sistema de LogDinnamus - Sat Dec 15 11:04:26 GMT-03:00 2018
0 [AWT-EventQueue-0] INFO br.com.log.LogDinnamus  - Iniciando o sistema de LogDinnamus - Sat Dec 15 11:04:58 GMT-03:00 2018
0 [AWT-EventQueue-0] INFO br.com.log.LogDinnamus  - Iniciando o sistema de LogDinnamus - Sat Dec 15 11:05:49 GMT-03:00 2018
0 [AWT-EventQueue-0] INFO br.com.log.LogDinnamus  - Iniciando o sistema de LogDinnamus - Sat Dec 15 11:07:30 GMT-03:00 2018
0 [AWT-EventQueue-0] INFO br.com.log.LogDinnamus  - Iniciando o sistema de LogDinnamus - Sat Dec 15 11:07:47 GMT-03:00 2018
0 [AWT-EventQueue-0] INFO br.com.log.LogDinnamus  - Iniciando o sistema de LogDinnamus - Sat Dec 15 11:08:11 GMT-03:00 2018
0 [AWT-EventQueue-0] INFO br.com.log.LogDinnamus  - Iniciando o sistema de LogDinnamus - Sat Dec 15 11:08:19 GMT-03:00 2018
0 [AWT-EventQueue-0] INFO br.com.log.LogDinnamus  - Iniciando o sistema de LogDinnamus - Sat Dec 15 11:09:06 GMT-03:00 2018
0 [AWT-EventQueue-0] INFO br.com.log.LogDinnamus  - Iniciando o sistema de LogDinnamus - Sat Dec 15 11:09:32 GMT-03:00 2018
0 [AWT-EventQueue-0] INFO br.com.log.LogDinnamus  - Iniciando o sistema de LogDinnamus - Sat Dec 15 11:10:42 GMT-03:00 2018
0 [AWT-EventQueue-0] INFO br.com.log.LogDinnamus  - Iniciando o sistema de LogDinnamus - Sat Dec 15 11:32:50 GMT-03:00 2018
0 [AWT-EventQueue-0] INFO br.com.log.LogDinnamus  - Iniciando o sistema de LogDinnamus - Sat Dec 15 11:33:20 GMT-03:00 2018
0 [AWT-EventQueue-0] INFO br.com.log.LogDinnamus  - Iniciando o sistema de LogDinnamus - Sat Dec 15 11:33:47 GMT-03:00 2018
0 [AWT-EventQueue-0] INFO br.com.log.LogDinnamus  - Iniciando o sistema de LogDinnamus - Sat Dec 15 11:37:01 GMT-03:00 2018
0 [AWT-EventQueue-0] INFO br.com.log.LogDinnamus  - Iniciando o sistema de LogDinnamus - Sat Dec 15 11:38:02 GMT-03:00 2018
0 [AWT-EventQueue-0] INFO br.com.log.LogDinnamus  - Iniciando o sistema de LogDinnamus - Sat Dec 15 11:39:09 GMT-03:00 2018
0 [AWT-EventQueue-0] INFO br.com.log.LogDinnamus  - Iniciando o sistema de LogDinnamus - Sat Dec 15 11:40:04 GMT-03:00 2018
1 [AWT-EventQueue-0] INFO br.com.log.LogDinnamus  - Iniciando o sistema de LogDinnamus - Sat Dec 15 11:40:43 GMT-03:00 2018
90247 [Smack-Cached Executor 1 (0)] ERROR br.com.log.LogDinnamus  - Registro de Exceção detectada : Sat Dec 15 11:41:35 GMT-03:00 2018
java.lang.ClassCastException: javax.swing.plaf.BorderUIResource cannot be cast to java.awt.Font
	at javax.swing.plaf.nimbus.NimbusStyle.getFontForState(NimbusStyle.java:573)
	at javax.swing.plaf.synth.SynthStyle.installDefaults(SynthStyle.java:933)
	at javax.swing.plaf.nimbus.NimbusStyle.installDefaults(NimbusStyle.java:231)
	at javax.swing.plaf.synth.SynthStyle.installDefaults(SynthStyle.java:916)
	at javax.swing.plaf.synth.SynthLookAndFeel.updateStyle(SynthLookAndFeel.java:265)
	at javax.swing.plaf.synth.SynthLabelUI.updateStyle(SynthLabelUI.java:69)
	at javax.swing.plaf.synth.SynthLabelUI.installDefaults(SynthLabelUI.java:64)
	at javax.swing.plaf.basic.BasicLabelUI.installUI(BasicLabelUI.java:342)
	at javax.swing.JComponent.setUI(JComponent.java:666)
	at javax.swing.JLabel.setUI(JLabel.java:261)
	at javax.swing.JLabel.updateUI(JLabel.java:275)
	at javax.swing.JLabel.<init>(JLabel.java:164)
	at javax.swing.JLabel.<init>(JLabel.java:235)
	at javax.swing.DefaultListCellRenderer.<init>(DefaultListCellRenderer.java:92)
	at smack.br.ui.SmackListRender.<init>(SmackListRender.java:25)
	at smack.config.frmChat.atualizarJlUsuarios(frmChat.java:486)
	at smack.config.frmChat.listarUsuario(frmChat.java:508)
	at smack.config.frmChat.access$300(frmChat.java:32)
	at smack.config.frmChat$4.onRosterLoaded(frmChat.java:356)
	at org.jivesoftware.smack.roster.Roster$RosterResultListener.processPacket(Roster.java:1390)
	at org.jivesoftware.smack.AbstractXMPPConnection$5.processPacket(AbstractXMPPConnection.java:1428)
	at org.jivesoftware.smack.AbstractXMPPConnection$3.run(AbstractXMPPConnection.java:1105)
	at java.util.concurrent.ThreadPoolExecutor.runWorker(ThreadPoolExecutor.java:1149)
	at java.util.concurrent.ThreadPoolExecutor$Worker.run(ThreadPoolExecutor.java:624)
	at java.lang.Thread.run(Thread.java:748)
108578 [Smack-Cached Executor 3 (0)] ERROR br.com.log.LogDinnamus  - Registro de Exceção detectada : Sat Dec 15 11:41:53 GMT-03:00 2018
java.lang.ClassCastException: javax.swing.plaf.BorderUIResource cannot be cast to java.awt.Font
	at javax.swing.plaf.nimbus.NimbusStyle.getFontForState(NimbusStyle.java:573)
	at javax.swing.plaf.synth.SynthStyle.installDefaults(SynthStyle.java:933)
	at javax.swing.plaf.nimbus.NimbusStyle.installDefaults(NimbusStyle.java:231)
	at javax.swing.plaf.synth.SynthStyle.installDefaults(SynthStyle.java:916)
	at javax.swing.plaf.synth.SynthLookAndFeel.updateStyle(SynthLookAndFeel.java:265)
	at javax.swing.plaf.synth.SynthLabelUI.updateStyle(SynthLabelUI.java:69)
	at javax.swing.plaf.synth.SynthLabelUI.installDefaults(SynthLabelUI.java:64)
	at javax.swing.plaf.basic.BasicLabelUI.installUI(BasicLabelUI.java:342)
	at javax.swing.JComponent.setUI(JComponent.java:666)
	at javax.swing.JLabel.setUI(JLabel.java:261)
	at javax.swing.JLabel.updateUI(JLabel.java:275)
	at javax.swing.JLabel.<init>(JLabel.java:164)
	at javax.swing.JLabel.<init>(JLabel.java:235)
	at javax.swing.DefaultListCellRenderer.<init>(DefaultListCellRenderer.java:92)
	at smack.br.ui.SmackListRender.<init>(SmackListRender.java:25)
	at smack.config.frmChat.atualizarJlUsuarios(frmChat.java:486)
	at smack.config.frmChat.listarUsuario(frmChat.java:508)
	at smack.config.frmChat.access$300(frmChat.java:32)
	at smack.config.frmChat$4.onRosterLoaded(frmChat.java:356)
	at org.jivesoftware.smack.roster.Roster$RosterResultListener.processPacket(Roster.java:1390)
	at org.jivesoftware.smack.AbstractXMPPConnection$5.processPacket(AbstractXMPPConnection.java:1428)
	at org.jivesoftware.smack.AbstractXMPPConnection$3.run(AbstractXMPPConnection.java:1105)
	at java.util.concurrent.ThreadPoolExecutor.runWorker(ThreadPoolExecutor.java:1149)
	at java.util.concurrent.ThreadPoolExecutor$Worker.run(ThreadPoolExecutor.java:624)
	at java.lang.Thread.run(Thread.java:748)
0 [AWT-EventQueue-0] INFO br.com.log.LogDinnamus  - Iniciando o sistema de LogDinnamus - Sat Dec 15 11:43:21 GMT-03:00 2018
0 [AWT-EventQueue-0] INFO br.com.log.LogDinnamus  - Iniciando o sistema de LogDinnamus - Sat Dec 15 11:43:45 GMT-03:00 2018
65147 [Smack-Cached Executor 1 (0)] ERROR br.com.log.LogDinnamus  - Registro de Exceção detectada : Sat Dec 15 11:44:27 GMT-03:00 2018
java.lang.ClassCastException: javax.swing.plaf.BorderUIResource cannot be cast to java.awt.Font
	at javax.swing.plaf.nimbus.NimbusStyle.getFontForState(NimbusStyle.java:573)
	at javax.swing.plaf.synth.SynthStyle.installDefaults(SynthStyle.java:933)
	at javax.swing.plaf.nimbus.NimbusStyle.installDefaults(NimbusStyle.java:231)
	at javax.swing.plaf.synth.SynthStyle.installDefaults(SynthStyle.java:916)
	at javax.swing.plaf.synth.SynthLookAndFeel.updateStyle(SynthLookAndFeel.java:265)
	at javax.swing.plaf.synth.SynthLabelUI.updateStyle(SynthLabelUI.java:69)
	at javax.swing.plaf.synth.SynthLabelUI.installDefaults(SynthLabelUI.java:64)
	at javax.swing.plaf.basic.BasicLabelUI.installUI(BasicLabelUI.java:342)
	at javax.swing.JComponent.setUI(JComponent.java:666)
	at javax.swing.JLabel.setUI(JLabel.java:261)
	at javax.swing.JLabel.updateUI(JLabel.java:275)
	at javax.swing.JLabel.<init>(JLabel.java:164)
	at javax.swing.JLabel.<init>(JLabel.java:235)
	at javax.swing.DefaultListCellRenderer.<init>(DefaultListCellRenderer.java:92)
	at smack.br.ui.SmackListRender.<init>(SmackListRender.java:20)
	at smack.config.frmChat.atualizarJlUsuarios(frmChat.java:486)
	at smack.config.frmChat.listarUsuario(frmChat.java:508)
	at smack.config.frmChat.access$300(frmChat.java:32)
	at smack.config.frmChat$4.onRosterLoaded(frmChat.java:356)
	at org.jivesoftware.smack.roster.Roster$RosterResultListener.processPacket(Roster.java:1390)
	at org.jivesoftware.smack.AbstractXMPPConnection$5.processPacket(AbstractXMPPConnection.java:1428)
	at org.jivesoftware.smack.AbstractXMPPConnection$3.run(AbstractXMPPConnection.java:1105)
	at java.util.concurrent.ThreadPoolExecutor.runWorker(ThreadPoolExecutor.java:1149)
	at java.util.concurrent.ThreadPoolExecutor$Worker.run(ThreadPoolExecutor.java:624)
	at java.lang.Thread.run(Thread.java:748)
0 [AWT-EventQueue-0] INFO br.com.log.LogDinnamus  - Iniciando o sistema de LogDinnamus - Sat Dec 15 11:46:01 GMT-03:00 2018
0 [AWT-EventQueue-0] INFO br.com.log.LogDinnamus  - Iniciando o sistema de LogDinnamus - Sat Dec 15 11:47:03 GMT-03:00 2018
0 [AWT-EventQueue-0] INFO br.com.log.LogDinnamus  - Iniciando o sistema de LogDinnamus - Sat Dec 15 11:48:37 GMT-03:00 2018
0 [AWT-EventQueue-0] INFO br.com.log.LogDinnamus  - Iniciando o sistema de LogDinnamus - Sat Dec 15 11:50:43 GMT-03:00 2018
0 [AWT-EventQueue-0] INFO br.com.log.LogDinnamus  - Iniciando o sistema de LogDinnamus - Sat Dec 15 11:51:03 GMT-03:00 2018
0 [AWT-EventQueue-0] INFO br.com.log.LogDinnamus  - Iniciando o sistema de LogDinnamus - Sat Dec 15 11:54:26 GMT-03:00 2018
0 [AWT-EventQueue-0] INFO br.com.log.LogDinnamus  - Iniciando o sistema de LogDinnamus - Sat Dec 15 11:54:41 GMT-03:00 2018
0 [AWT-EventQueue-0] INFO br.com.log.LogDinnamus  - Iniciando o sistema de LogDinnamus - Sat Dec 15 11:57:16 GMT-03:00 2018
0 [AWT-EventQueue-0] INFO br.com.log.LogDinnamus  - Iniciando o sistema de LogDinnamus - Sat Dec 15 18:01:16 GMT-03:00 2018
0 [AWT-EventQueue-0] INFO br.com.log.LogDinnamus  - Iniciando o sistema de LogDinnamus - Sat Dec 15 18:11:10 GMT-03:00 2018
0 [AWT-EventQueue-0] INFO br.com.log.LogDinnamus  - Iniciando o sistema de LogDinnamus - Sat Dec 15 18:12:07 GMT-03:00 2018
0 [AWT-EventQueue-0] INFO br.com.log.LogDinnamus  - Iniciando o sistema de LogDinnamus - Sat Dec 15 18:13:31 GMT-03:00 2018
0 [AWT-EventQueue-0] INFO br.com.log.LogDinnamus  - Iniciando o sistema de LogDinnamus - Sat Dec 15 18:19:26 GMT-03:00 2018
0 [AWT-EventQueue-0] INFO br.com.log.LogDinnamus  - Iniciando o sistema de LogDinnamus - Sat Dec 15 18:20:18 GMT-03:00 2018
0 [AWT-EventQueue-0] INFO br.com.log.LogDinnamus  - Iniciando o sistema de LogDinnamus - Sat Dec 15 18:21:24 GMT-03:00 2018
0 [AWT-EventQueue-0] INFO br.com.log.LogDinnamus  - Iniciando o sistema de LogDinnamus - Sat Dec 15 18:22:58 GMT-03:00 2018
