0 [AWT-EventQueue-0] INFO br.com.log.LogDinnamus  - Iniciando o sistema de LogDinnamus - Fri Nov 16 12:04:47 GMT-03:00 2018
36084 [AWT-EventQueue-0] ERROR br.com.log.LogDinnamus  - Registro de Exceção detectada : Fri Nov 16 12:05:23 GMT-03:00 2018
org.jivesoftware.smack.SmackException$NoResponseException: No response received within reply timeout. Timeout was 5000ms (~5s). Used filter: No filter used or filter was 'null'.
	at org.jivesoftware.smack.SmackException$NoResponseException.newWith(SmackException.java:106)
	at org.jivesoftware.smack.SmackException$NoResponseException.newWith(SmackException.java:85)
	at org.jivesoftware.smack.SynchronizationPoint.checkForResponse(SynchronizationPoint.java:253)
	at org.jivesoftware.smack.SynchronizationPoint.checkIfSuccessOrWait(SynchronizationPoint.java:146)
	at org.jivesoftware.smack.SynchronizationPoint.checkIfSuccessOrWaitOrThrow(SynchronizationPoint.java:125)
	at org.jivesoftware.smack.tcp.XMPPTCPConnection.connectInternal(XMPPTCPConnection.java:858)
	at org.jivesoftware.smack.AbstractXMPPConnection.connect(AbstractXMPPConnection.java:364)
	at smack.config.SmackMensageria.conectarServidor(SmackMensageria.java:193)
	at smack.config.frmChat.conectarServidor(frmChat.java:435)
	at smack.config.frmChat.btConectarActionPerformed(frmChat.java:334)
	at smack.config.frmChat.access$100(frmChat.java:27)
	at smack.config.frmChat$2.actionPerformed(frmChat.java:268)
	at javax.swing.AbstractButton.fireActionPerformed(AbstractButton.java:2022)
	at javax.swing.AbstractButton$Handler.actionPerformed(AbstractButton.java:2348)
	at javax.swing.DefaultButtonModel.fireActionPerformed(DefaultButtonModel.java:402)
	at javax.swing.DefaultButtonModel.setPressed(DefaultButtonModel.java:259)
	at javax.swing.plaf.basic.BasicButtonListener.mouseReleased(BasicButtonListener.java:252)
	at java.awt.Component.processMouseEvent(Component.java:6539)
	at javax.swing.JComponent.processMouseEvent(JComponent.java:3324)
	at java.awt.Component.processEvent(Component.java:6304)
	at java.awt.Container.processEvent(Container.java:2239)
	at java.awt.Component.dispatchEventImpl(Component.java:4889)
	at java.awt.Container.dispatchEventImpl(Container.java:2297)
	at java.awt.Component.dispatchEvent(Component.java:4711)
	at java.awt.LightweightDispatcher.retargetMouseEvent(Container.java:4904)
	at java.awt.LightweightDispatcher.processMouseEvent(Container.java:4535)
	at java.awt.LightweightDispatcher.dispatchEvent(Container.java:4476)
	at java.awt.Container.dispatchEventImpl(Container.java:2283)
	at java.awt.Window.dispatchEventImpl(Window.java:2746)
	at java.awt.Component.dispatchEvent(Component.java:4711)
	at java.awt.EventQueue.dispatchEventImpl(EventQueue.java:760)
	at java.awt.EventQueue.access$500(EventQueue.java:97)
	at java.awt.EventQueue$3.run(EventQueue.java:709)
	at java.awt.EventQueue$3.run(EventQueue.java:703)
	at java.security.AccessController.doPrivileged(Native Method)
	at java.security.ProtectionDomain$JavaSecurityAccessImpl.doIntersectionPrivilege(ProtectionDomain.java:74)
	at java.security.ProtectionDomain$JavaSecurityAccessImpl.doIntersectionPrivilege(ProtectionDomain.java:84)
	at java.awt.EventQueue$4.run(EventQueue.java:733)
	at java.awt.EventQueue$4.run(EventQueue.java:731)
	at java.security.AccessController.doPrivileged(Native Method)
	at java.security.ProtectionDomain$JavaSecurityAccessImpl.doIntersectionPrivilege(ProtectionDomain.java:74)
	at java.awt.EventQueue.dispatchEvent(EventQueue.java:730)
	at java.awt.EventDispatchThread.pumpOneEventForFilters(EventDispatchThread.java:205)
	at java.awt.EventDispatchThread.pumpEventsForFilter(EventDispatchThread.java:116)
	at java.awt.EventDispatchThread.pumpEventsForFilter(EventDispatchThread.java:109)
	at java.awt.WaitDispatchSupport$2.run(WaitDispatchSupport.java:190)
	at java.awt.WaitDispatchSupport$4.run(WaitDispatchSupport.java:235)
	at java.awt.WaitDispatchSupport$4.run(WaitDispatchSupport.java:233)
	at java.security.AccessController.doPrivileged(Native Method)
	at java.awt.WaitDispatchSupport.enter(WaitDispatchSupport.java:233)
	at java.awt.Dialog.show(Dialog.java:1084)
	at java.awt.Component.show(Component.java:1671)
	at java.awt.Component.setVisible(Component.java:1623)
	at java.awt.Window.setVisible(Window.java:1014)
	at java.awt.Dialog.setVisible(Dialog.java:1005)
	at smack.config.frmChat$4.run(frmChat.java:516)
	at java.awt.event.InvocationEvent.dispatch(InvocationEvent.java:311)
	at java.awt.EventQueue.dispatchEventImpl(EventQueue.java:758)
	at java.awt.EventQueue.access$500(EventQueue.java:97)
	at java.awt.EventQueue$3.run(EventQueue.java:709)
	at java.awt.EventQueue$3.run(EventQueue.java:703)
	at java.security.AccessController.doPrivileged(Native Method)
	at java.security.ProtectionDomain$JavaSecurityAccessImpl.doIntersectionPrivilege(ProtectionDomain.java:74)
	at java.awt.EventQueue.dispatchEvent(EventQueue.java:728)
	at java.awt.EventDispatchThread.pumpOneEventForFilters(EventDispatchThread.java:205)
	at java.awt.EventDispatchThread.pumpEventsForFilter(EventDispatchThread.java:116)
	at java.awt.EventDispatchThread.pumpEventsForHierarchy(EventDispatchThread.java:105)
	at java.awt.EventDispatchThread.pumpEvents(EventDispatchThread.java:101)
	at java.awt.EventDispatchThread.pumpEvents(EventDispatchThread.java:93)
	at java.awt.EventDispatchThread.run(EventDispatchThread.java:82)
1 [AWT-EventQueue-0] INFO br.com.log.LogDinnamus  - Iniciando o sistema de LogDinnamus - Fri Nov 16 12:43:22 GMT-03:00 2018
0 [AWT-EventQueue-0] INFO br.com.log.LogDinnamus  - Iniciando o sistema de LogDinnamus - Fri Nov 16 13:07:50 GMT-03:00 2018
0 [AWT-EventQueue-0] INFO br.com.log.LogDinnamus  - Iniciando o sistema de LogDinnamus - Fri Nov 16 13:22:36 GMT-03:00 2018
0 [AWT-EventQueue-0] INFO br.com.log.LogDinnamus  - Iniciando o sistema de LogDinnamus - Fri Nov 16 13:22:50 GMT-03:00 2018
0 [AWT-EventQueue-0] INFO br.com.log.LogDinnamus  - Iniciando o sistema de LogDinnamus - Fri Nov 16 13:25:33 GMT-03:00 2018
0 [AWT-EventQueue-0] INFO br.com.log.LogDinnamus  - Iniciando o sistema de LogDinnamus - Fri Nov 16 13:25:51 GMT-03:00 2018
0 [AWT-EventQueue-0] INFO br.com.log.LogDinnamus  - Iniciando o sistema de LogDinnamus - Fri Nov 16 13:31:51 GMT-03:00 2018
0 [AWT-EventQueue-0] INFO br.com.log.LogDinnamus  - Iniciando o sistema de LogDinnamus - Fri Nov 16 13:32:02 GMT-03:00 2018
0 [AWT-EventQueue-0] INFO br.com.log.LogDinnamus  - Iniciando o sistema de LogDinnamus - Fri Nov 16 13:33:23 GMT-03:00 2018
0 [AWT-EventQueue-0] INFO br.com.log.LogDinnamus  - Iniciando o sistema de LogDinnamus - Fri Nov 16 13:33:39 GMT-03:00 2018
0 [AWT-EventQueue-0] INFO br.com.log.LogDinnamus  - Iniciando o sistema de LogDinnamus - Fri Nov 16 14:36:45 GMT-03:00 2018
0 [AWT-EventQueue-0] INFO br.com.log.LogDinnamus  - Iniciando o sistema de LogDinnamus - Fri Nov 16 14:36:58 GMT-03:00 2018
0 [AWT-EventQueue-0] INFO br.com.log.LogDinnamus  - Iniciando o sistema de LogDinnamus - Fri Nov 16 18:04:18 GMT-03:00 2018
0 [AWT-EventQueue-0] INFO br.com.log.LogDinnamus  - Iniciando o sistema de LogDinnamus - Fri Nov 16 18:04:35 GMT-03:00 2018
