0 [AWT-EventQueue-0] INFO br.com.log.LogDinnamus  - Iniciando o sistema de LogDinnamus - Wed Dec 26 11:20:01 GMT-03:00 2018
0 [AWT-EventQueue-0] INFO br.com.log.LogDinnamus  - Iniciando o sistema de LogDinnamus - Wed Dec 26 11:27:11 GMT-03:00 2018
0 [AWT-EventQueue-0] INFO br.com.log.LogDinnamus  - Iniciando o sistema de LogDinnamus - Wed Dec 26 11:30:26 GMT-03:00 2018
0 [AWT-EventQueue-0] INFO br.com.log.LogDinnamus  - Iniciando o sistema de LogDinnamus - Wed Dec 26 11:37:55 GMT-03:00 2018
0 [AWT-EventQueue-0] INFO br.com.log.LogDinnamus  - Iniciando o sistema de LogDinnamus - Wed Dec 26 11:44:51 GMT-03:00 2018
0 [AWT-EventQueue-0] INFO br.com.log.LogDinnamus  - Iniciando o sistema de LogDinnamus - Wed Dec 26 11:52:37 GMT-03:00 2018
1 [AWT-EventQueue-0] INFO br.com.log.LogDinnamus  - Iniciando o sistema de LogDinnamus - Wed Dec 26 11:59:38 GMT-03:00 2018
0 [AWT-EventQueue-0] INFO br.com.log.LogDinnamus  - Iniciando o sistema de LogDinnamus - Wed Dec 26 12:05:24 GMT-03:00 2018
0 [AWT-EventQueue-0] INFO br.com.log.LogDinnamus  - Iniciando o sistema de LogDinnamus - Wed Dec 26 12:12:07 GMT-03:00 2018
0 [AWT-EventQueue-0] INFO br.com.log.LogDinnamus  - Iniciando o sistema de LogDinnamus - Wed Dec 26 12:17:20 GMT-03:00 2018
0 [AWT-EventQueue-0] INFO br.com.log.LogDinnamus  - Iniciando o sistema de LogDinnamus - Wed Dec 26 12:17:52 GMT-03:00 2018
0 [AWT-EventQueue-0] INFO br.com.log.LogDinnamus  - Iniciando o sistema de LogDinnamus - Wed Dec 26 12:21:21 GMT-03:00 2018
0 [AWT-EventQueue-0] INFO br.com.log.LogDinnamus  - Iniciando o sistema de LogDinnamus - Wed Dec 26 12:22:20 GMT-03:00 2018
0 [AWT-EventQueue-0] INFO br.com.log.LogDinnamus  - Iniciando o sistema de LogDinnamus - Wed Dec 26 12:23:34 GMT-03:00 2018
0 [AWT-EventQueue-0] INFO br.com.log.LogDinnamus  - Iniciando o sistema de LogDinnamus - Wed Dec 26 12:24:15 GMT-03:00 2018
0 [AWT-EventQueue-0] INFO br.com.log.LogDinnamus  - Iniciando o sistema de LogDinnamus - Wed Dec 26 12:24:50 GMT-03:00 2018
1 [AWT-EventQueue-0] INFO br.com.log.LogDinnamus  - Iniciando o sistema de LogDinnamus - Wed Dec 26 12:25:15 GMT-03:00 2018
0 [AWT-EventQueue-0] INFO br.com.log.LogDinnamus  - Iniciando o sistema de LogDinnamus - Wed Dec 26 12:26:08 GMT-03:00 2018
0 [main] INFO br.com.log.LogDinnamus  - Iniciando o sistema de LogDinnamus - Wed Dec 26 12:33:52 GMT-03:00 2018
1 [Thread-1] INFO br.com.log.LogDinnamus  - Iniciando o sistema de LogDinnamus - Wed Dec 26 12:36:04 GMT-03:00 2018
0 [Thread-1] INFO br.com.log.LogDinnamus  - Iniciando o sistema de LogDinnamus - Wed Dec 26 12:36:56 GMT-03:00 2018
0 [Thread-1] INFO br.com.log.LogDinnamus  - Iniciando o sistema de LogDinnamus - Wed Dec 26 12:37:45 GMT-03:00 2018
0 [Thread-2] INFO br.com.log.LogDinnamus  - Iniciando o sistema de LogDinnamus - Wed Dec 26 12:38:31 GMT-03:00 2018
0 [Thread-2] INFO br.com.log.LogDinnamus  - Iniciando o sistema de LogDinnamus - Wed Dec 26 12:38:50 GMT-03:00 2018
0 [Thread-2] INFO br.com.log.LogDinnamus  - Iniciando o sistema de LogDinnamus - Wed Dec 26 12:39:23 GMT-03:00 2018
0 [Thread-2] INFO br.com.log.LogDinnamus  - Iniciando o sistema de LogDinnamus - Wed Dec 26 12:40:42 GMT-03:00 2018
0 [Thread-2] INFO br.com.log.LogDinnamus  - Iniciando o sistema de LogDinnamus - Wed Dec 26 12:41:05 GMT-03:00 2018
0 [Thread-2] INFO br.com.log.LogDinnamus  - Iniciando o sistema de LogDinnamus - Wed Dec 26 12:41:49 GMT-03:00 2018
0 [Thread-2] INFO br.com.log.LogDinnamus  - Iniciando o sistema de LogDinnamus - Wed Dec 26 12:42:32 GMT-03:00 2018
0 [Thread-2] INFO br.com.log.LogDinnamus  - Iniciando o sistema de LogDinnamus - Wed Dec 26 12:42:53 GMT-03:00 2018
0 [Thread-2] INFO br.com.log.LogDinnamus  - Iniciando o sistema de LogDinnamus - Wed Dec 26 12:43:36 GMT-03:00 2018
0 [Thread-2] INFO br.com.log.LogDinnamus  - Iniciando o sistema de LogDinnamus - Wed Dec 26 12:43:54 GMT-03:00 2018
0 [Thread-2] INFO br.com.log.LogDinnamus  - Iniciando o sistema de LogDinnamus - Wed Dec 26 12:44:21 GMT-03:00 2018
0 [Thread-2] INFO br.com.log.LogDinnamus  - Iniciando o sistema de LogDinnamus - Wed Dec 26 12:44:56 GMT-03:00 2018
0 [Thread-2] INFO br.com.log.LogDinnamus  - Iniciando o sistema de LogDinnamus - Wed Dec 26 12:45:25 GMT-03:00 2018
0 [Thread-2] INFO br.com.log.LogDinnamus  - Iniciando o sistema de LogDinnamus - Wed Dec 26 12:45:47 GMT-03:00 2018
0 [Thread-2] INFO br.com.log.LogDinnamus  - Iniciando o sistema de LogDinnamus - Wed Dec 26 12:46:44 GMT-03:00 2018
0 [Thread-2] INFO br.com.log.LogDinnamus  - Iniciando o sistema de LogDinnamus - Wed Dec 26 12:58:29 GMT-03:00 2018
0 [Thread-2] INFO br.com.log.LogDinnamus  - Iniciando o sistema de LogDinnamus - Wed Dec 26 12:59:07 GMT-03:00 2018
0 [Thread-2] INFO br.com.log.LogDinnamus  - Iniciando o sistema de LogDinnamus - Wed Dec 26 13:00:15 GMT-03:00 2018
0 [Thread-2] INFO br.com.log.LogDinnamus  - Iniciando o sistema de LogDinnamus - Wed Dec 26 13:00:35 GMT-03:00 2018
0 [Thread-2] INFO br.com.log.LogDinnamus  - Iniciando o sistema de LogDinnamus - Wed Dec 26 13:01:26 GMT-03:00 2018
116 [Thread-2] ERROR br.com.log.LogDinnamus  - Registro de Exceção detectada : Wed Dec 26 13:01:26 GMT-03:00 2018
java.awt.IllegalComponentStateException: The frame is displayable.
	at java.awt.Frame.setUndecorated(Frame.java:923)
	at smack.config.frmChat.initComponents(frmChat.java:139)
	at smack.config.frmChat.<init>(frmChat.java:74)
	at smack.config.frmChat$15.run(frmChat.java:1140)
	at java.lang.Thread.run(Thread.java:748)
0 [Thread-1] INFO br.com.log.LogDinnamus  - Iniciando o sistema de LogDinnamus - Wed Dec 26 13:07:11 GMT-03:00 2018
7609 [Thread-1] ERROR br.com.log.LogDinnamus  - Registro de Exceção detectada : Wed Dec 26 13:07:19 GMT-03:00 2018
java.lang.NullPointerException
	at smack.config.frmChat.iniciarUI(frmChat.java:1178)
	at smack.config.frmChat.<init>(frmChat.java:87)
	at smack.config.frmChat$15.run(frmChat.java:1141)
	at java.lang.Thread.run(Thread.java:748)
0 [Thread-1] INFO br.com.log.LogDinnamus  - Iniciando o sistema de LogDinnamus - Wed Dec 26 13:07:47 GMT-03:00 2018
0 [Thread-1] INFO br.com.log.LogDinnamus  - Iniciando o sistema de LogDinnamus - Wed Dec 26 13:09:55 GMT-03:00 2018
0 [Thread-2] INFO br.com.log.LogDinnamus  - Iniciando o sistema de LogDinnamus - Wed Dec 26 13:11:55 GMT-03:00 2018
0 [Thread-2] INFO br.com.log.LogDinnamus  - Iniciando o sistema de LogDinnamus - Wed Dec 26 13:12:44 GMT-03:00 2018
0 [Thread-2] INFO br.com.log.LogDinnamus  - Iniciando o sistema de LogDinnamus - Wed Dec 26 13:14:06 GMT-03:00 2018
0 [Thread-2] INFO br.com.log.LogDinnamus  - Iniciando o sistema de LogDinnamus - Wed Dec 26 13:14:25 GMT-03:00 2018
0 [Thread-2] INFO br.com.log.LogDinnamus  - Iniciando o sistema de LogDinnamus - Wed Dec 26 13:14:50 GMT-03:00 2018
0 [Thread-2] INFO br.com.log.LogDinnamus  - Iniciando o sistema de LogDinnamus - Wed Dec 26 13:15:47 GMT-03:00 2018
0 [Thread-2] INFO br.com.log.LogDinnamus  - Iniciando o sistema de LogDinnamus - Wed Dec 26 13:16:01 GMT-03:00 2018
0 [Thread-2] INFO br.com.log.LogDinnamus  - Iniciando o sistema de LogDinnamus - Wed Dec 26 13:16:27 GMT-03:00 2018
0 [Thread-2] INFO br.com.log.LogDinnamus  - Iniciando o sistema de LogDinnamus - Wed Dec 26 13:17:17 GMT-03:00 2018
0 [Thread-2] INFO br.com.log.LogDinnamus  - Iniciando o sistema de LogDinnamus - Wed Dec 26 13:18:09 GMT-03:00 2018
0 [Thread-2] INFO br.com.log.LogDinnamus  - Iniciando o sistema de LogDinnamus - Wed Dec 26 13:18:38 GMT-03:00 2018
0 [Thread-2] INFO br.com.log.LogDinnamus  - Iniciando o sistema de LogDinnamus - Wed Dec 26 13:18:54 GMT-03:00 2018
0 [Thread-2] INFO br.com.log.LogDinnamus  - Iniciando o sistema de LogDinnamus - Wed Dec 26 13:19:14 GMT-03:00 2018
0 [Thread-2] INFO br.com.log.LogDinnamus  - Iniciando o sistema de LogDinnamus - Wed Dec 26 13:22:02 GMT-03:00 2018
0 [Thread-2] INFO br.com.log.LogDinnamus  - Iniciando o sistema de LogDinnamus - Wed Dec 26 13:23:03 GMT-03:00 2018
0 [Thread-2] INFO br.com.log.LogDinnamus  - Iniciando o sistema de LogDinnamus - Wed Dec 26 13:28:35 GMT-03:00 2018
1 [Thread-1] INFO br.com.log.LogDinnamus  - Iniciando o sistema de LogDinnamus - Wed Dec 26 13:30:28 GMT-03:00 2018
0 [Thread-1] INFO br.com.log.LogDinnamus  - Iniciando o sistema de LogDinnamus - Wed Dec 26 13:30:48 GMT-03:00 2018
0 [Thread-1] INFO br.com.log.LogDinnamus  - Iniciando o sistema de LogDinnamus - Wed Dec 26 13:36:18 GMT-03:00 2018
0 [Thread-1] INFO br.com.log.LogDinnamus  - Iniciando o sistema de LogDinnamus - Wed Dec 26 13:37:48 GMT-03:00 2018
0 [Thread-1] INFO br.com.log.LogDinnamus  - Iniciando o sistema de LogDinnamus - Wed Dec 26 13:40:51 GMT-03:00 2018
0 [Thread-1] INFO br.com.log.LogDinnamus  - Iniciando o sistema de LogDinnamus - Wed Dec 26 18:42:07 GMT-03:00 2018
0 [Thread-1] INFO br.com.log.LogDinnamus  - Iniciando o sistema de LogDinnamus - Wed Dec 26 19:31:03 GMT-03:00 2018
0 [Thread-1] INFO br.com.log.LogDinnamus  - Iniciando o sistema de LogDinnamus - Wed Dec 26 19:36:35 GMT-03:00 2018
0 [Thread-1] INFO br.com.log.LogDinnamus  - Iniciando o sistema de LogDinnamus - Wed Dec 26 19:37:41 GMT-03:00 2018
0 [Thread-1] INFO br.com.log.LogDinnamus  - Iniciando o sistema de LogDinnamus - Wed Dec 26 19:53:57 GMT-03:00 2018
0 [Thread-1] INFO br.com.log.LogDinnamus  - Iniciando o sistema de LogDinnamus - Wed Dec 26 20:10:39 GMT-03:00 2018
0 [Thread-1] INFO br.com.log.LogDinnamus  - Iniciando o sistema de LogDinnamus - Wed Dec 26 20:13:38 GMT-03:00 2018
0 [Thread-1] INFO br.com.log.LogDinnamus  - Iniciando o sistema de LogDinnamus - Wed Dec 26 20:28:49 GMT-03:00 2018
0 [Thread-1] INFO br.com.log.LogDinnamus  - Iniciando o sistema de LogDinnamus - Wed Dec 26 20:44:53 GMT-03:00 2018
0 [Thread-1] INFO br.com.log.LogDinnamus  - Iniciando o sistema de LogDinnamus - Wed Dec 26 20:58:08 GMT-03:00 2018
0 [Thread-1] INFO br.com.log.LogDinnamus  - Iniciando o sistema de LogDinnamus - Wed Dec 26 21:01:08 GMT-03:00 2018
0 [Thread-1] INFO br.com.log.LogDinnamus  - Iniciando o sistema de LogDinnamus - Wed Dec 26 21:02:01 GMT-03:00 2018
0 [Thread-1] INFO br.com.log.LogDinnamus  - Iniciando o sistema de LogDinnamus - Wed Dec 26 21:03:08 GMT-03:00 2018
0 [Thread-1] INFO br.com.log.LogDinnamus  - Iniciando o sistema de LogDinnamus - Wed Dec 26 21:23:58 GMT-03:00 2018
0 [Thread-1] INFO br.com.log.LogDinnamus  - Iniciando o sistema de LogDinnamus - Wed Dec 26 21:25:52 GMT-03:00 2018
0 [Thread-1] INFO br.com.log.LogDinnamus  - Iniciando o sistema de LogDinnamus - Wed Dec 26 21:26:33 GMT-03:00 2018
0 [Thread-1] INFO br.com.log.LogDinnamus  - Iniciando o sistema de LogDinnamus - Wed Dec 26 21:30:48 GMT-03:00 2018
0 [Thread-1] INFO br.com.log.LogDinnamus  - Iniciando o sistema de LogDinnamus - Wed Dec 26 21:35:53 GMT-03:00 2018
0 [Thread-1] INFO br.com.log.LogDinnamus  - Iniciando o sistema de LogDinnamus - Wed Dec 26 21:36:31 GMT-03:00 2018
0 [Thread-1] INFO br.com.log.LogDinnamus  - Iniciando o sistema de LogDinnamus - Wed Dec 26 21:40:00 GMT-03:00 2018
0 [Thread-1] INFO br.com.log.LogDinnamus  - Iniciando o sistema de LogDinnamus - Wed Dec 26 21:41:30 GMT-03:00 2018
70626 [Smack-Single Threaded Executor 0 (0)] ERROR br.com.log.LogDinnamus  - Registro de Exceção detectada : Wed Dec 26 21:42:41 GMT-03:00 2018
java.lang.NullPointerException
	at smack.config.frmChat.exibirNotificarMensagemRecebida(frmChat.java:961)
	at smack.config.frmChat.access$1600(frmChat.java:46)
	at smack.config.frmChat$13$1.processMessage(frmChat.java:1002)
	at org.jivesoftware.smack.chat.Chat.deliver(Chat.java:180)
	at org.jivesoftware.smack.chat.ChatManager.deliverMessage(ChatManager.java:351)
	at org.jivesoftware.smack.chat.ChatManager.access$300(ChatManager.java:53)
	at org.jivesoftware.smack.chat.ChatManager$2.processPacket(ChatManager.java:162)
	at org.jivesoftware.smack.AbstractXMPPConnection$4.run(AbstractXMPPConnection.java:1135)
	at java.util.concurrent.ThreadPoolExecutor.runWorker(ThreadPoolExecutor.java:1149)
	at java.util.concurrent.ThreadPoolExecutor$Worker.run(ThreadPoolExecutor.java:624)
	at java.lang.Thread.run(Thread.java:748)
0 [Thread-1] INFO br.com.log.LogDinnamus  - Iniciando o sistema de LogDinnamus - Wed Dec 26 21:43:17 GMT-03:00 2018
0 [Thread-1] INFO br.com.log.LogDinnamus  - Iniciando o sistema de LogDinnamus - Wed Dec 26 21:48:26 GMT-03:00 2018
0 [Thread-1] INFO br.com.log.LogDinnamus  - Iniciando o sistema de LogDinnamus - Wed Dec 26 22:09:08 GMT-03:00 2018
0 [Thread-1] INFO br.com.log.LogDinnamus  - Iniciando o sistema de LogDinnamus - Wed Dec 26 22:17:09 GMT-03:00 2018
0 [Thread-1] INFO br.com.log.LogDinnamus  - Iniciando o sistema de LogDinnamus - Wed Dec 26 22:18:25 GMT-03:00 2018
0 [Thread-1] INFO br.com.log.LogDinnamus  - Iniciando o sistema de LogDinnamus - Wed Dec 26 22:42:38 GMT-03:00 2018
0 [Thread-1] INFO br.com.log.LogDinnamus  - Iniciando o sistema de LogDinnamus - Wed Dec 26 22:51:12 GMT-03:00 2018
0 [Thread-1] INFO br.com.log.LogDinnamus  - Iniciando o sistema de LogDinnamus - Wed Dec 26 23:19:19 GMT-03:00 2018
0 [Thread-1] INFO br.com.log.LogDinnamus  - Iniciando o sistema de LogDinnamus - Wed Dec 26 23:32:27 GMT-03:00 2018
0 [Thread-1] INFO br.com.log.LogDinnamus  - Iniciando o sistema de LogDinnamus - Wed Dec 26 23:35:05 GMT-03:00 2018
0 [Thread-1] INFO br.com.log.LogDinnamus  - Iniciando o sistema de LogDinnamus - Wed Dec 26 23:50:13 GMT-03:00 2018
