0 [Thread-1] INFO br.com.log.LogDinnamus  - Iniciando o sistema de LogDinnamus - Tue Jan 01 18:15:39 GMT-03:00 2019
0 [Thread-1] INFO br.com.log.LogDinnamus  - Iniciando o sistema de LogDinnamus - Tue Jan 01 18:31:29 GMT-03:00 2019
0 [Thread-1] INFO br.com.log.LogDinnamus  - Iniciando o sistema de LogDinnamus - Tue Jan 01 20:56:56 GMT-03:00 2019
6209 [Thread-1] ERROR br.com.log.LogDinnamus  - Registro de Exceção detectada : Tue Jan 01 20:57:02 GMT-03:00 2019
java.lang.NullPointerException
	at smack.config.frmChat.atualizarJlUsuarios(frmChat.java:948)
	at smack.config.frmChat.listarUsuario(frmChat.java:986)
	at smack.config.frmChat.conectarServidor(frmChat.java:1352)
	at smack.config.frmChat.btConectarActionPerformed(frmChat.java:511)
	at smack.config.frmChat.iniciarUI(frmChat.java:1498)
	at smack.config.frmChat.<init>(frmChat.java:106)
	at smack.config.frmChat$19.run(frmChat.java:1471)
	at java.lang.Thread.run(Thread.java:748)
0 [Thread-1] INFO br.com.log.LogDinnamus  - Iniciando o sistema de LogDinnamus - Tue Jan 01 20:57:22 GMT-03:00 2019
0 [Thread-1] INFO br.com.log.LogDinnamus  - Iniciando o sistema de LogDinnamus - Tue Jan 01 20:58:44 GMT-03:00 2019
0 [Thread-1] INFO br.com.log.LogDinnamus  - Iniciando o sistema de LogDinnamus - Tue Jan 01 21:58:57 GMT-03:00 2019
0 [Thread-1] INFO br.com.log.LogDinnamus  - Iniciando o sistema de LogDinnamus - Tue Jan 01 21:59:45 GMT-03:00 2019
0 [Thread-1] INFO br.com.log.LogDinnamus  - Iniciando o sistema de LogDinnamus - Tue Jan 01 22:01:37 GMT-03:00 2019
0 [Thread-1] INFO br.com.log.LogDinnamus  - Iniciando o sistema de LogDinnamus - Tue Jan 01 22:09:48 GMT-03:00 2019
0 [Thread-1] INFO br.com.log.LogDinnamus  - Iniciando o sistema de LogDinnamus - Tue Jan 01 22:28:57 GMT-03:00 2019
642 [Thread-1] ERROR br.com.log.LogDinnamus  - Registro de Exceção detectada : Tue Jan 01 22:28:58 GMT-03:00 2019
org.jivesoftware.smack.SmackException$ConnectionException: The following addresses failed: 'ip193.ip-142-44-146.net:5222' failed because java.net.UnknownHostException: ip193.ip-142-44-146.net
	at org.jivesoftware.smack.SmackException$ConnectionException.from(SmackException.java:255)
	at org.jivesoftware.smack.tcp.XMPPTCPConnection.connectUsingConfiguration(XMPPTCPConnection.java:613)
	at org.jivesoftware.smack.tcp.XMPPTCPConnection.connectInternal(XMPPTCPConnection.java:851)
	at org.jivesoftware.smack.AbstractXMPPConnection.connect(AbstractXMPPConnection.java:364)
	at smack.config.SmackMensageria.conectarServidor(SmackMensageria.java:394)
	at smack.config.frmChat.conectarServidor(frmChat.java:1319)
	at smack.config.frmChat.btConectarActionPerformed(frmChat.java:511)
	at smack.config.frmChat.iniciarUI(frmChat.java:1501)
	at smack.config.frmChat.<init>(frmChat.java:106)
	at smack.config.frmChat$19.run(frmChat.java:1474)
	at java.lang.Thread.run(Thread.java:748)
0 [Thread-1] INFO br.com.log.LogDinnamus  - Iniciando o sistema de LogDinnamus - Tue Jan 01 23:02:41 GMT-03:00 2019
0 [Thread-1] INFO br.com.log.LogDinnamus  - Iniciando o sistema de LogDinnamus - Tue Jan 01 23:04:35 GMT-03:00 2019
0 [Thread-1] INFO br.com.log.LogDinnamus  - Iniciando o sistema de LogDinnamus - Tue Jan 01 23:09:16 GMT-03:00 2019
0 [Thread-1] INFO br.com.log.LogDinnamus  - Iniciando o sistema de LogDinnamus - Tue Jan 01 23:10:21 GMT-03:00 2019
54576 [pool-2-thread-1] ERROR br.com.log.LogDinnamus  - Registro de Exceção detectada : Tue Jan 01 23:11:16 GMT-03:00 2019
org.jivesoftware.smack.SmackException$NotConnectedException: Client is not, or no longer, connected.
	at org.jivesoftware.smackx.ping.PingManager.ping(PingManager.java:164)
	at org.jivesoftware.smackx.ping.PingManager.pingMyServer(PingManager.java:246)
	at org.jivesoftware.smackx.ping.PingManager.pingMyServer(PingManager.java:228)
	at org.jivesoftware.smackx.ping.PingManager.pingMyServer(PingManager.java:213)
	at smack.config.frmChat$16.run(frmChat.java:1230)
	at java.util.concurrent.Executors$RunnableAdapter.call(Executors.java:511)
	at java.util.concurrent.FutureTask.runAndReset(FutureTask.java:308)
	at java.util.concurrent.ScheduledThreadPoolExecutor$ScheduledFutureTask.access$301(ScheduledThreadPoolExecutor.java:180)
	at java.util.concurrent.ScheduledThreadPoolExecutor$ScheduledFutureTask.run(ScheduledThreadPoolExecutor.java:294)
	at java.util.concurrent.ThreadPoolExecutor.runWorker(ThreadPoolExecutor.java:1149)
	at java.util.concurrent.ThreadPoolExecutor$Worker.run(ThreadPoolExecutor.java:624)
	at java.lang.Thread.run(Thread.java:748)
1 [Thread-1] INFO br.com.log.LogDinnamus  - Iniciando o sistema de LogDinnamus - Tue Jan 01 23:12:10 GMT-03:00 2019
85104 [pool-2-thread-1] ERROR br.com.log.LogDinnamus  - Registro de Exceção detectada : Tue Jan 01 23:13:35 GMT-03:00 2019
org.jivesoftware.smack.SmackException$NotConnectedException: Client is not, or no longer, connected.
	at org.jivesoftware.smackx.ping.PingManager.ping(PingManager.java:164)
	at org.jivesoftware.smackx.ping.PingManager.pingMyServer(PingManager.java:246)
	at org.jivesoftware.smackx.ping.PingManager.pingMyServer(PingManager.java:228)
	at org.jivesoftware.smackx.ping.PingManager.pingMyServer(PingManager.java:213)
	at smack.config.frmChat$16.run(frmChat.java:1230)
	at java.util.concurrent.Executors$RunnableAdapter.call(Executors.java:511)
	at java.util.concurrent.FutureTask.runAndReset(FutureTask.java:308)
	at java.util.concurrent.ScheduledThreadPoolExecutor$ScheduledFutureTask.access$301(ScheduledThreadPoolExecutor.java:180)
	at java.util.concurrent.ScheduledThreadPoolExecutor$ScheduledFutureTask.run(ScheduledThreadPoolExecutor.java:294)
	at java.util.concurrent.ThreadPoolExecutor.runWorker(ThreadPoolExecutor.java:1149)
	at java.util.concurrent.ThreadPoolExecutor$Worker.run(ThreadPoolExecutor.java:624)
	at java.lang.Thread.run(Thread.java:748)
107959 [pool-2-thread-1] ERROR br.com.log.LogDinnamus  - Registro de Exceção detectada : Tue Jan 01 23:13:58 GMT-03:00 2019
org.jivesoftware.smack.SmackException$NotConnectedException: Client is not, or no longer, connected.
	at org.jivesoftware.smackx.ping.PingManager.ping(PingManager.java:164)
	at org.jivesoftware.smackx.ping.PingManager.pingMyServer(PingManager.java:246)
	at org.jivesoftware.smackx.ping.PingManager.pingMyServer(PingManager.java:228)
	at org.jivesoftware.smackx.ping.PingManager.pingMyServer(PingManager.java:213)
	at smack.config.frmChat$16.run(frmChat.java:1230)
	at java.util.concurrent.Executors$RunnableAdapter.call(Executors.java:511)
	at java.util.concurrent.FutureTask.runAndReset(FutureTask.java:308)
	at java.util.concurrent.ScheduledThreadPoolExecutor$ScheduledFutureTask.access$301(ScheduledThreadPoolExecutor.java:180)
	at java.util.concurrent.ScheduledThreadPoolExecutor$ScheduledFutureTask.run(ScheduledThreadPoolExecutor.java:294)
	at java.util.concurrent.ThreadPoolExecutor.runWorker(ThreadPoolExecutor.java:1149)
	at java.util.concurrent.ThreadPoolExecutor$Worker.run(ThreadPoolExecutor.java:624)
	at java.lang.Thread.run(Thread.java:748)
109426 [pool-2-thread-1] ERROR br.com.log.LogDinnamus  - Registro de Exceção detectada : Tue Jan 01 23:13:59 GMT-03:00 2019
org.jivesoftware.smack.SmackException$NotConnectedException: Client is not, or no longer, connected.
	at org.jivesoftware.smackx.ping.PingManager.ping(PingManager.java:164)
	at org.jivesoftware.smackx.ping.PingManager.pingMyServer(PingManager.java:246)
	at org.jivesoftware.smackx.ping.PingManager.pingMyServer(PingManager.java:228)
	at org.jivesoftware.smackx.ping.PingManager.pingMyServer(PingManager.java:213)
	at smack.config.frmChat$16.run(frmChat.java:1230)
	at java.util.concurrent.Executors$RunnableAdapter.call(Executors.java:511)
	at java.util.concurrent.FutureTask.runAndReset(FutureTask.java:308)
	at java.util.concurrent.ScheduledThreadPoolExecutor$ScheduledFutureTask.access$301(ScheduledThreadPoolExecutor.java:180)
	at java.util.concurrent.ScheduledThreadPoolExecutor$ScheduledFutureTask.run(ScheduledThreadPoolExecutor.java:294)
	at java.util.concurrent.ThreadPoolExecutor.runWorker(ThreadPoolExecutor.java:1149)
	at java.util.concurrent.ThreadPoolExecutor$Worker.run(ThreadPoolExecutor.java:624)
	at java.lang.Thread.run(Thread.java:748)
110023 [pool-2-thread-1] ERROR br.com.log.LogDinnamus  - Registro de Exceção detectada : Tue Jan 01 23:14:00 GMT-03:00 2019
org.jivesoftware.smack.SmackException$NotConnectedException: Client is not, or no longer, connected.
	at org.jivesoftware.smackx.ping.PingManager.ping(PingManager.java:164)
	at org.jivesoftware.smackx.ping.PingManager.pingMyServer(PingManager.java:246)
	at org.jivesoftware.smackx.ping.PingManager.pingMyServer(PingManager.java:228)
	at org.jivesoftware.smackx.ping.PingManager.pingMyServer(PingManager.java:213)
	at smack.config.frmChat$16.run(frmChat.java:1230)
	at java.util.concurrent.Executors$RunnableAdapter.call(Executors.java:511)
	at java.util.concurrent.FutureTask.runAndReset(FutureTask.java:308)
	at java.util.concurrent.ScheduledThreadPoolExecutor$ScheduledFutureTask.access$301(ScheduledThreadPoolExecutor.java:180)
	at java.util.concurrent.ScheduledThreadPoolExecutor$ScheduledFutureTask.run(ScheduledThreadPoolExecutor.java:294)
	at java.util.concurrent.ThreadPoolExecutor.runWorker(ThreadPoolExecutor.java:1149)
	at java.util.concurrent.ThreadPoolExecutor$Worker.run(ThreadPoolExecutor.java:624)
	at java.lang.Thread.run(Thread.java:748)
110508 [pool-2-thread-1] ERROR br.com.log.LogDinnamus  - Registro de Exceção detectada : Tue Jan 01 23:14:01 GMT-03:00 2019
org.jivesoftware.smack.SmackException$NotConnectedException: Client is not, or no longer, connected.
	at org.jivesoftware.smackx.ping.PingManager.ping(PingManager.java:164)
	at org.jivesoftware.smackx.ping.PingManager.pingMyServer(PingManager.java:246)
	at org.jivesoftware.smackx.ping.PingManager.pingMyServer(PingManager.java:228)
	at org.jivesoftware.smackx.ping.PingManager.pingMyServer(PingManager.java:213)
	at smack.config.frmChat$16.run(frmChat.java:1230)
	at java.util.concurrent.Executors$RunnableAdapter.call(Executors.java:511)
	at java.util.concurrent.FutureTask.runAndReset(FutureTask.java:308)
	at java.util.concurrent.ScheduledThreadPoolExecutor$ScheduledFutureTask.access$301(ScheduledThreadPoolExecutor.java:180)
	at java.util.concurrent.ScheduledThreadPoolExecutor$ScheduledFutureTask.run(ScheduledThreadPoolExecutor.java:294)
	at java.util.concurrent.ThreadPoolExecutor.runWorker(ThreadPoolExecutor.java:1149)
	at java.util.concurrent.ThreadPoolExecutor$Worker.run(ThreadPoolExecutor.java:624)
	at java.lang.Thread.run(Thread.java:748)
111036 [pool-2-thread-1] ERROR br.com.log.LogDinnamus  - Registro de Exceção detectada : Tue Jan 01 23:14:01 GMT-03:00 2019
org.jivesoftware.smack.SmackException$NotConnectedException: Client is not, or no longer, connected.
	at org.jivesoftware.smackx.ping.PingManager.ping(PingManager.java:164)
	at org.jivesoftware.smackx.ping.PingManager.pingMyServer(PingManager.java:246)
	at org.jivesoftware.smackx.ping.PingManager.pingMyServer(PingManager.java:228)
	at org.jivesoftware.smackx.ping.PingManager.pingMyServer(PingManager.java:213)
	at smack.config.frmChat$16.run(frmChat.java:1230)
	at java.util.concurrent.Executors$RunnableAdapter.call(Executors.java:511)
	at java.util.concurrent.FutureTask.runAndReset(FutureTask.java:308)
	at java.util.concurrent.ScheduledThreadPoolExecutor$ScheduledFutureTask.access$301(ScheduledThreadPoolExecutor.java:180)
	at java.util.concurrent.ScheduledThreadPoolExecutor$ScheduledFutureTask.run(ScheduledThreadPoolExecutor.java:294)
	at java.util.concurrent.ThreadPoolExecutor.runWorker(ThreadPoolExecutor.java:1149)
	at java.util.concurrent.ThreadPoolExecutor$Worker.run(ThreadPoolExecutor.java:624)
	at java.lang.Thread.run(Thread.java:748)
111499 [pool-2-thread-1] ERROR br.com.log.LogDinnamus  - Registro de Exceção detectada : Tue Jan 01 23:14:02 GMT-03:00 2019
org.jivesoftware.smack.SmackException$NotConnectedException: Client is not, or no longer, connected.
	at org.jivesoftware.smackx.ping.PingManager.ping(PingManager.java:164)
	at org.jivesoftware.smackx.ping.PingManager.pingMyServer(PingManager.java:246)
	at org.jivesoftware.smackx.ping.PingManager.pingMyServer(PingManager.java:228)
	at org.jivesoftware.smackx.ping.PingManager.pingMyServer(PingManager.java:213)
	at smack.config.frmChat$16.run(frmChat.java:1230)
	at java.util.concurrent.Executors$RunnableAdapter.call(Executors.java:511)
	at java.util.concurrent.FutureTask.runAndReset(FutureTask.java:308)
	at java.util.concurrent.ScheduledThreadPoolExecutor$ScheduledFutureTask.access$301(ScheduledThreadPoolExecutor.java:180)
	at java.util.concurrent.ScheduledThreadPoolExecutor$ScheduledFutureTask.run(ScheduledThreadPoolExecutor.java:294)
	at java.util.concurrent.ThreadPoolExecutor.runWorker(ThreadPoolExecutor.java:1149)
	at java.util.concurrent.ThreadPoolExecutor$Worker.run(ThreadPoolExecutor.java:624)
	at java.lang.Thread.run(Thread.java:748)
115097 [pool-2-thread-1] ERROR br.com.log.LogDinnamus  - Registro de Exceção detectada : Tue Jan 01 23:14:05 GMT-03:00 2019
org.jivesoftware.smack.SmackException$NotConnectedException: Client is not, or no longer, connected.
	at org.jivesoftware.smackx.ping.PingManager.ping(PingManager.java:164)
	at org.jivesoftware.smackx.ping.PingManager.pingMyServer(PingManager.java:246)
	at org.jivesoftware.smackx.ping.PingManager.pingMyServer(PingManager.java:228)
	at org.jivesoftware.smackx.ping.PingManager.pingMyServer(PingManager.java:213)
	at smack.config.frmChat$16.run(frmChat.java:1230)
	at java.util.concurrent.Executors$RunnableAdapter.call(Executors.java:511)
	at java.util.concurrent.FutureTask.runAndReset(FutureTask.java:308)
	at java.util.concurrent.ScheduledThreadPoolExecutor$ScheduledFutureTask.access$301(ScheduledThreadPoolExecutor.java:180)
	at java.util.concurrent.ScheduledThreadPoolExecutor$ScheduledFutureTask.run(ScheduledThreadPoolExecutor.java:294)
	at java.util.concurrent.ThreadPoolExecutor.runWorker(ThreadPoolExecutor.java:1149)
	at java.util.concurrent.ThreadPoolExecutor$Worker.run(ThreadPoolExecutor.java:624)
	at java.lang.Thread.run(Thread.java:748)
0 [Thread-1] INFO br.com.log.LogDinnamus  - Iniciando o sistema de LogDinnamus - Tue Jan 01 23:42:52 GMT-03:00 2019
4638 [pool-2-thread-1] ERROR br.com.log.LogDinnamus  - Registro de Exceção detectada : Tue Jan 01 23:42:57 GMT-03:00 2019
java.net.MalformedURLException: no protocol: ip193.ip-142-44-146.net
	at java.net.URL.<init>(URL.java:593)
	at java.net.URL.<init>(URL.java:490)
	at java.net.URL.<init>(URL.java:439)
	at smack.config.frmChat.TestarConexao(frmChat.java:1225)
	at smack.config.frmChat.access$1600(frmChat.java:64)
	at smack.config.frmChat$16.run(frmChat.java:1245)
	at java.util.concurrent.Executors$RunnableAdapter.call(Executors.java:511)
	at java.util.concurrent.FutureTask.runAndReset(FutureTask.java:308)
	at java.util.concurrent.ScheduledThreadPoolExecutor$ScheduledFutureTask.access$301(ScheduledThreadPoolExecutor.java:180)
	at java.util.concurrent.ScheduledThreadPoolExecutor$ScheduledFutureTask.run(ScheduledThreadPoolExecutor.java:294)
	at java.util.concurrent.ThreadPoolExecutor.runWorker(ThreadPoolExecutor.java:1149)
	at java.util.concurrent.ThreadPoolExecutor$Worker.run(ThreadPoolExecutor.java:624)
	at java.lang.Thread.run(Thread.java:748)
39879 [pool-2-thread-1] ERROR br.com.log.LogDinnamus  - Registro de Exceção detectada : Tue Jan 01 23:43:32 GMT-03:00 2019
java.net.MalformedURLException: no protocol: ip193.ip-142-44-146.net
	at java.net.URL.<init>(URL.java:593)
	at java.net.URL.<init>(URL.java:490)
	at java.net.URL.<init>(URL.java:439)
	at smack.config.frmChat.TestarConexao(frmChat.java:1225)
	at smack.config.frmChat.access$1600(frmChat.java:64)
	at smack.config.frmChat$16.run(frmChat.java:1245)
	at java.util.concurrent.Executors$RunnableAdapter.call(Executors.java:511)
	at java.util.concurrent.FutureTask.runAndReset(FutureTask.java:308)
	at java.util.concurrent.ScheduledThreadPoolExecutor$ScheduledFutureTask.access$301(ScheduledThreadPoolExecutor.java:180)
	at java.util.concurrent.ScheduledThreadPoolExecutor$ScheduledFutureTask.run(ScheduledThreadPoolExecutor.java:294)
	at java.util.concurrent.ThreadPoolExecutor.runWorker(ThreadPoolExecutor.java:1149)
	at java.util.concurrent.ThreadPoolExecutor$Worker.run(ThreadPoolExecutor.java:624)
	at java.lang.Thread.run(Thread.java:748)
40982 [pool-2-thread-1] ERROR br.com.log.LogDinnamus  - Registro de Exceção detectada : Tue Jan 01 23:43:33 GMT-03:00 2019
java.net.MalformedURLException: no protocol: ip193.ip-142-44-146.net
	at java.net.URL.<init>(URL.java:593)
	at java.net.URL.<init>(URL.java:490)
	at java.net.URL.<init>(URL.java:439)
	at smack.config.frmChat.TestarConexao(frmChat.java:1225)
	at smack.config.frmChat.access$1600(frmChat.java:64)
	at smack.config.frmChat$16.run(frmChat.java:1245)
	at java.util.concurrent.Executors$RunnableAdapter.call(Executors.java:511)
	at java.util.concurrent.FutureTask.runAndReset(FutureTask.java:308)
	at java.util.concurrent.ScheduledThreadPoolExecutor$ScheduledFutureTask.access$301(ScheduledThreadPoolExecutor.java:180)
	at java.util.concurrent.ScheduledThreadPoolExecutor$ScheduledFutureTask.run(ScheduledThreadPoolExecutor.java:294)
	at java.util.concurrent.ThreadPoolExecutor.runWorker(ThreadPoolExecutor.java:1149)
	at java.util.concurrent.ThreadPoolExecutor$Worker.run(ThreadPoolExecutor.java:624)
	at java.lang.Thread.run(Thread.java:748)
41850 [pool-2-thread-1] ERROR br.com.log.LogDinnamus  - Registro de Exceção detectada : Tue Jan 01 23:43:34 GMT-03:00 2019
java.net.MalformedURLException: no protocol: ip193.ip-142-44-146.net
	at java.net.URL.<init>(URL.java:593)
	at java.net.URL.<init>(URL.java:490)
	at java.net.URL.<init>(URL.java:439)
	at smack.config.frmChat.TestarConexao(frmChat.java:1225)
	at smack.config.frmChat.access$1600(frmChat.java:64)
	at smack.config.frmChat$16.run(frmChat.java:1245)
	at java.util.concurrent.Executors$RunnableAdapter.call(Executors.java:511)
	at java.util.concurrent.FutureTask.runAndReset(FutureTask.java:308)
	at java.util.concurrent.ScheduledThreadPoolExecutor$ScheduledFutureTask.access$301(ScheduledThreadPoolExecutor.java:180)
	at java.util.concurrent.ScheduledThreadPoolExecutor$ScheduledFutureTask.run(ScheduledThreadPoolExecutor.java:294)
	at java.util.concurrent.ThreadPoolExecutor.runWorker(ThreadPoolExecutor.java:1149)
	at java.util.concurrent.ThreadPoolExecutor$Worker.run(ThreadPoolExecutor.java:624)
	at java.lang.Thread.run(Thread.java:748)
44634 [pool-2-thread-1] ERROR br.com.log.LogDinnamus  - Registro de Exceção detectada : Tue Jan 01 23:43:37 GMT-03:00 2019
java.net.MalformedURLException: no protocol: ip193.ip-142-44-146.net
	at java.net.URL.<init>(URL.java:593)
	at java.net.URL.<init>(URL.java:490)
	at java.net.URL.<init>(URL.java:439)
	at smack.config.frmChat.TestarConexao(frmChat.java:1225)
	at smack.config.frmChat.access$1600(frmChat.java:64)
	at smack.config.frmChat$16.run(frmChat.java:1245)
	at java.util.concurrent.Executors$RunnableAdapter.call(Executors.java:511)
	at java.util.concurrent.FutureTask.runAndReset(FutureTask.java:308)
	at java.util.concurrent.ScheduledThreadPoolExecutor$ScheduledFutureTask.access$301(ScheduledThreadPoolExecutor.java:180)
	at java.util.concurrent.ScheduledThreadPoolExecutor$ScheduledFutureTask.run(ScheduledThreadPoolExecutor.java:294)
	at java.util.concurrent.ThreadPoolExecutor.runWorker(ThreadPoolExecutor.java:1149)
	at java.util.concurrent.ThreadPoolExecutor$Worker.run(ThreadPoolExecutor.java:624)
	at java.lang.Thread.run(Thread.java:748)
0 [Thread-1] INFO br.com.log.LogDinnamus  - Iniciando o sistema de LogDinnamus - Tue Jan 01 23:44:42 GMT-03:00 2019
6874 [pool-2-thread-1] ERROR br.com.log.LogDinnamus  - Registro de Exceção detectada : Tue Jan 01 23:44:49 GMT-03:00 2019
java.net.MalformedURLException: no protocol: ip193.ip-142-44-146.net
	at java.net.URL.<init>(URL.java:593)
	at java.net.URL.<init>(URL.java:490)
	at java.net.URL.<init>(URL.java:439)
	at smack.config.frmChat.TestarConexao(frmChat.java:1225)
	at smack.config.frmChat.access$1600(frmChat.java:64)
	at smack.config.frmChat$16.run(frmChat.java:1245)
	at java.util.concurrent.Executors$RunnableAdapter.call(Executors.java:511)
	at java.util.concurrent.FutureTask.runAndReset(FutureTask.java:308)
	at java.util.concurrent.ScheduledThreadPoolExecutor$ScheduledFutureTask.access$301(ScheduledThreadPoolExecutor.java:180)
	at java.util.concurrent.ScheduledThreadPoolExecutor$ScheduledFutureTask.run(ScheduledThreadPoolExecutor.java:294)
	at java.util.concurrent.ThreadPoolExecutor.runWorker(ThreadPoolExecutor.java:1149)
	at java.util.concurrent.ThreadPoolExecutor$Worker.run(ThreadPoolExecutor.java:624)
	at java.lang.Thread.run(Thread.java:748)
16871 [pool-2-thread-1] ERROR br.com.log.LogDinnamus  - Registro de Exceção detectada : Tue Jan 01 23:44:59 GMT-03:00 2019
java.net.MalformedURLException: no protocol: ip193.ip-142-44-146.net
	at java.net.URL.<init>(URL.java:593)
	at java.net.URL.<init>(URL.java:490)
	at java.net.URL.<init>(URL.java:439)
	at smack.config.frmChat.TestarConexao(frmChat.java:1225)
	at smack.config.frmChat.access$1600(frmChat.java:64)
	at smack.config.frmChat$16.run(frmChat.java:1245)
	at java.util.concurrent.Executors$RunnableAdapter.call(Executors.java:511)
	at java.util.concurrent.FutureTask.runAndReset(FutureTask.java:308)
	at java.util.concurrent.ScheduledThreadPoolExecutor$ScheduledFutureTask.access$301(ScheduledThreadPoolExecutor.java:180)
	at java.util.concurrent.ScheduledThreadPoolExecutor$ScheduledFutureTask.run(ScheduledThreadPoolExecutor.java:294)
	at java.util.concurrent.ThreadPoolExecutor.runWorker(ThreadPoolExecutor.java:1149)
	at java.util.concurrent.ThreadPoolExecutor$Worker.run(ThreadPoolExecutor.java:624)
	at java.lang.Thread.run(Thread.java:748)
0 [Thread-1] INFO br.com.log.LogDinnamus  - Iniciando o sistema de LogDinnamus - Tue Jan 01 23:45:36 GMT-03:00 2019
25486 [pool-2-thread-1] ERROR br.com.log.LogDinnamus  - Registro de Exceção detectada : Tue Jan 01 23:46:02 GMT-03:00 2019
java.net.NoRouteToHostException: No route to host: connect
	at java.net.DualStackPlainSocketImpl.connect0(Native Method)
	at java.net.DualStackPlainSocketImpl.socketConnect(DualStackPlainSocketImpl.java:79)
	at java.net.AbstractPlainSocketImpl.doConnect(AbstractPlainSocketImpl.java:350)
	at java.net.AbstractPlainSocketImpl.connectToAddress(AbstractPlainSocketImpl.java:206)
	at java.net.AbstractPlainSocketImpl.connect(AbstractPlainSocketImpl.java:188)
	at java.net.PlainSocketImpl.connect(PlainSocketImpl.java:172)
	at java.net.SocksSocketImpl.connect(SocksSocketImpl.java:392)
	at java.net.Socket.connect(Socket.java:589)
	at java.net.Socket.connect(Socket.java:538)
	at sun.net.NetworkClient.doConnect(NetworkClient.java:180)
	at sun.net.www.http.HttpClient.openServer(HttpClient.java:463)
	at sun.net.www.http.HttpClient.openServer(HttpClient.java:558)
	at sun.net.www.http.HttpClient.<init>(HttpClient.java:242)
	at sun.net.www.http.HttpClient.New(HttpClient.java:339)
	at sun.net.www.http.HttpClient.New(HttpClient.java:357)
	at sun.net.www.protocol.http.HttpURLConnection.getNewHttpClient(HttpURLConnection.java:1220)
	at sun.net.www.protocol.http.HttpURLConnection.plainConnect0(HttpURLConnection.java:1156)
	at sun.net.www.protocol.http.HttpURLConnection.plainConnect(HttpURLConnection.java:1050)
	at sun.net.www.protocol.http.HttpURLConnection.connect(HttpURLConnection.java:984)
	at smack.config.frmChat.TestarConexao(frmChat.java:1228)
	at smack.config.frmChat.access$1600(frmChat.java:64)
	at smack.config.frmChat$16.run(frmChat.java:1245)
	at java.util.concurrent.Executors$RunnableAdapter.call(Executors.java:511)
	at java.util.concurrent.FutureTask.runAndReset(FutureTask.java:308)
	at java.util.concurrent.ScheduledThreadPoolExecutor$ScheduledFutureTask.access$301(ScheduledThreadPoolExecutor.java:180)
	at java.util.concurrent.ScheduledThreadPoolExecutor$ScheduledFutureTask.run(ScheduledThreadPoolExecutor.java:294)
	at java.util.concurrent.ThreadPoolExecutor.runWorker(ThreadPoolExecutor.java:1149)
	at java.util.concurrent.ThreadPoolExecutor$Worker.run(ThreadPoolExecutor.java:624)
	at java.lang.Thread.run(Thread.java:748)
35485 [pool-2-thread-1] ERROR br.com.log.LogDinnamus  - Registro de Exceção detectada : Tue Jan 01 23:46:12 GMT-03:00 2019
java.net.UnknownHostException: ip193.ip-142-44-146.net
	at java.net.AbstractPlainSocketImpl.connect(AbstractPlainSocketImpl.java:184)
	at java.net.PlainSocketImpl.connect(PlainSocketImpl.java:172)
	at java.net.SocksSocketImpl.connect(SocksSocketImpl.java:392)
	at java.net.Socket.connect(Socket.java:589)
	at java.net.Socket.connect(Socket.java:538)
	at sun.net.NetworkClient.doConnect(NetworkClient.java:180)
	at sun.net.www.http.HttpClient.openServer(HttpClient.java:463)
	at sun.net.www.http.HttpClient.openServer(HttpClient.java:558)
	at sun.net.www.http.HttpClient.<init>(HttpClient.java:242)
	at sun.net.www.http.HttpClient.New(HttpClient.java:339)
	at sun.net.www.http.HttpClient.New(HttpClient.java:357)
	at sun.net.www.protocol.http.HttpURLConnection.getNewHttpClient(HttpURLConnection.java:1220)
	at sun.net.www.protocol.http.HttpURLConnection.plainConnect0(HttpURLConnection.java:1156)
	at sun.net.www.protocol.http.HttpURLConnection.plainConnect(HttpURLConnection.java:1050)
	at sun.net.www.protocol.http.HttpURLConnection.connect(HttpURLConnection.java:984)
	at smack.config.frmChat.TestarConexao(frmChat.java:1228)
	at smack.config.frmChat.access$1600(frmChat.java:64)
	at smack.config.frmChat$16.run(frmChat.java:1245)
	at java.util.concurrent.Executors$RunnableAdapter.call(Executors.java:511)
	at java.util.concurrent.FutureTask.runAndReset(FutureTask.java:308)
	at java.util.concurrent.ScheduledThreadPoolExecutor$ScheduledFutureTask.access$301(ScheduledThreadPoolExecutor.java:180)
	at java.util.concurrent.ScheduledThreadPoolExecutor$ScheduledFutureTask.run(ScheduledThreadPoolExecutor.java:294)
	at java.util.concurrent.ThreadPoolExecutor.runWorker(ThreadPoolExecutor.java:1149)
	at java.util.concurrent.ThreadPoolExecutor$Worker.run(ThreadPoolExecutor.java:624)
	at java.lang.Thread.run(Thread.java:748)
