#
# A fatal error has been detected by the Java Runtime Environment:
#
#  EXCEPTION_ACCESS_VIOLATION (0xc0000005) at pc=0x198cbd23, pid=3440, tid=4760
#
# JRE version: 7.0-b147
# Java VM: Java HotSpot(TM) Client VM (21.0-b17 mixed mode windows-x86 )
# Problematic frame:
# C  [SWMFD.DLL+0x7bd23]
#
# Failed to write core dump. Minidumps are not enabled by default on client versions of Windows
#
# If you would like to submit a bug report, please visit:
#   http://bugreport.sun.com/bugreport/crash.jsp
# The crash happened outside the Java Virtual Machine in native code.
# See problematic frame for where to report the bug.
#

---------------  T H R E A D  ---------------

Current thread (0x17fc5c00):  JavaThread "JDWP Transport Listener: dt_shmem" daemon [_thread_in_native, id=4760, stack(0x18510000,0x18560000)]

siginfo: ExceptionCode=0xc0000005, writing address 0x19ad5e74

Registers:
EAX=0x001489ba, EBX=0x001486f0, ECX=0x000000af, EDX=0x00000003
ESP=0x1855f660, EBP=0x1855f668, ESI=0x001486fb, EDI=0x19ad5e74
EIP=0x198cbd23, EFLAGS=0x00010202

Top of Stack: (sp=0x1855f660)
0x1855f660:   001486fb 00000000 1855f680 1988e989
0x1855f670:   19ad5e74 001486fb 000002bf 000002bf
0x1855f680:   1855f814 197bdbff 001486fb 000002bf
0x1855f690:   0000002c 445c3a43 445c4954 616e6e69
0x1855f6a0:   5f53756d 70615c32 72705c70 74656a6f
0x1855f6b0:   6461736f 6f696369 7369616e 6663655c
0x1855f6c0:   00140100 44000044 00000398 44000044
0x1855f6d0:   00000032 735c3a63 61646577 00000003 

Instructions: (pc=0x198cbd23)
0x198cbd03:   c6 3b fe 76 08 3b f8 0f 82 78 01 00 00 f7 c7 03
0x198cbd13:   00 00 00 75 14 c1 e9 02 83 e2 03 83 f9 08 72 29
0x198cbd23:   f3 a5 ff 24 95 38 be 8c 19 8b c7 ba 03 00 00 00
0x198cbd33:   83 e9 04 72 0c 83 e0 03 03 c8 ff 24 85 50 bd 8c 


Register to memory mapping:

EAX=0x001489ba is an unknown value
EBX=0x001486f0 is an unknown value
ECX=0x000000af is an unknown value
EDX=0x00000003 is an unknown value
ESP=0x1855f660 is pointing into the stack for thread: 0x17fc5c00
EBP=0x1855f668 is pointing into the stack for thread: 0x17fc5c00
ESI=0x001486fb is an unknown value
EDI=0x19ad5e74 is an unknown value


Stack: [0x18510000,0x18560000],  sp=0x1855f660,  free space=317k
Native frames: (J=compiled Java code, j=interpreted, Vv=VM code, C=native code)
C  [SWMFD.DLL+0x7bd23]  SWEDA_AuditarDispositivos+0x2b013
C  [SWMFD.DLL+0x3e989]  SWMFD_AlterarParametrosConfiguracao+0x3c
C  [CONVECF.dll+0x7dbff]  ECF_792+0x14cdf
C  [ntdll.dll+0x399a0]  RtlQueryEnvironmentVariable+0x241
C  [ntdll.dll+0x4d702]  LdrShutdownProcess+0x141
C  [ntdll.dll+0x4d5a4]  RtlExitUserProcess+0x74
C  [kernel32.dll+0x17a0d]  ExitProcess+0x15
C  [msvcr100.dll+0x27ec3]  IsExceptionObjectToBeDestroyed+0x2ac
C  [msvcr100.dll+0x27fe0]  IsExceptionObjectToBeDestroyed+0x3c9
C  [msvcr100.dll+0x28051]  exit+0x11
C  [jdwp.dll+0x9f6f]  Agent_OnUnload+0x245
C  [jdwp.dll+0xbd12]  Agent_OnLoad+0x9a5


---------------  P R O C E S S  ---------------

Java Threads: ( => current thread )
  0x17fda800 JavaThread "Service Thread" daemon [_thread_blocked, id=7992, stack(0x18770000,0x187c0000)]
  0x17fda400 JavaThread "C1 CompilerThread0" daemon [_thread_blocked, id=7268, stack(0x188a0000,0x188f0000)]
  0x17fcb800 JavaThread "JDWP Event Helper Thread" daemon [_thread_blocked, id=3620, stack(0x187d0000,0x18820000)]
=>0x17fc5c00 JavaThread "JDWP Transport Listener: dt_shmem" daemon [_thread_in_native, id=4760, stack(0x18510000,0x18560000)]
  0x17fb6800 JavaThread "Attach Listener" daemon [_thread_blocked, id=2272, stack(0x18620000,0x18670000)]
  0x17fb3800 JavaThread "Signal Dispatcher" daemon [_thread_blocked, id=4432, stack(0x18350000,0x183a0000)]
  0x17f5bc00 JavaThread "Finalizer" daemon [_thread_blocked, id=1972, stack(0x18460000,0x184b0000)]
  0x17f57000 JavaThread "Reference Handler" daemon [_thread_blocked, id=2936, stack(0x183b0000,0x18400000)]
  0x01daa800 JavaThread "main" [_thread_blocked, id=6072, stack(0x01e00000,0x01e50000)]

Other Threads:
  0x17f51800 VMThread [stack: 0x01db0000,0x01e00000] [id=3728]
  0x17fff800 WatcherThread [stack: 0x189f0000,0x18a40000] [id=1272]

VM state:not at safepoint (normal execution)

VM Mutex/Monitor currently owned by a thread: None

Heap
 def new generation   total 4928K, used 2313K [0x03f50000, 0x044a0000, 0x094a0000)
  eden space 4416K,  40% used [0x03f50000, 0x04112738, 0x043a0000)
  from space 512K, 100% used [0x04420000, 0x044a0000, 0x044a0000)
  to   space 512K,   0% used [0x043a0000, 0x043a0000, 0x04420000)
 tenured generation   total 10944K, used 569K [0x094a0000, 0x09f50000, 0x13f50000)
   the space 10944K,   5% used [0x094a0000, 0x0952e538, 0x0952e600, 0x09f50000)
 compacting perm gen  total 12288K, used 3782K [0x13f50000, 0x14b50000, 0x17f50000)
   the space 12288K,  30% used [0x13f50000, 0x14301b88, 0x14301c00, 0x14b50000)
No shared spaces configured.

Code Cache  [0x01f50000, 0x01ff8000, 0x03f50000)
 total_blobs=270 nmethods=120 adapters=91 free_code_cache=32119Kb largest_free_block=32889920

Dynamic libraries:
0x00840000 - 0x0086e000 	C:\Program Files (x86)\Java\jdk1.7.0\bin\java.exe
0x77740000 - 0x778c0000 	C:\Windows\SysWOW64\ntdll.dll
0x75470000 - 0x75580000 	C:\Windows\syswow64\kernel32.dll
0x75830000 - 0x75877000 	C:\Windows\syswow64\KERNELBASE.dll
0x75670000 - 0x75710000 	C:\Windows\syswow64\ADVAPI32.dll
0x75a20000 - 0x75acc000 	C:\Windows\syswow64\msvcrt.dll
0x75710000 - 0x75729000 	C:\Windows\SysWOW64\sechost.dll
0x76bb0000 - 0x76ca0000 	C:\Windows\syswow64\RPCRT4.dll
0x75190000 - 0x751f0000 	C:\Windows\syswow64\SspiCli.dll
0x75180000 - 0x7518c000 	C:\Windows\syswow64\CRYPTBASE.dll
0x75ca0000 - 0x75da0000 	C:\Windows\syswow64\USER32.dll
0x755e0000 - 0x75670000 	C:\Windows\syswow64\GDI32.dll
0x77290000 - 0x7729a000 	C:\Windows\syswow64\LPK.dll
0x772a0000 - 0x7733d000 	C:\Windows\syswow64\USP10.dll
0x73cd0000 - 0x73e6e000 	C:\Windows\WinSxS\x86_microsoft.windows.common-controls_6595b64144ccf1df_6.0.7601.17514_none_41e6975e2bd6f2b2\COMCTL32.dll
0x75e70000 - 0x75ec7000 	C:\Windows\syswow64\SHLWAPI.dll
0x75dc0000 - 0x75e20000 	C:\Windows\system32\IMM32.DLL
0x76df0000 - 0x76ebc000 	C:\Windows\syswow64\MSCTF.dll
0x70840000 - 0x708fe000 	C:\Program Files (x86)\Java\jdk1.7.0\jre\bin\msvcr100.dll
0x70900000 - 0x70c21000 	C:\Program Files (x86)\Java\jdk1.7.0\jre\bin\client\jvm.dll
0x6cab0000 - 0x6cab7000 	C:\Windows\system32\WSOCK32.dll
0x75e30000 - 0x75e65000 	C:\Windows\syswow64\WS2_32.dll
0x75da0000 - 0x75da6000 	C:\Windows\syswow64\NSI.dll
0x73680000 - 0x736b2000 	C:\Windows\system32\WINMM.dll
0x76ec0000 - 0x76ec5000 	C:\Windows\syswow64\PSAPI.DLL
0x73b90000 - 0x73b9c000 	C:\Program Files (x86)\Java\jdk1.7.0\jre\bin\verify.dll
0x73b70000 - 0x73b90000 	C:\Program Files (x86)\Java\jdk1.7.0\jre\bin\java.dll
0x71620000 - 0x7164a000 	C:\Program Files (x86)\Java\jdk1.7.0\jre\bin\jdwp.dll
0x71fb0000 - 0x71fb7000 	C:\Program Files (x86)\Java\jdk1.7.0\jre\bin\npt.dll
0x73220000 - 0x73233000 	C:\Program Files (x86)\Java\jdk1.7.0\jre\bin\zip.dll
0x729e0000 - 0x729e9000 	C:\Program Files (x86)\Java\jdk1.7.0\jre\bin\dt_shmem.dll
0x731c0000 - 0x731d4000 	C:\Program Files (x86)\Java\jdk1.7.0\jre\bin\net.dll
0x71690000 - 0x716cc000 	C:\Windows\system32\mswsock.dll
0x707c0000 - 0x707c6000 	C:\Windows\System32\wship6.dll
0x73b60000 - 0x73b6f000 	C:\Program Files (x86)\Java\jdk1.7.0\jre\bin\nio.dll
0x73ca0000 - 0x73cb6000 	C:\Windows\system32\CRYPTSP.dll
0x73c60000 - 0x73c9b000 	C:\Windows\system32\rsaenh.dll
0x71d10000 - 0x71d27000 	C:\Windows\system32\USERENV.dll
0x71dc0000 - 0x71dcb000 	C:\Windows\system32\profapi.dll
0x69530000 - 0x69540000 	C:\Windows\system32\NLAapi.dll
0x70cc0000 - 0x70cd0000 	C:\Windows\system32\napinsp.dll
0x6d6f0000 - 0x6d702000 	C:\Windows\system32\pnrpnsp.dll
0x67d40000 - 0x67d84000 	C:\Windows\system32\DNSAPI.dll
0x6d5c0000 - 0x6d5c8000 	C:\Windows\System32\winrnr.dll
0x6d5b0000 - 0x6d5bd000 	C:\Windows\system32\wshbth.dll
0x67310000 - 0x67337000 	C:\Program Files (x86)\Common Files\Microsoft Shared\Windows Live\WLIDNSP.DLL
0x707b0000 - 0x707b5000 	C:\Windows\System32\wshtcpip.dll
0x72170000 - 0x7218c000 	C:\Windows\system32\IPHLPAPI.DLL
0x72160000 - 0x72167000 	C:\Windows\system32\WINNSI.DLL
0x67300000 - 0x67306000 	C:\Windows\system32\rasadhlp.dll
0x672c0000 - 0x672f8000 	C:\Windows\System32\fwpuclnt.dll
0x19500000 - 0x19555000 	C:\Users\Fernando\AppData\Local\Temp\jna2863194271548113339.dll
0x19740000 - 0x19842000 	C:\Windows\system32\CONVECF.dll
0x73e90000 - 0x73e99000 	C:\Windows\system32\VERSION.dll
0x65570000 - 0x655d6000 	C:\Windows\system32\MSVCP60.dll
0x19850000 - 0x19966000 	C:\Windows\system32\SWMFD.DLL
0x66a50000 - 0x66ad0000 	C:\Windows\system32\UxTheme.dll
0x75ad0000 - 0x75c2c000 	C:\Windows\system32\ole32.dll
0x72310000 - 0x723fb000 	C:\Windows\system32\dbghelp.dll

VM Arguments:
jvm_args: -Xdebug -Xrunjdwp:transport=dt_shmem,address=javadebug -Dfile.encoding=UTF-8 
java_command: br.com.ecf.ECFDinnamuS
Launcher Type: SUN_STANDARD

Environment Variables:
JAVA_HOME=C:\Program Files (x86)\Java\jre7
CLASSPATH=.;C:\Program Files (x86)\Java\jre7\lib\ext\QTJava.zip;C:\PROGRA~2\Griaule\FINGER~1\bin\GRFING~1.JAR
PATH=C:\Ruby21\bin;C:\Program Files\Common Files\Microsoft Shared\Windows Live;C:\Program Files (x86)\Common Files\Microsoft Shared\Windows Live;C:\Windows\system32;C:\Windows;C:\Windows\System32\Wbem;C:\Windows\System32\WindowsPowerShell\v1.0\;C:\Program Files (x86)\Sony\VAIO Startup Setting Tool;C:\Program Files (x86)\Windows Live\Shared;C:\Program Files (x86)\Microsoft SQL Server\80\Tools\BINN;c:\Program Files (x86)\Microsoft SQL Server\100\Tools\Binn\;c:\Program Files\Microsoft SQL Server\100\Tools\Binn\;c:\Program Files\Microsoft SQL Server\100\DTS\Binn\;C:\Program Files (x86)\QuickTime\QTSystem\;c:\Program Files (x86)\Microsoft SQL Server\90\Tools\binn\;C:\Program Files\TortoiseSVN\bin;C:\Program Files (x86)\pgmodeler\lib;C:\PROGRA~2\Borland\Delphi6\Bin;C:\PROGRA~2\Borland\Delphi6\Projects\Bpl;C:\PROGRA~2\Griaule\FINGER~1\bin;C:\Program Files\MySQL\MySQL Server 5.5\bin;c:\Program Files (x86)\Microsoft SQL Server\100\Tools\Binn\VSShell\Common7\IDE\;c:\Program Files (x86)\Microsoft SQL Server\100\DTS\Binn\
USERNAME=Fernando
OS=Windows_NT
PROCESSOR_IDENTIFIER=Intel64 Family 6 Model 42 Stepping 7, GenuineIntel



---------------  S Y S T E M  ---------------

OS: Windows 7 , 64 bit Build 7601 Service Pack 1

CPU:total 4 (2 cores per cpu, 2 threads per core) family 6 model 42 stepping 7, cmov, cx8, fxsr, mmx, sse, sse2, sse3, ssse3, sse4.1, sse4.2, popcnt, ht

Memory: 4k page, physical 3094384k(672468k free), swap 7091932k(2870716k free)

vm_info: Java HotSpot(TM) Client VM (21.0-b17) for windows-x86 JRE (1.7.0-b147), built on Jun 27 2011 02:25:52 by "java_re" with unknown MS VC++:1600

time: Fri Jul 17 14:06:51 2015
elapsed time: 105 seconds

