0 [main] INFO br.com.log.LogDinnamus  - Iniciando o sistema de LogDinnamus - Wed Sep 24 00:02:00 BRT 2014
110 [main] INFO br.com.log.LogDinnamus  - Abrindo conexao com o servidor
447 [main] INFO br.com.log.LogDinnamus  - Abrindo conexao com o servidor
0 [main] INFO br.com.log.LogDinnamus  - Iniciando o sistema de LogDinnamus - Wed Sep 24 00:02:14 BRT 2014
153 [main] INFO br.com.log.LogDinnamus  - Abrindo conexao com o servidor
717 [main] INFO br.com.log.LogDinnamus  - Abrindo conexao com o servidor
0 [main] INFO br.com.log.LogDinnamus  - Iniciando o sistema de LogDinnamus - Wed Sep 24 00:06:16 BRT 2014
120 [main] INFO br.com.log.LogDinnamus  - Abrindo conexao com o servidor
482 [main] INFO br.com.log.LogDinnamus  - Abrindo conexao com o servidor
0 [main] INFO br.com.log.LogDinnamus  - Iniciando o sistema de LogDinnamus - Wed Sep 24 00:11:28 BRT 2014
93 [main] INFO br.com.log.LogDinnamus  - Abrindo conexao com o servidor
384 [main] INFO br.com.log.LogDinnamus  - Abrindo conexao com o servidor
1 [main] INFO br.com.log.LogDinnamus  - Iniciando o sistema de LogDinnamus - Wed Sep 24 00:14:37 BRT 2014
94 [main] INFO br.com.log.LogDinnamus  - Abrindo conexao com o servidor
422 [main] INFO br.com.log.LogDinnamus  - Abrindo conexao com o servidor
1 [main] INFO br.com.log.LogDinnamus  - Iniciando o sistema de LogDinnamus - Wed Sep 24 00:17:50 BRT 2014
89 [main] INFO br.com.log.LogDinnamus  - Abrindo conexao com o servidor
514 [main] INFO br.com.log.LogDinnamus  - Abrindo conexao com o servidor
0 [main] INFO br.com.log.LogDinnamus  - Iniciando o sistema de LogDinnamus - Wed Sep 24 00:43:18 BRT 2014
528 [main] INFO br.com.log.LogDinnamus  - Abrindo conexao com o servidor
1428 [main] INFO br.com.log.LogDinnamus  - Abrindo conexao com o servidor
0 [main] INFO br.com.log.LogDinnamus  - Iniciando o sistema de LogDinnamus - Wed Sep 24 00:50:18 BRT 2014
98 [main] INFO br.com.log.LogDinnamus  - Abrindo conexao com o servidor
372 [main] INFO br.com.log.LogDinnamus  - Abrindo conexao com o servidor
0 [main] INFO br.com.log.LogDinnamus  - Iniciando o sistema de LogDinnamus - Wed Sep 24 11:26:59 BRT 2014
469 [main] INFO br.com.log.LogDinnamus  - Abrindo conexao com o servidor
3958 [main] INFO br.com.log.LogDinnamus  - Falha na comunicacao com o servidor : Unknown server host name 'notedti'.
3958 [main] INFO br.com.log.LogDinnamus  - Abrindo conexao com o servidor
3965 [main] ERROR br.com.log.LogDinnamus  - Registro de Exceção detectada : Wed Sep 24 11:27:03 BRT 2014
java.lang.NullPointerException
	at br.Gerenciador.Iniciar(Gerenciador.java:69)
	at br.Gerenciador.main(Gerenciador.java:30)
1 [main] INFO br.com.log.LogDinnamus  - Iniciando o sistema de LogDinnamus - Wed Sep 24 11:30:16 BRT 2014
357 [main] INFO br.com.log.LogDinnamus  - Abrindo conexao com o servidor
3410 [main] INFO br.com.log.LogDinnamus  - Falha na comunicacao com o servidor : Unknown server host name 'notedti'.
3410 [main] INFO br.com.log.LogDinnamus  - Abrindo conexao com o servidor
3417 [main] ERROR br.com.log.LogDinnamus  - Registro de Exceção detectada : Wed Sep 24 11:30:20 BRT 2014
java.lang.NullPointerException
	at br.Gerenciador.Iniciar(Gerenciador.java:69)
	at br.Gerenciador.main(Gerenciador.java:30)
0 [main] INFO br.com.log.LogDinnamus  - Iniciando o sistema de LogDinnamus - Wed Sep 24 11:30:49 BRT 2014
87 [main] INFO br.com.log.LogDinnamus  - Abrindo conexao com o servidor
2536 [main] INFO br.com.log.LogDinnamus  - Falha na comunicacao com o servidor : Unknown server host name 'notedti'.
2536 [main] INFO br.com.log.LogDinnamus  - Abrindo conexao com o servidor
2541 [main] ERROR br.com.log.LogDinnamus  - Registro de Exceção detectada : Wed Sep 24 11:30:51 BRT 2014
java.lang.NullPointerException
	at br.Gerenciador.Iniciar(Gerenciador.java:69)
	at br.Gerenciador.main(Gerenciador.java:30)
0 [main] INFO br.com.log.LogDinnamus  - Iniciando o sistema de LogDinnamus - Wed Sep 24 11:31:18 BRT 2014
94 [main] INFO br.com.log.LogDinnamus  - Abrindo conexao com o servidor
3096 [main] INFO br.com.log.LogDinnamus  - Falha na comunicacao com o servidor : Unknown server host name 'notedti'.
3096 [main] INFO br.com.log.LogDinnamus  - Abrindo conexao com o servidor
3100 [main] ERROR br.com.log.LogDinnamus  - Registro de Exceção detectada : Wed Sep 24 11:31:21 BRT 2014
java.lang.NullPointerException
	at br.Gerenciador.Iniciar(Gerenciador.java:69)
	at br.Gerenciador.main(Gerenciador.java:30)
0 [main] INFO br.com.log.LogDinnamus  - Iniciando o sistema de LogDinnamus - Wed Sep 24 11:31:46 BRT 2014
85 [main] INFO br.com.log.LogDinnamus  - Abrindo conexao com o servidor
2485 [main] INFO br.com.log.LogDinnamus  - Falha na comunicacao com o servidor : Unknown server host name 'notedti'.
2485 [main] INFO br.com.log.LogDinnamus  - Abrindo conexao com o servidor
0 [main] INFO br.com.log.LogDinnamus  - Iniciando o sistema de LogDinnamus - Wed Sep 24 16:50:27 BRT 2014
185 [main] INFO br.com.log.LogDinnamus  - Abrindo conexao com o servidor
3856 [main] INFO br.com.log.LogDinnamus  - Abrindo conexao com o servidor
1 [main] INFO br.com.log.LogDinnamus  - Iniciando o sistema de LogDinnamus - Wed Sep 24 16:53:49 BRT 2014
150 [main] INFO br.com.log.LogDinnamus  - Abrindo conexao com o servidor
1147 [main] INFO br.com.log.LogDinnamus  - Abrindo conexao com o servidor
0 [main] INFO br.com.log.LogDinnamus  - Iniciando o sistema de LogDinnamus - Wed Sep 24 16:55:38 BRT 2014
144 [main] INFO br.com.log.LogDinnamus  - Abrindo conexao com o servidor
1031 [main] INFO br.com.log.LogDinnamus  - Abrindo conexao com o servidor
0 [main] INFO br.com.log.LogDinnamus  - Iniciando o sistema de LogDinnamus - Wed Sep 24 23:52:38 BRT 2014
417 [main] INFO br.com.log.LogDinnamus  - Abrindo conexao com o servidor
1917 [main] INFO br.com.log.LogDinnamus  - Abrindo conexao com o servidor
0 [main] INFO br.com.log.LogDinnamus  - Iniciando o sistema de LogDinnamus - Wed Sep 24 23:53:21 BRT 2014
110 [main] INFO br.com.log.LogDinnamus  - Abrindo conexao com o servidor
975 [main] INFO br.com.log.LogDinnamus  - Abrindo conexao com o servidor
