0 [main] INFO br.com.log.LogDinnamus  - Iniciando o sistema de LogDinnamus - Wed Oct 02 03:06:55 BRT 2013
2633 [main] INFO br.com.log.LogDinnamus  - Abrindo conexao com o servidor
5071 [main] INFO br.com.log.LogDinnamus  - Abrindo conexao com o servidor
0 [main] INFO br.com.log.LogDinnamus  - Iniciando o sistema de LogDinnamus - Wed Oct 02 03:12:26 BRT 2013
236 [main] INFO br.com.log.LogDinnamus  - Abrindo conexao com o servidor
1221 [main] INFO br.com.log.LogDinnamus  - Abrindo conexao com o servidor
108999 [AWT-EventQueue-0] ERROR br.com.log.LogDinnamus  - Registro de Exceção detectada : Wed Oct 02 03:14:15 BRT 2013
java.lang.NullPointerException: Objeto nulo
	at br.com.nordestefomento.jrimum.utilix.ObjectUtil.checkNotNull(ObjectUtil.java:422)
	at br.com.nordestefomento.jrimum.utilix.ObjectUtil.checkNotNull(ObjectUtil.java:443)
	at br.com.nordestefomento.jrimum.bopepo.Boleto.setCampoLivre(Boleto.java:237)
	at br.com.nordestefomento.jrimum.bopepo.Boleto.<init>(Boleto.java:159)
	at br.GerenciadorLicencaFinanceiro.Gerar_Boleto(GerenciadorLicencaFinanceiro.java:268)
	at ui.frmLicencas.btBoletoActionPerformed(frmLicencas.java:642)
	at ui.frmLicencas.access$900(frmLicencas.java:30)
	at ui.frmLicencas$10.actionPerformed(frmLicencas.java:200)
	at javax.swing.AbstractButton.fireActionPerformed(AbstractButton.java:2018)
	at javax.swing.AbstractButton$Handler.actionPerformed(AbstractButton.java:2341)
	at javax.swing.DefaultButtonModel.fireActionPerformed(DefaultButtonModel.java:402)
	at javax.swing.DefaultButtonModel.setPressed(DefaultButtonModel.java:259)
	at javax.swing.plaf.basic.BasicButtonListener.mouseReleased(BasicButtonListener.java:252)
	at java.awt.Component.processMouseEvent(Component.java:6504)
	at javax.swing.JComponent.processMouseEvent(JComponent.java:3321)
	at java.awt.Component.processEvent(Component.java:6269)
	at java.awt.Container.processEvent(Container.java:2229)
	at java.awt.Component.dispatchEventImpl(Component.java:4860)
	at java.awt.Container.dispatchEventImpl(Container.java:2287)
	at java.awt.Component.dispatchEvent(Component.java:4686)
	at java.awt.LightweightDispatcher.retargetMouseEvent(Container.java:4832)
	at java.awt.LightweightDispatcher.processMouseEvent(Container.java:4492)
	at java.awt.LightweightDispatcher.dispatchEvent(Container.java:4422)
	at java.awt.Container.dispatchEventImpl(Container.java:2273)
	at java.awt.Window.dispatchEventImpl(Window.java:2713)
	at java.awt.Component.dispatchEvent(Component.java:4686)
	at java.awt.EventQueue.dispatchEventImpl(EventQueue.java:707)
	at java.awt.EventQueue.access$000(EventQueue.java:101)
	at java.awt.EventQueue$3.run(EventQueue.java:666)
	at java.awt.EventQueue$3.run(EventQueue.java:664)
	at java.security.AccessController.doPrivileged(Native Method)
	at java.security.ProtectionDomain$1.doIntersectionPrivilege(ProtectionDomain.java:76)
	at java.security.ProtectionDomain$1.doIntersectionPrivilege(ProtectionDomain.java:87)
	at java.awt.EventQueue$4.run(EventQueue.java:680)
	at java.awt.EventQueue$4.run(EventQueue.java:678)
	at java.security.AccessController.doPrivileged(Native Method)
	at java.security.ProtectionDomain$1.doIntersectionPrivilege(ProtectionDomain.java:76)
	at java.awt.EventQueue.dispatchEvent(EventQueue.java:677)
	at java.awt.EventDispatchThread.pumpOneEventForFilters(EventDispatchThread.java:211)
	at java.awt.EventDispatchThread.pumpEventsForFilter(EventDispatchThread.java:128)
	at java.awt.EventDispatchThread.pumpEventsForFilter(EventDispatchThread.java:121)
	at java.awt.WaitDispatchSupport$2.run(WaitDispatchSupport.java:182)
	at java.awt.WaitDispatchSupport$4.run(WaitDispatchSupport.java:221)
	at java.security.AccessController.doPrivileged(Native Method)
	at java.awt.WaitDispatchSupport.enter(WaitDispatchSupport.java:219)
	at java.awt.Dialog.show(Dialog.java:1072)
	at java.awt.Component.show(Component.java:1650)
	at java.awt.Component.setVisible(Component.java:1602)
	at java.awt.Window.setVisible(Window.java:1013)
	at java.awt.Dialog.setVisible(Dialog.java:1003)
	at ui.frmGerenciador.btLicencaActionPerformed(frmGerenciador.java:343)
	at ui.frmGerenciador.access$500(frmGerenciador.java:26)
	at ui.frmGerenciador$6.actionPerformed(frmGerenciador.java:131)
	at javax.swing.AbstractButton.fireActionPerformed(AbstractButton.java:2018)
	at javax.swing.AbstractButton$Handler.actionPerformed(AbstractButton.java:2341)
	at javax.swing.DefaultButtonModel.fireActionPerformed(DefaultButtonModel.java:402)
	at javax.swing.DefaultButtonModel.setPressed(DefaultButtonModel.java:259)
	at javax.swing.plaf.basic.BasicButtonListener.mouseReleased(BasicButtonListener.java:252)
	at java.awt.Component.processMouseEvent(Component.java:6504)
	at javax.swing.JComponent.processMouseEvent(JComponent.java:3321)
	at java.awt.Component.processEvent(Component.java:6269)
	at java.awt.Container.processEvent(Container.java:2229)
	at java.awt.Component.dispatchEventImpl(Component.java:4860)
	at java.awt.Container.dispatchEventImpl(Container.java:2287)
	at java.awt.Component.dispatchEvent(Component.java:4686)
	at java.awt.LightweightDispatcher.retargetMouseEvent(Container.java:4832)
	at java.awt.LightweightDispatcher.processMouseEvent(Container.java:4492)
	at java.awt.LightweightDispatcher.dispatchEvent(Container.java:4422)
	at java.awt.Container.dispatchEventImpl(Container.java:2273)
	at java.awt.Window.dispatchEventImpl(Window.java:2713)
	at java.awt.Component.dispatchEvent(Component.java:4686)
	at java.awt.EventQueue.dispatchEventImpl(EventQueue.java:707)
	at java.awt.EventQueue.access$000(EventQueue.java:101)
	at java.awt.EventQueue$3.run(EventQueue.java:666)
	at java.awt.EventQueue$3.run(EventQueue.java:664)
	at java.security.AccessController.doPrivileged(Native Method)
	at java.security.ProtectionDomain$1.doIntersectionPrivilege(ProtectionDomain.java:76)
	at java.security.ProtectionDomain$1.doIntersectionPrivilege(ProtectionDomain.java:87)
	at java.awt.EventQueue$4.run(EventQueue.java:680)
	at java.awt.EventQueue$4.run(EventQueue.java:678)
	at java.security.AccessController.doPrivileged(Native Method)
	at java.security.ProtectionDomain$1.doIntersectionPrivilege(ProtectionDomain.java:76)
	at java.awt.EventQueue.dispatchEvent(EventQueue.java:677)
	at java.awt.EventDispatchThread.pumpOneEventForFilters(EventDispatchThread.java:211)
	at java.awt.EventDispatchThread.pumpEventsForFilter(EventDispatchThread.java:128)
	at java.awt.EventDispatchThread.pumpEventsForHierarchy(EventDispatchThread.java:117)
	at java.awt.EventDispatchThread.pumpEvents(EventDispatchThread.java:113)
	at java.awt.EventDispatchThread.pumpEvents(EventDispatchThread.java:105)
	at java.awt.EventDispatchThread.run(EventDispatchThread.java:90)
0 [main] INFO br.com.log.LogDinnamus  - Iniciando o sistema de LogDinnamus - Wed Oct 02 03:17:12 BRT 2013
384 [main] INFO br.com.log.LogDinnamus  - Abrindo conexao com o servidor
1576 [main] INFO br.com.log.LogDinnamus  - Abrindo conexao com o servidor
15507 [AWT-EventQueue-0] ERROR br.com.log.LogDinnamus  - Registro de Exceção detectada : Wed Oct 02 03:17:28 BRT 2013
java.lang.NullPointerException: Objeto nulo
	at br.com.nordestefomento.jrimum.utilix.ObjectUtil.checkNotNull(ObjectUtil.java:422)
	at br.com.nordestefomento.jrimum.utilix.ObjectUtil.checkNotNull(ObjectUtil.java:443)
	at br.com.nordestefomento.jrimum.bopepo.Boleto.setCampoLivre(Boleto.java:237)
	at br.com.nordestefomento.jrimum.bopepo.Boleto.<init>(Boleto.java:159)
	at br.GerenciadorLicencaFinanceiro.Gerar_Boleto(GerenciadorLicencaFinanceiro.java:270)
	at ui.frmLicencas.btBoletoActionPerformed(frmLicencas.java:642)
	at ui.frmLicencas.access$900(frmLicencas.java:30)
	at ui.frmLicencas$10.actionPerformed(frmLicencas.java:200)
	at javax.swing.AbstractButton.fireActionPerformed(AbstractButton.java:2018)
	at javax.swing.AbstractButton$Handler.actionPerformed(AbstractButton.java:2341)
	at javax.swing.DefaultButtonModel.fireActionPerformed(DefaultButtonModel.java:402)
	at javax.swing.DefaultButtonModel.setPressed(DefaultButtonModel.java:259)
	at javax.swing.plaf.basic.BasicButtonListener.mouseReleased(BasicButtonListener.java:252)
	at java.awt.Component.processMouseEvent(Component.java:6504)
	at javax.swing.JComponent.processMouseEvent(JComponent.java:3321)
	at java.awt.Component.processEvent(Component.java:6269)
	at java.awt.Container.processEvent(Container.java:2229)
	at java.awt.Component.dispatchEventImpl(Component.java:4860)
	at java.awt.Container.dispatchEventImpl(Container.java:2287)
	at java.awt.Component.dispatchEvent(Component.java:4686)
	at java.awt.LightweightDispatcher.retargetMouseEvent(Container.java:4832)
	at java.awt.LightweightDispatcher.processMouseEvent(Container.java:4492)
	at java.awt.LightweightDispatcher.dispatchEvent(Container.java:4422)
	at java.awt.Container.dispatchEventImpl(Container.java:2273)
	at java.awt.Window.dispatchEventImpl(Window.java:2713)
	at java.awt.Component.dispatchEvent(Component.java:4686)
	at java.awt.EventQueue.dispatchEventImpl(EventQueue.java:707)
	at java.awt.EventQueue.access$000(EventQueue.java:101)
	at java.awt.EventQueue$3.run(EventQueue.java:666)
	at java.awt.EventQueue$3.run(EventQueue.java:664)
	at java.security.AccessController.doPrivileged(Native Method)
	at java.security.ProtectionDomain$1.doIntersectionPrivilege(ProtectionDomain.java:76)
	at java.security.ProtectionDomain$1.doIntersectionPrivilege(ProtectionDomain.java:87)
	at java.awt.EventQueue$4.run(EventQueue.java:680)
	at java.awt.EventQueue$4.run(EventQueue.java:678)
	at java.security.AccessController.doPrivileged(Native Method)
	at java.security.ProtectionDomain$1.doIntersectionPrivilege(ProtectionDomain.java:76)
	at java.awt.EventQueue.dispatchEvent(EventQueue.java:677)
	at java.awt.EventDispatchThread.pumpOneEventForFilters(EventDispatchThread.java:211)
	at java.awt.EventDispatchThread.pumpEventsForFilter(EventDispatchThread.java:128)
	at java.awt.EventDispatchThread.pumpEventsForFilter(EventDispatchThread.java:121)
	at java.awt.WaitDispatchSupport$2.run(WaitDispatchSupport.java:182)
	at java.awt.WaitDispatchSupport$4.run(WaitDispatchSupport.java:221)
	at java.security.AccessController.doPrivileged(Native Method)
	at java.awt.WaitDispatchSupport.enter(WaitDispatchSupport.java:219)
	at java.awt.Dialog.show(Dialog.java:1072)
	at java.awt.Component.show(Component.java:1650)
	at java.awt.Component.setVisible(Component.java:1602)
	at java.awt.Window.setVisible(Window.java:1013)
	at java.awt.Dialog.setVisible(Dialog.java:1003)
	at ui.frmGerenciador.btLicencaActionPerformed(frmGerenciador.java:343)
	at ui.frmGerenciador.access$500(frmGerenciador.java:26)
	at ui.frmGerenciador$6.actionPerformed(frmGerenciador.java:131)
	at javax.swing.AbstractButton.fireActionPerformed(AbstractButton.java:2018)
	at javax.swing.AbstractButton$Handler.actionPerformed(AbstractButton.java:2341)
	at javax.swing.DefaultButtonModel.fireActionPerformed(DefaultButtonModel.java:402)
	at javax.swing.DefaultButtonModel.setPressed(DefaultButtonModel.java:259)
	at javax.swing.plaf.basic.BasicButtonListener.mouseReleased(BasicButtonListener.java:252)
	at java.awt.Component.processMouseEvent(Component.java:6504)
	at javax.swing.JComponent.processMouseEvent(JComponent.java:3321)
	at java.awt.Component.processEvent(Component.java:6269)
	at java.awt.Container.processEvent(Container.java:2229)
	at java.awt.Component.dispatchEventImpl(Component.java:4860)
	at java.awt.Container.dispatchEventImpl(Container.java:2287)
	at java.awt.Component.dispatchEvent(Component.java:4686)
	at java.awt.LightweightDispatcher.retargetMouseEvent(Container.java:4832)
	at java.awt.LightweightDispatcher.processMouseEvent(Container.java:4492)
	at java.awt.LightweightDispatcher.dispatchEvent(Container.java:4422)
	at java.awt.Container.dispatchEventImpl(Container.java:2273)
	at java.awt.Window.dispatchEventImpl(Window.java:2713)
	at java.awt.Component.dispatchEvent(Component.java:4686)
	at java.awt.EventQueue.dispatchEventImpl(EventQueue.java:707)
	at java.awt.EventQueue.access$000(EventQueue.java:101)
	at java.awt.EventQueue$3.run(EventQueue.java:666)
	at java.awt.EventQueue$3.run(EventQueue.java:664)
	at java.security.AccessController.doPrivileged(Native Method)
	at java.security.ProtectionDomain$1.doIntersectionPrivilege(ProtectionDomain.java:76)
	at java.security.ProtectionDomain$1.doIntersectionPrivilege(ProtectionDomain.java:87)
	at java.awt.EventQueue$4.run(EventQueue.java:680)
	at java.awt.EventQueue$4.run(EventQueue.java:678)
	at java.security.AccessController.doPrivileged(Native Method)
	at java.security.ProtectionDomain$1.doIntersectionPrivilege(ProtectionDomain.java:76)
	at java.awt.EventQueue.dispatchEvent(EventQueue.java:677)
	at java.awt.EventDispatchThread.pumpOneEventForFilters(EventDispatchThread.java:211)
	at java.awt.EventDispatchThread.pumpEventsForFilter(EventDispatchThread.java:128)
	at java.awt.EventDispatchThread.pumpEventsForHierarchy(EventDispatchThread.java:117)
	at java.awt.EventDispatchThread.pumpEvents(EventDispatchThread.java:113)
	at java.awt.EventDispatchThread.pumpEvents(EventDispatchThread.java:105)
	at java.awt.EventDispatchThread.run(EventDispatchThread.java:90)
0 [main] INFO br.com.log.LogDinnamus  - Iniciando o sistema de LogDinnamus - Wed Oct 02 03:18:43 BRT 2013
100 [main] INFO br.com.log.LogDinnamus  - Abrindo conexao com o servidor
421 [main] INFO br.com.log.LogDinnamus  - Abrindo conexao com o servidor
49356 [AWT-EventQueue-0] ERROR br.com.log.LogDinnamus  - Registro de Exceção detectada : Wed Oct 02 03:19:32 BRT 2013
java.lang.NullPointerException: Objeto nulo
	at br.com.nordestefomento.jrimum.utilix.ObjectUtil.checkNotNull(ObjectUtil.java:422)
	at br.com.nordestefomento.jrimum.utilix.ObjectUtil.checkNotNull(ObjectUtil.java:443)
	at br.com.nordestefomento.jrimum.bopepo.Boleto.setCampoLivre(Boleto.java:237)
	at br.com.nordestefomento.jrimum.bopepo.Boleto.<init>(Boleto.java:159)
	at br.GerenciadorLicencaFinanceiro.Gerar_Boleto(GerenciadorLicencaFinanceiro.java:270)
	at ui.frmLicencas.btBoletoActionPerformed(frmLicencas.java:642)
	at ui.frmLicencas.access$900(frmLicencas.java:30)
	at ui.frmLicencas$10.actionPerformed(frmLicencas.java:200)
	at javax.swing.AbstractButton.fireActionPerformed(AbstractButton.java:2018)
	at javax.swing.AbstractButton$Handler.actionPerformed(AbstractButton.java:2341)
	at javax.swing.DefaultButtonModel.fireActionPerformed(DefaultButtonModel.java:402)
	at javax.swing.DefaultButtonModel.setPressed(DefaultButtonModel.java:259)
	at javax.swing.plaf.basic.BasicButtonListener.mouseReleased(BasicButtonListener.java:252)
	at java.awt.Component.processMouseEvent(Component.java:6504)
	at javax.swing.JComponent.processMouseEvent(JComponent.java:3321)
	at java.awt.Component.processEvent(Component.java:6269)
	at java.awt.Container.processEvent(Container.java:2229)
	at java.awt.Component.dispatchEventImpl(Component.java:4860)
	at java.awt.Container.dispatchEventImpl(Container.java:2287)
	at java.awt.Component.dispatchEvent(Component.java:4686)
	at java.awt.LightweightDispatcher.retargetMouseEvent(Container.java:4832)
	at java.awt.LightweightDispatcher.processMouseEvent(Container.java:4492)
	at java.awt.LightweightDispatcher.dispatchEvent(Container.java:4422)
	at java.awt.Container.dispatchEventImpl(Container.java:2273)
	at java.awt.Window.dispatchEventImpl(Window.java:2713)
	at java.awt.Component.dispatchEvent(Component.java:4686)
	at java.awt.EventQueue.dispatchEventImpl(EventQueue.java:707)
	at java.awt.EventQueue.access$000(EventQueue.java:101)
	at java.awt.EventQueue$3.run(EventQueue.java:666)
	at java.awt.EventQueue$3.run(EventQueue.java:664)
	at java.security.AccessController.doPrivileged(Native Method)
	at java.security.ProtectionDomain$1.doIntersectionPrivilege(ProtectionDomain.java:76)
	at java.security.ProtectionDomain$1.doIntersectionPrivilege(ProtectionDomain.java:87)
	at java.awt.EventQueue$4.run(EventQueue.java:680)
	at java.awt.EventQueue$4.run(EventQueue.java:678)
	at java.security.AccessController.doPrivileged(Native Method)
	at java.security.ProtectionDomain$1.doIntersectionPrivilege(ProtectionDomain.java:76)
	at java.awt.EventQueue.dispatchEvent(EventQueue.java:677)
	at java.awt.EventDispatchThread.pumpOneEventForFilters(EventDispatchThread.java:211)
	at java.awt.EventDispatchThread.pumpEventsForFilter(EventDispatchThread.java:128)
	at java.awt.EventDispatchThread.pumpEventsForFilter(EventDispatchThread.java:121)
	at java.awt.WaitDispatchSupport$2.run(WaitDispatchSupport.java:182)
	at java.awt.WaitDispatchSupport$4.run(WaitDispatchSupport.java:221)
	at java.security.AccessController.doPrivileged(Native Method)
	at java.awt.WaitDispatchSupport.enter(WaitDispatchSupport.java:219)
	at java.awt.Dialog.show(Dialog.java:1072)
	at java.awt.Component.show(Component.java:1650)
	at java.awt.Component.setVisible(Component.java:1602)
	at java.awt.Window.setVisible(Window.java:1013)
	at java.awt.Dialog.setVisible(Dialog.java:1003)
	at ui.frmGerenciador.btLicencaActionPerformed(frmGerenciador.java:343)
	at ui.frmGerenciador.access$500(frmGerenciador.java:26)
	at ui.frmGerenciador$6.actionPerformed(frmGerenciador.java:131)
	at javax.swing.AbstractButton.fireActionPerformed(AbstractButton.java:2018)
	at javax.swing.AbstractButton$Handler.actionPerformed(AbstractButton.java:2341)
	at javax.swing.DefaultButtonModel.fireActionPerformed(DefaultButtonModel.java:402)
	at javax.swing.DefaultButtonModel.setPressed(DefaultButtonModel.java:259)
	at javax.swing.plaf.basic.BasicButtonListener.mouseReleased(BasicButtonListener.java:252)
	at java.awt.Component.processMouseEvent(Component.java:6504)
	at javax.swing.JComponent.processMouseEvent(JComponent.java:3321)
	at java.awt.Component.processEvent(Component.java:6269)
	at java.awt.Container.processEvent(Container.java:2229)
	at java.awt.Component.dispatchEventImpl(Component.java:4860)
	at java.awt.Container.dispatchEventImpl(Container.java:2287)
	at java.awt.Component.dispatchEvent(Component.java:4686)
	at java.awt.LightweightDispatcher.retargetMouseEvent(Container.java:4832)
	at java.awt.LightweightDispatcher.processMouseEvent(Container.java:4492)
	at java.awt.LightweightDispatcher.dispatchEvent(Container.java:4422)
	at java.awt.Container.dispatchEventImpl(Container.java:2273)
	at java.awt.Window.dispatchEventImpl(Window.java:2713)
	at java.awt.Component.dispatchEvent(Component.java:4686)
	at java.awt.EventQueue.dispatchEventImpl(EventQueue.java:707)
	at java.awt.EventQueue.access$000(EventQueue.java:101)
	at java.awt.EventQueue$3.run(EventQueue.java:666)
	at java.awt.EventQueue$3.run(EventQueue.java:664)
	at java.security.AccessController.doPrivileged(Native Method)
	at java.security.ProtectionDomain$1.doIntersectionPrivilege(ProtectionDomain.java:76)
	at java.security.ProtectionDomain$1.doIntersectionPrivilege(ProtectionDomain.java:87)
	at java.awt.EventQueue$4.run(EventQueue.java:680)
	at java.awt.EventQueue$4.run(EventQueue.java:678)
	at java.security.AccessController.doPrivileged(Native Method)
	at java.security.ProtectionDomain$1.doIntersectionPrivilege(ProtectionDomain.java:76)
	at java.awt.EventQueue.dispatchEvent(EventQueue.java:677)
	at java.awt.EventDispatchThread.pumpOneEventForFilters(EventDispatchThread.java:211)
	at java.awt.EventDispatchThread.pumpEventsForFilter(EventDispatchThread.java:128)
	at java.awt.EventDispatchThread.pumpEventsForHierarchy(EventDispatchThread.java:117)
	at java.awt.EventDispatchThread.pumpEvents(EventDispatchThread.java:113)
	at java.awt.EventDispatchThread.pumpEvents(EventDispatchThread.java:105)
	at java.awt.EventDispatchThread.run(EventDispatchThread.java:90)
0 [main] INFO br.com.log.LogDinnamus  - Iniciando o sistema de LogDinnamus - Wed Oct 02 03:22:25 BRT 2013
161 [main] INFO br.com.log.LogDinnamus  - Abrindo conexao com o servidor
1061 [main] INFO br.com.log.LogDinnamus  - Abrindo conexao com o servidor
27870 [AWT-EventQueue-0] ERROR br.com.log.LogDinnamus  - Registro de Exceção detectada : Wed Oct 02 03:22:53 BRT 2013
java.lang.NullPointerException: Objeto nulo
	at br.com.nordestefomento.jrimum.utilix.ObjectUtil.checkNotNull(ObjectUtil.java:422)
	at br.com.nordestefomento.jrimum.utilix.ObjectUtil.checkNotNull(ObjectUtil.java:443)
	at br.com.nordestefomento.jrimum.bopepo.Boleto.setCampoLivre(Boleto.java:237)
	at br.com.nordestefomento.jrimum.bopepo.Boleto.<init>(Boleto.java:159)
	at br.GerenciadorLicencaFinanceiro.Gerar_Boleto(GerenciadorLicencaFinanceiro.java:271)
	at ui.frmLicencas.btBoletoActionPerformed(frmLicencas.java:642)
	at ui.frmLicencas.access$900(frmLicencas.java:30)
	at ui.frmLicencas$10.actionPerformed(frmLicencas.java:200)
	at javax.swing.AbstractButton.fireActionPerformed(AbstractButton.java:2018)
	at javax.swing.AbstractButton$Handler.actionPerformed(AbstractButton.java:2341)
	at javax.swing.DefaultButtonModel.fireActionPerformed(DefaultButtonModel.java:402)
	at javax.swing.DefaultButtonModel.setPressed(DefaultButtonModel.java:259)
	at javax.swing.plaf.basic.BasicButtonListener.mouseReleased(BasicButtonListener.java:252)
	at java.awt.Component.processMouseEvent(Component.java:6504)
	at javax.swing.JComponent.processMouseEvent(JComponent.java:3321)
	at java.awt.Component.processEvent(Component.java:6269)
	at java.awt.Container.processEvent(Container.java:2229)
	at java.awt.Component.dispatchEventImpl(Component.java:4860)
	at java.awt.Container.dispatchEventImpl(Container.java:2287)
	at java.awt.Component.dispatchEvent(Component.java:4686)
	at java.awt.LightweightDispatcher.retargetMouseEvent(Container.java:4832)
	at java.awt.LightweightDispatcher.processMouseEvent(Container.java:4492)
	at java.awt.LightweightDispatcher.dispatchEvent(Container.java:4422)
	at java.awt.Container.dispatchEventImpl(Container.java:2273)
	at java.awt.Window.dispatchEventImpl(Window.java:2713)
	at java.awt.Component.dispatchEvent(Component.java:4686)
	at java.awt.EventQueue.dispatchEventImpl(EventQueue.java:707)
	at java.awt.EventQueue.access$000(EventQueue.java:101)
	at java.awt.EventQueue$3.run(EventQueue.java:666)
	at java.awt.EventQueue$3.run(EventQueue.java:664)
	at java.security.AccessController.doPrivileged(Native Method)
	at java.security.ProtectionDomain$1.doIntersectionPrivilege(ProtectionDomain.java:76)
	at java.security.ProtectionDomain$1.doIntersectionPrivilege(ProtectionDomain.java:87)
	at java.awt.EventQueue$4.run(EventQueue.java:680)
	at java.awt.EventQueue$4.run(EventQueue.java:678)
	at java.security.AccessController.doPrivileged(Native Method)
	at java.security.ProtectionDomain$1.doIntersectionPrivilege(ProtectionDomain.java:76)
	at java.awt.EventQueue.dispatchEvent(EventQueue.java:677)
	at java.awt.EventDispatchThread.pumpOneEventForFilters(EventDispatchThread.java:211)
	at java.awt.EventDispatchThread.pumpEventsForFilter(EventDispatchThread.java:128)
	at java.awt.EventDispatchThread.pumpEventsForFilter(EventDispatchThread.java:121)
	at java.awt.WaitDispatchSupport$2.run(WaitDispatchSupport.java:182)
	at java.awt.WaitDispatchSupport$4.run(WaitDispatchSupport.java:221)
	at java.security.AccessController.doPrivileged(Native Method)
	at java.awt.WaitDispatchSupport.enter(WaitDispatchSupport.java:219)
	at java.awt.Dialog.show(Dialog.java:1072)
	at java.awt.Component.show(Component.java:1650)
	at java.awt.Component.setVisible(Component.java:1602)
	at java.awt.Window.setVisible(Window.java:1013)
	at java.awt.Dialog.setVisible(Dialog.java:1003)
	at ui.frmGerenciador.btLicencaActionPerformed(frmGerenciador.java:343)
	at ui.frmGerenciador.access$500(frmGerenciador.java:26)
	at ui.frmGerenciador$6.actionPerformed(frmGerenciador.java:131)
	at javax.swing.AbstractButton.fireActionPerformed(AbstractButton.java:2018)
	at javax.swing.AbstractButton$Handler.actionPerformed(AbstractButton.java:2341)
	at javax.swing.DefaultButtonModel.fireActionPerformed(DefaultButtonModel.java:402)
	at javax.swing.DefaultButtonModel.setPressed(DefaultButtonModel.java:259)
	at javax.swing.plaf.basic.BasicButtonListener.mouseReleased(BasicButtonListener.java:252)
	at java.awt.Component.processMouseEvent(Component.java:6504)
	at javax.swing.JComponent.processMouseEvent(JComponent.java:3321)
	at java.awt.Component.processEvent(Component.java:6269)
	at java.awt.Container.processEvent(Container.java:2229)
	at java.awt.Component.dispatchEventImpl(Component.java:4860)
	at java.awt.Container.dispatchEventImpl(Container.java:2287)
	at java.awt.Component.dispatchEvent(Component.java:4686)
	at java.awt.LightweightDispatcher.retargetMouseEvent(Container.java:4832)
	at java.awt.LightweightDispatcher.processMouseEvent(Container.java:4492)
	at java.awt.LightweightDispatcher.dispatchEvent(Container.java:4422)
	at java.awt.Container.dispatchEventImpl(Container.java:2273)
	at java.awt.Window.dispatchEventImpl(Window.java:2713)
	at java.awt.Component.dispatchEvent(Component.java:4686)
	at java.awt.EventQueue.dispatchEventImpl(EventQueue.java:707)
	at java.awt.EventQueue.access$000(EventQueue.java:101)
	at java.awt.EventQueue$3.run(EventQueue.java:666)
	at java.awt.EventQueue$3.run(EventQueue.java:664)
	at java.security.AccessController.doPrivileged(Native Method)
	at java.security.ProtectionDomain$1.doIntersectionPrivilege(ProtectionDomain.java:76)
	at java.security.ProtectionDomain$1.doIntersectionPrivilege(ProtectionDomain.java:87)
	at java.awt.EventQueue$4.run(EventQueue.java:680)
	at java.awt.EventQueue$4.run(EventQueue.java:678)
	at java.security.AccessController.doPrivileged(Native Method)
	at java.security.ProtectionDomain$1.doIntersectionPrivilege(ProtectionDomain.java:76)
	at java.awt.EventQueue.dispatchEvent(EventQueue.java:677)
	at java.awt.EventDispatchThread.pumpOneEventForFilters(EventDispatchThread.java:211)
	at java.awt.EventDispatchThread.pumpEventsForFilter(EventDispatchThread.java:128)
	at java.awt.EventDispatchThread.pumpEventsForHierarchy(EventDispatchThread.java:117)
	at java.awt.EventDispatchThread.pumpEvents(EventDispatchThread.java:113)
	at java.awt.EventDispatchThread.pumpEvents(EventDispatchThread.java:105)
	at java.awt.EventDispatchThread.run(EventDispatchThread.java:90)
0 [main] INFO br.com.log.LogDinnamus  - Iniciando o sistema de LogDinnamus - Wed Oct 02 03:23:54 BRT 2013
694 [main] INFO br.com.log.LogDinnamus  - Abrindo conexao com o servidor
1799 [main] INFO br.com.log.LogDinnamus  - Abrindo conexao com o servidor
20857 [AWT-EventQueue-0] ERROR br.com.log.LogDinnamus  - Registro de Exceção detectada : Wed Oct 02 03:24:15 BRT 2013
br.com.nordestefomento.jrimum.bopepo.campolivre.CampoLivreException: Ocorreu um problema ao tentar gerar o campo livre Sicredi.
	at br.com.nordestefomento.jrimum.bopepo.exemplo.CampoLivreSicredi.<init>(CampoLivreSicredi.java:197)
	at br.GerenciadorLicencaFinanceiro.Gerar_Boleto(GerenciadorLicencaFinanceiro.java:271)
	at ui.frmLicencas.btBoletoActionPerformed(frmLicencas.java:642)
	at ui.frmLicencas.access$900(frmLicencas.java:30)
	at ui.frmLicencas$10.actionPerformed(frmLicencas.java:200)
	at javax.swing.AbstractButton.fireActionPerformed(AbstractButton.java:2018)
	at javax.swing.AbstractButton$Handler.actionPerformed(AbstractButton.java:2341)
	at javax.swing.DefaultButtonModel.fireActionPerformed(DefaultButtonModel.java:402)
	at javax.swing.DefaultButtonModel.setPressed(DefaultButtonModel.java:259)
	at javax.swing.plaf.basic.BasicButtonListener.mouseReleased(BasicButtonListener.java:252)
	at java.awt.Component.processMouseEvent(Component.java:6504)
	at javax.swing.JComponent.processMouseEvent(JComponent.java:3321)
	at java.awt.Component.processEvent(Component.java:6269)
	at java.awt.Container.processEvent(Container.java:2229)
	at java.awt.Component.dispatchEventImpl(Component.java:4860)
	at java.awt.Container.dispatchEventImpl(Container.java:2287)
	at java.awt.Component.dispatchEvent(Component.java:4686)
	at java.awt.LightweightDispatcher.retargetMouseEvent(Container.java:4832)
	at java.awt.LightweightDispatcher.processMouseEvent(Container.java:4492)
	at java.awt.LightweightDispatcher.dispatchEvent(Container.java:4422)
	at java.awt.Container.dispatchEventImpl(Container.java:2273)
	at java.awt.Window.dispatchEventImpl(Window.java:2713)
	at java.awt.Component.dispatchEvent(Component.java:4686)
	at java.awt.EventQueue.dispatchEventImpl(EventQueue.java:707)
	at java.awt.EventQueue.access$000(EventQueue.java:101)
	at java.awt.EventQueue$3.run(EventQueue.java:666)
	at java.awt.EventQueue$3.run(EventQueue.java:664)
	at java.security.AccessController.doPrivileged(Native Method)
	at java.security.ProtectionDomain$1.doIntersectionPrivilege(ProtectionDomain.java:76)
	at java.security.ProtectionDomain$1.doIntersectionPrivilege(ProtectionDomain.java:87)
	at java.awt.EventQueue$4.run(EventQueue.java:680)
	at java.awt.EventQueue$4.run(EventQueue.java:678)
	at java.security.AccessController.doPrivileged(Native Method)
	at java.security.ProtectionDomain$1.doIntersectionPrivilege(ProtectionDomain.java:76)
	at java.awt.EventQueue.dispatchEvent(EventQueue.java:677)
	at java.awt.EventDispatchThread.pumpOneEventForFilters(EventDispatchThread.java:211)
	at java.awt.EventDispatchThread.pumpEventsForFilter(EventDispatchThread.java:128)
	at java.awt.EventDispatchThread.pumpEventsForFilter(EventDispatchThread.java:121)
	at java.awt.WaitDispatchSupport$2.run(WaitDispatchSupport.java:182)
	at java.awt.WaitDispatchSupport$4.run(WaitDispatchSupport.java:221)
	at java.security.AccessController.doPrivileged(Native Method)
	at java.awt.WaitDispatchSupport.enter(WaitDispatchSupport.java:219)
	at java.awt.Dialog.show(Dialog.java:1072)
	at java.awt.Component.show(Component.java:1650)
	at java.awt.Component.setVisible(Component.java:1602)
	at java.awt.Window.setVisible(Window.java:1013)
	at java.awt.Dialog.setVisible(Dialog.java:1003)
	at ui.frmGerenciador.btLicencaActionPerformed(frmGerenciador.java:343)
	at ui.frmGerenciador.access$500(frmGerenciador.java:26)
	at ui.frmGerenciador$6.actionPerformed(frmGerenciador.java:131)
	at javax.swing.AbstractButton.fireActionPerformed(AbstractButton.java:2018)
	at javax.swing.AbstractButton$Handler.actionPerformed(AbstractButton.java:2341)
	at javax.swing.DefaultButtonModel.fireActionPerformed(DefaultButtonModel.java:402)
	at javax.swing.DefaultButtonModel.setPressed(DefaultButtonModel.java:259)
	at javax.swing.plaf.basic.BasicButtonListener.mouseReleased(BasicButtonListener.java:252)
	at java.awt.Component.processMouseEvent(Component.java:6504)
	at javax.swing.JComponent.processMouseEvent(JComponent.java:3321)
	at java.awt.Component.processEvent(Component.java:6269)
	at java.awt.Container.processEvent(Container.java:2229)
	at java.awt.Component.dispatchEventImpl(Component.java:4860)
	at java.awt.Container.dispatchEventImpl(Container.java:2287)
	at java.awt.Component.dispatchEvent(Component.java:4686)
	at java.awt.LightweightDispatcher.retargetMouseEvent(Container.java:4832)
	at java.awt.LightweightDispatcher.processMouseEvent(Container.java:4492)
	at java.awt.LightweightDispatcher.dispatchEvent(Container.java:4422)
	at java.awt.Container.dispatchEventImpl(Container.java:2273)
	at java.awt.Window.dispatchEventImpl(Window.java:2713)
	at java.awt.Component.dispatchEvent(Component.java:4686)
	at java.awt.EventQueue.dispatchEventImpl(EventQueue.java:707)
	at java.awt.EventQueue.access$000(EventQueue.java:101)
	at java.awt.EventQueue$3.run(EventQueue.java:666)
	at java.awt.EventQueue$3.run(EventQueue.java:664)
	at java.security.AccessController.doPrivileged(Native Method)
	at java.security.ProtectionDomain$1.doIntersectionPrivilege(ProtectionDomain.java:76)
	at java.security.ProtectionDomain$1.doIntersectionPrivilege(ProtectionDomain.java:87)
	at java.awt.EventQueue$4.run(EventQueue.java:680)
	at java.awt.EventQueue$4.run(EventQueue.java:678)
	at java.security.AccessController.doPrivileged(Native Method)
	at java.security.ProtectionDomain$1.doIntersectionPrivilege(ProtectionDomain.java:76)
	at java.awt.EventQueue.dispatchEvent(EventQueue.java:677)
	at java.awt.EventDispatchThread.pumpOneEventForFilters(EventDispatchThread.java:211)
	at java.awt.EventDispatchThread.pumpEventsForFilter(EventDispatchThread.java:128)
	at java.awt.EventDispatchThread.pumpEventsForHierarchy(EventDispatchThread.java:117)
	at java.awt.EventDispatchThread.pumpEvents(EventDispatchThread.java:113)
	at java.awt.EventDispatchThread.pumpEvents(EventDispatchThread.java:105)
	at java.awt.EventDispatchThread.run(EventDispatchThread.java:90)
Caused by: java.lang.IllegalStateException: Nosso número [null5] com tamanho diferente da especificação (9)
	at br.com.nordestefomento.jrimum.bopepo.exemplo.CampoLivreSicredi.loadNossoNumero(CampoLivreSicredi.java:250)
	at br.com.nordestefomento.jrimum.bopepo.exemplo.CampoLivreSicredi.<init>(CampoLivreSicredi.java:172)
	... 85 more
0 [main] INFO br.com.log.LogDinnamus  - Iniciando o sistema de LogDinnamus - Wed Oct 02 03:26:58 BRT 2013
289 [main] INFO br.com.log.LogDinnamus  - Abrindo conexao com o servidor
1289 [main] INFO br.com.log.LogDinnamus  - Abrindo conexao com o servidor
20070 [AWT-EventQueue-0] ERROR br.com.log.LogDinnamus  - Registro de Exceção detectada : Wed Oct 02 03:27:18 BRT 2013
br.com.nordestefomento.jrimum.bopepo.campolivre.CampoLivreException: Ocorreu um problema ao tentar gerar o campo livre Sicredi.
	at br.com.nordestefomento.jrimum.bopepo.exemplo.CampoLivreSicredi.<init>(CampoLivreSicredi.java:197)
	at br.GerenciadorLicencaFinanceiro.Gerar_Boleto(GerenciadorLicencaFinanceiro.java:271)
	at ui.frmLicencas.btBoletoActionPerformed(frmLicencas.java:642)
	at ui.frmLicencas.access$900(frmLicencas.java:30)
	at ui.frmLicencas$10.actionPerformed(frmLicencas.java:200)
	at javax.swing.AbstractButton.fireActionPerformed(AbstractButton.java:2018)
	at javax.swing.AbstractButton$Handler.actionPerformed(AbstractButton.java:2341)
	at javax.swing.DefaultButtonModel.fireActionPerformed(DefaultButtonModel.java:402)
	at javax.swing.DefaultButtonModel.setPressed(DefaultButtonModel.java:259)
	at javax.swing.plaf.basic.BasicButtonListener.mouseReleased(BasicButtonListener.java:252)
	at java.awt.Component.processMouseEvent(Component.java:6504)
	at javax.swing.JComponent.processMouseEvent(JComponent.java:3321)
	at java.awt.Component.processEvent(Component.java:6269)
	at java.awt.Container.processEvent(Container.java:2229)
	at java.awt.Component.dispatchEventImpl(Component.java:4860)
	at java.awt.Container.dispatchEventImpl(Container.java:2287)
	at java.awt.Component.dispatchEvent(Component.java:4686)
	at java.awt.LightweightDispatcher.retargetMouseEvent(Container.java:4832)
	at java.awt.LightweightDispatcher.processMouseEvent(Container.java:4492)
	at java.awt.LightweightDispatcher.dispatchEvent(Container.java:4422)
	at java.awt.Container.dispatchEventImpl(Container.java:2273)
	at java.awt.Window.dispatchEventImpl(Window.java:2713)
	at java.awt.Component.dispatchEvent(Component.java:4686)
	at java.awt.EventQueue.dispatchEventImpl(EventQueue.java:707)
	at java.awt.EventQueue.access$000(EventQueue.java:101)
	at java.awt.EventQueue$3.run(EventQueue.java:666)
	at java.awt.EventQueue$3.run(EventQueue.java:664)
	at java.security.AccessController.doPrivileged(Native Method)
	at java.security.ProtectionDomain$1.doIntersectionPrivilege(ProtectionDomain.java:76)
	at java.security.ProtectionDomain$1.doIntersectionPrivilege(ProtectionDomain.java:87)
	at java.awt.EventQueue$4.run(EventQueue.java:680)
	at java.awt.EventQueue$4.run(EventQueue.java:678)
	at java.security.AccessController.doPrivileged(Native Method)
	at java.security.ProtectionDomain$1.doIntersectionPrivilege(ProtectionDomain.java:76)
	at java.awt.EventQueue.dispatchEvent(EventQueue.java:677)
	at java.awt.EventDispatchThread.pumpOneEventForFilters(EventDispatchThread.java:211)
	at java.awt.EventDispatchThread.pumpEventsForFilter(EventDispatchThread.java:128)
	at java.awt.EventDispatchThread.pumpEventsForFilter(EventDispatchThread.java:121)
	at java.awt.WaitDispatchSupport$2.run(WaitDispatchSupport.java:182)
	at java.awt.WaitDispatchSupport$4.run(WaitDispatchSupport.java:221)
	at java.security.AccessController.doPrivileged(Native Method)
	at java.awt.WaitDispatchSupport.enter(WaitDispatchSupport.java:219)
	at java.awt.Dialog.show(Dialog.java:1072)
	at java.awt.Component.show(Component.java:1650)
	at java.awt.Component.setVisible(Component.java:1602)
	at java.awt.Window.setVisible(Window.java:1013)
	at java.awt.Dialog.setVisible(Dialog.java:1003)
	at ui.frmGerenciador.btLicencaActionPerformed(frmGerenciador.java:343)
	at ui.frmGerenciador.access$500(frmGerenciador.java:26)
	at ui.frmGerenciador$6.actionPerformed(frmGerenciador.java:131)
	at javax.swing.AbstractButton.fireActionPerformed(AbstractButton.java:2018)
	at javax.swing.AbstractButton$Handler.actionPerformed(AbstractButton.java:2341)
	at javax.swing.DefaultButtonModel.fireActionPerformed(DefaultButtonModel.java:402)
	at javax.swing.DefaultButtonModel.setPressed(DefaultButtonModel.java:259)
	at javax.swing.plaf.basic.BasicButtonListener.mouseReleased(BasicButtonListener.java:252)
	at java.awt.Component.processMouseEvent(Component.java:6504)
	at javax.swing.JComponent.processMouseEvent(JComponent.java:3321)
	at java.awt.Component.processEvent(Component.java:6269)
	at java.awt.Container.processEvent(Container.java:2229)
	at java.awt.Component.dispatchEventImpl(Component.java:4860)
	at java.awt.Container.dispatchEventImpl(Container.java:2287)
	at java.awt.Component.dispatchEvent(Component.java:4686)
	at java.awt.LightweightDispatcher.retargetMouseEvent(Container.java:4832)
	at java.awt.LightweightDispatcher.processMouseEvent(Container.java:4492)
	at java.awt.LightweightDispatcher.dispatchEvent(Container.java:4422)
	at java.awt.Container.dispatchEventImpl(Container.java:2273)
	at java.awt.Window.dispatchEventImpl(Window.java:2713)
	at java.awt.Component.dispatchEvent(Component.java:4686)
	at java.awt.EventQueue.dispatchEventImpl(EventQueue.java:707)
	at java.awt.EventQueue.access$000(EventQueue.java:101)
	at java.awt.EventQueue$3.run(EventQueue.java:666)
	at java.awt.EventQueue$3.run(EventQueue.java:664)
	at java.security.AccessController.doPrivileged(Native Method)
	at java.security.ProtectionDomain$1.doIntersectionPrivilege(ProtectionDomain.java:76)
	at java.security.ProtectionDomain$1.doIntersectionPrivilege(ProtectionDomain.java:87)
	at java.awt.EventQueue$4.run(EventQueue.java:680)
	at java.awt.EventQueue$4.run(EventQueue.java:678)
	at java.security.AccessController.doPrivileged(Native Method)
	at java.security.ProtectionDomain$1.doIntersectionPrivilege(ProtectionDomain.java:76)
	at java.awt.EventQueue.dispatchEvent(EventQueue.java:677)
	at java.awt.EventDispatchThread.pumpOneEventForFilters(EventDispatchThread.java:211)
	at java.awt.EventDispatchThread.pumpEventsForFilter(EventDispatchThread.java:128)
	at java.awt.EventDispatchThread.pumpEventsForHierarchy(EventDispatchThread.java:117)
	at java.awt.EventDispatchThread.pumpEvents(EventDispatchThread.java:113)
	at java.awt.EventDispatchThread.pumpEvents(EventDispatchThread.java:105)
	at java.awt.EventDispatchThread.run(EventDispatchThread.java:90)
Caused by: java.lang.IllegalStateException: Nosso número [null5] com tamanho diferente da especificação (9)
	at br.com.nordestefomento.jrimum.bopepo.exemplo.CampoLivreSicredi.loadNossoNumero(CampoLivreSicredi.java:250)
	at br.com.nordestefomento.jrimum.bopepo.exemplo.CampoLivreSicredi.<init>(CampoLivreSicredi.java:172)
	... 85 more
0 [main] INFO br.com.log.LogDinnamus  - Iniciando o sistema de LogDinnamus - Wed Oct 02 03:28:46 BRT 2013
565 [main] INFO br.com.log.LogDinnamus  - Abrindo conexao com o servidor
1695 [main] INFO br.com.log.LogDinnamus  - Abrindo conexao com o servidor
11033 [AWT-EventQueue-0] ERROR br.com.log.LogDinnamus  - Registro de Exceção detectada : Wed Oct 02 03:28:57 BRT 2013
java.lang.NullPointerException: Objeto nulo
	at br.com.nordestefomento.jrimum.utilix.ObjectUtil.checkNotNull(ObjectUtil.java:422)
	at br.com.nordestefomento.jrimum.utilix.ObjectUtil.checkNotNull(ObjectUtil.java:443)
	at br.com.nordestefomento.jrimum.bopepo.Boleto.setCampoLivre(Boleto.java:237)
	at br.com.nordestefomento.jrimum.bopepo.Boleto.<init>(Boleto.java:195)
	at br.GerenciadorLicencaFinanceiro.Gerar_Boleto(GerenciadorLicencaFinanceiro.java:274)
	at ui.frmLicencas.btBoletoActionPerformed(frmLicencas.java:642)
	at ui.frmLicencas.access$900(frmLicencas.java:30)
	at ui.frmLicencas$10.actionPerformed(frmLicencas.java:200)
	at javax.swing.AbstractButton.fireActionPerformed(AbstractButton.java:2018)
	at javax.swing.AbstractButton$Handler.actionPerformed(AbstractButton.java:2341)
	at javax.swing.DefaultButtonModel.fireActionPerformed(DefaultButtonModel.java:402)
	at javax.swing.DefaultButtonModel.setPressed(DefaultButtonModel.java:259)
	at javax.swing.plaf.basic.BasicButtonListener.mouseReleased(BasicButtonListener.java:252)
	at java.awt.Component.processMouseEvent(Component.java:6504)
	at javax.swing.JComponent.processMouseEvent(JComponent.java:3321)
	at java.awt.Component.processEvent(Component.java:6269)
	at java.awt.Container.processEvent(Container.java:2229)
	at java.awt.Component.dispatchEventImpl(Component.java:4860)
	at java.awt.Container.dispatchEventImpl(Container.java:2287)
	at java.awt.Component.dispatchEvent(Component.java:4686)
	at java.awt.LightweightDispatcher.retargetMouseEvent(Container.java:4832)
	at java.awt.LightweightDispatcher.processMouseEvent(Container.java:4492)
	at java.awt.LightweightDispatcher.dispatchEvent(Container.java:4422)
	at java.awt.Container.dispatchEventImpl(Container.java:2273)
	at java.awt.Window.dispatchEventImpl(Window.java:2713)
	at java.awt.Component.dispatchEvent(Component.java:4686)
	at java.awt.EventQueue.dispatchEventImpl(EventQueue.java:707)
	at java.awt.EventQueue.access$000(EventQueue.java:101)
	at java.awt.EventQueue$3.run(EventQueue.java:666)
	at java.awt.EventQueue$3.run(EventQueue.java:664)
	at java.security.AccessController.doPrivileged(Native Method)
	at java.security.ProtectionDomain$1.doIntersectionPrivilege(ProtectionDomain.java:76)
	at java.security.ProtectionDomain$1.doIntersectionPrivilege(ProtectionDomain.java:87)
	at java.awt.EventQueue$4.run(EventQueue.java:680)
	at java.awt.EventQueue$4.run(EventQueue.java:678)
	at java.security.AccessController.doPrivileged(Native Method)
	at java.security.ProtectionDomain$1.doIntersectionPrivilege(ProtectionDomain.java:76)
	at java.awt.EventQueue.dispatchEvent(EventQueue.java:677)
	at java.awt.EventDispatchThread.pumpOneEventForFilters(EventDispatchThread.java:211)
	at java.awt.EventDispatchThread.pumpEventsForFilter(EventDispatchThread.java:128)
	at java.awt.EventDispatchThread.pumpEventsForFilter(EventDispatchThread.java:121)
	at java.awt.WaitDispatchSupport$2.run(WaitDispatchSupport.java:182)
	at java.awt.WaitDispatchSupport$4.run(WaitDispatchSupport.java:221)
	at java.security.AccessController.doPrivileged(Native Method)
	at java.awt.WaitDispatchSupport.enter(WaitDispatchSupport.java:219)
	at java.awt.Dialog.show(Dialog.java:1072)
	at java.awt.Component.show(Component.java:1650)
	at java.awt.Component.setVisible(Component.java:1602)
	at java.awt.Window.setVisible(Window.java:1013)
	at java.awt.Dialog.setVisible(Dialog.java:1003)
	at ui.frmGerenciador.btLicencaActionPerformed(frmGerenciador.java:343)
	at ui.frmGerenciador.access$500(frmGerenciador.java:26)
	at ui.frmGerenciador$6.actionPerformed(frmGerenciador.java:131)
	at javax.swing.AbstractButton.fireActionPerformed(AbstractButton.java:2018)
	at javax.swing.AbstractButton$Handler.actionPerformed(AbstractButton.java:2341)
	at javax.swing.DefaultButtonModel.fireActionPerformed(DefaultButtonModel.java:402)
	at javax.swing.DefaultButtonModel.setPressed(DefaultButtonModel.java:259)
	at javax.swing.plaf.basic.BasicButtonListener.mouseReleased(BasicButtonListener.java:252)
	at java.awt.Component.processMouseEvent(Component.java:6504)
	at javax.swing.JComponent.processMouseEvent(JComponent.java:3321)
	at java.awt.Component.processEvent(Component.java:6269)
	at java.awt.Container.processEvent(Container.java:2229)
	at java.awt.Component.dispatchEventImpl(Component.java:4860)
	at java.awt.Container.dispatchEventImpl(Container.java:2287)
	at java.awt.Component.dispatchEvent(Component.java:4686)
	at java.awt.LightweightDispatcher.retargetMouseEvent(Container.java:4832)
	at java.awt.LightweightDispatcher.processMouseEvent(Container.java:4492)
	at java.awt.LightweightDispatcher.dispatchEvent(Container.java:4422)
	at java.awt.Container.dispatchEventImpl(Container.java:2273)
	at java.awt.Window.dispatchEventImpl(Window.java:2713)
	at java.awt.Component.dispatchEvent(Component.java:4686)
	at java.awt.EventQueue.dispatchEventImpl(EventQueue.java:707)
	at java.awt.EventQueue.access$000(EventQueue.java:101)
	at java.awt.EventQueue$3.run(EventQueue.java:666)
	at java.awt.EventQueue$3.run(EventQueue.java:664)
	at java.security.AccessController.doPrivileged(Native Method)
	at java.security.ProtectionDomain$1.doIntersectionPrivilege(ProtectionDomain.java:76)
	at java.security.ProtectionDomain$1.doIntersectionPrivilege(ProtectionDomain.java:87)
	at java.awt.EventQueue$4.run(EventQueue.java:680)
	at java.awt.EventQueue$4.run(EventQueue.java:678)
	at java.security.AccessController.doPrivileged(Native Method)
	at java.security.ProtectionDomain$1.doIntersectionPrivilege(ProtectionDomain.java:76)
	at java.awt.EventQueue.dispatchEvent(EventQueue.java:677)
	at java.awt.EventDispatchThread.pumpOneEventForFilters(EventDispatchThread.java:211)
	at java.awt.EventDispatchThread.pumpEventsForFilter(EventDispatchThread.java:128)
	at java.awt.EventDispatchThread.pumpEventsForHierarchy(EventDispatchThread.java:117)
	at java.awt.EventDispatchThread.pumpEvents(EventDispatchThread.java:113)
	at java.awt.EventDispatchThread.pumpEvents(EventDispatchThread.java:105)
	at java.awt.EventDispatchThread.run(EventDispatchThread.java:90)
1 [main] INFO br.com.log.LogDinnamus  - Iniciando o sistema de LogDinnamus - Wed Oct 02 03:29:22 BRT 2013
1509 [main] INFO br.com.log.LogDinnamus  - Abrindo conexao com o servidor
2039 [main] INFO br.com.log.LogDinnamus  - Abrindo conexao com o servidor
11661 [AWT-EventQueue-0] ERROR br.com.log.LogDinnamus  - Registro de Exceção detectada : Wed Oct 02 03:29:34 BRT 2013
java.lang.NullPointerException: Objeto nulo
	at br.com.nordestefomento.jrimum.utilix.ObjectUtil.checkNotNull(ObjectUtil.java:422)
	at br.com.nordestefomento.jrimum.utilix.ObjectUtil.checkNotNull(ObjectUtil.java:443)
	at br.com.nordestefomento.jrimum.bopepo.Boleto.setCampoLivre(Boleto.java:237)
	at br.com.nordestefomento.jrimum.bopepo.Boleto.<init>(Boleto.java:159)
	at br.GerenciadorLicencaFinanceiro.Gerar_Boleto(GerenciadorLicencaFinanceiro.java:274)
	at ui.frmLicencas.btBoletoActionPerformed(frmLicencas.java:642)
	at ui.frmLicencas.access$900(frmLicencas.java:30)
	at ui.frmLicencas$10.actionPerformed(frmLicencas.java:200)
	at javax.swing.AbstractButton.fireActionPerformed(AbstractButton.java:2018)
	at javax.swing.AbstractButton$Handler.actionPerformed(AbstractButton.java:2341)
	at javax.swing.DefaultButtonModel.fireActionPerformed(DefaultButtonModel.java:402)
	at javax.swing.DefaultButtonModel.setPressed(DefaultButtonModel.java:259)
	at javax.swing.plaf.basic.BasicButtonListener.mouseReleased(BasicButtonListener.java:252)
	at java.awt.Component.processMouseEvent(Component.java:6504)
	at javax.swing.JComponent.processMouseEvent(JComponent.java:3321)
	at java.awt.Component.processEvent(Component.java:6269)
	at java.awt.Container.processEvent(Container.java:2229)
	at java.awt.Component.dispatchEventImpl(Component.java:4860)
	at java.awt.Container.dispatchEventImpl(Container.java:2287)
	at java.awt.Component.dispatchEvent(Component.java:4686)
	at java.awt.LightweightDispatcher.retargetMouseEvent(Container.java:4832)
	at java.awt.LightweightDispatcher.processMouseEvent(Container.java:4492)
	at java.awt.LightweightDispatcher.dispatchEvent(Container.java:4422)
	at java.awt.Container.dispatchEventImpl(Container.java:2273)
	at java.awt.Window.dispatchEventImpl(Window.java:2713)
	at java.awt.Component.dispatchEvent(Component.java:4686)
	at java.awt.EventQueue.dispatchEventImpl(EventQueue.java:707)
	at java.awt.EventQueue.access$000(EventQueue.java:101)
	at java.awt.EventQueue$3.run(EventQueue.java:666)
	at java.awt.EventQueue$3.run(EventQueue.java:664)
	at java.security.AccessController.doPrivileged(Native Method)
	at java.security.ProtectionDomain$1.doIntersectionPrivilege(ProtectionDomain.java:76)
	at java.security.ProtectionDomain$1.doIntersectionPrivilege(ProtectionDomain.java:87)
	at java.awt.EventQueue$4.run(EventQueue.java:680)
	at java.awt.EventQueue$4.run(EventQueue.java:678)
	at java.security.AccessController.doPrivileged(Native Method)
	at java.security.ProtectionDomain$1.doIntersectionPrivilege(ProtectionDomain.java:76)
	at java.awt.EventQueue.dispatchEvent(EventQueue.java:677)
	at java.awt.EventDispatchThread.pumpOneEventForFilters(EventDispatchThread.java:211)
	at java.awt.EventDispatchThread.pumpEventsForFilter(EventDispatchThread.java:128)
	at java.awt.EventDispatchThread.pumpEventsForFilter(EventDispatchThread.java:121)
	at java.awt.WaitDispatchSupport$2.run(WaitDispatchSupport.java:182)
	at java.awt.WaitDispatchSupport$4.run(WaitDispatchSupport.java:221)
	at java.security.AccessController.doPrivileged(Native Method)
	at java.awt.WaitDispatchSupport.enter(WaitDispatchSupport.java:219)
	at java.awt.Dialog.show(Dialog.java:1072)
	at java.awt.Component.show(Component.java:1650)
	at java.awt.Component.setVisible(Component.java:1602)
	at java.awt.Window.setVisible(Window.java:1013)
	at java.awt.Dialog.setVisible(Dialog.java:1003)
	at ui.frmGerenciador.btLicencaActionPerformed(frmGerenciador.java:343)
	at ui.frmGerenciador.access$500(frmGerenciador.java:26)
	at ui.frmGerenciador$6.actionPerformed(frmGerenciador.java:131)
	at javax.swing.AbstractButton.fireActionPerformed(AbstractButton.java:2018)
	at javax.swing.AbstractButton$Handler.actionPerformed(AbstractButton.java:2341)
	at javax.swing.DefaultButtonModel.fireActionPerformed(DefaultButtonModel.java:402)
	at javax.swing.DefaultButtonModel.setPressed(DefaultButtonModel.java:259)
	at javax.swing.plaf.basic.BasicButtonListener.mouseReleased(BasicButtonListener.java:252)
	at java.awt.Component.processMouseEvent(Component.java:6504)
	at javax.swing.JComponent.processMouseEvent(JComponent.java:3321)
	at java.awt.Component.processEvent(Component.java:6269)
	at java.awt.Container.processEvent(Container.java:2229)
	at java.awt.Component.dispatchEventImpl(Component.java:4860)
	at java.awt.Container.dispatchEventImpl(Container.java:2287)
	at java.awt.Component.dispatchEvent(Component.java:4686)
	at java.awt.LightweightDispatcher.retargetMouseEvent(Container.java:4832)
	at java.awt.LightweightDispatcher.processMouseEvent(Container.java:4492)
	at java.awt.LightweightDispatcher.dispatchEvent(Container.java:4422)
	at java.awt.Container.dispatchEventImpl(Container.java:2273)
	at java.awt.Window.dispatchEventImpl(Window.java:2713)
	at java.awt.Component.dispatchEvent(Component.java:4686)
	at java.awt.EventQueue.dispatchEventImpl(EventQueue.java:707)
	at java.awt.EventQueue.access$000(EventQueue.java:101)
	at java.awt.EventQueue$3.run(EventQueue.java:666)
	at java.awt.EventQueue$3.run(EventQueue.java:664)
	at java.security.AccessController.doPrivileged(Native Method)
	at java.security.ProtectionDomain$1.doIntersectionPrivilege(ProtectionDomain.java:76)
	at java.security.ProtectionDomain$1.doIntersectionPrivilege(ProtectionDomain.java:87)
	at java.awt.EventQueue$4.run(EventQueue.java:680)
	at java.awt.EventQueue$4.run(EventQueue.java:678)
	at java.security.AccessController.doPrivileged(Native Method)
	at java.security.ProtectionDomain$1.doIntersectionPrivilege(ProtectionDomain.java:76)
	at java.awt.EventQueue.dispatchEvent(EventQueue.java:677)
	at java.awt.EventDispatchThread.pumpOneEventForFilters(EventDispatchThread.java:211)
	at java.awt.EventDispatchThread.pumpEventsForFilter(EventDispatchThread.java:128)
	at java.awt.EventDispatchThread.pumpEventsForHierarchy(EventDispatchThread.java:117)
	at java.awt.EventDispatchThread.pumpEvents(EventDispatchThread.java:113)
	at java.awt.EventDispatchThread.pumpEvents(EventDispatchThread.java:105)
	at java.awt.EventDispatchThread.run(EventDispatchThread.java:90)
0 [main] INFO br.com.log.LogDinnamus  - Iniciando o sistema de LogDinnamus - Wed Oct 02 03:33:21 BRT 2013
271 [main] INFO br.com.log.LogDinnamus  - Abrindo conexao com o servidor
1291 [main] INFO br.com.log.LogDinnamus  - Abrindo conexao com o servidor
9263 [AWT-EventQueue-0] ERROR br.com.log.LogDinnamus  - Registro de Exceção detectada : Wed Oct 02 03:33:31 BRT 2013
java.lang.IllegalArgumentException: O tamanho da String [0] é menor que o especificado [25]!
	at br.com.nordestefomento.jrimum.bopepo.Boleto.setCampoLivre(Boleto.java:250)
	at br.com.nordestefomento.jrimum.bopepo.Boleto.<init>(Boleto.java:195)
	at br.GerenciadorLicencaFinanceiro.Gerar_Boleto(GerenciadorLicencaFinanceiro.java:285)
	at ui.frmLicencas.btBoletoActionPerformed(frmLicencas.java:642)
	at ui.frmLicencas.access$900(frmLicencas.java:30)
	at ui.frmLicencas$10.actionPerformed(frmLicencas.java:200)
	at javax.swing.AbstractButton.fireActionPerformed(AbstractButton.java:2018)
	at javax.swing.AbstractButton$Handler.actionPerformed(AbstractButton.java:2341)
	at javax.swing.DefaultButtonModel.fireActionPerformed(DefaultButtonModel.java:402)
	at javax.swing.DefaultButtonModel.setPressed(DefaultButtonModel.java:259)
	at javax.swing.plaf.basic.BasicButtonListener.mouseReleased(BasicButtonListener.java:252)
	at java.awt.Component.processMouseEvent(Component.java:6504)
	at javax.swing.JComponent.processMouseEvent(JComponent.java:3321)
	at java.awt.Component.processEvent(Component.java:6269)
	at java.awt.Container.processEvent(Container.java:2229)
	at java.awt.Component.dispatchEventImpl(Component.java:4860)
	at java.awt.Container.dispatchEventImpl(Container.java:2287)
	at java.awt.Component.dispatchEvent(Component.java:4686)
	at java.awt.LightweightDispatcher.retargetMouseEvent(Container.java:4832)
	at java.awt.LightweightDispatcher.processMouseEvent(Container.java:4492)
	at java.awt.LightweightDispatcher.dispatchEvent(Container.java:4422)
	at java.awt.Container.dispatchEventImpl(Container.java:2273)
	at java.awt.Window.dispatchEventImpl(Window.java:2713)
	at java.awt.Component.dispatchEvent(Component.java:4686)
	at java.awt.EventQueue.dispatchEventImpl(EventQueue.java:707)
	at java.awt.EventQueue.access$000(EventQueue.java:101)
	at java.awt.EventQueue$3.run(EventQueue.java:666)
	at java.awt.EventQueue$3.run(EventQueue.java:664)
	at java.security.AccessController.doPrivileged(Native Method)
	at java.security.ProtectionDomain$1.doIntersectionPrivilege(ProtectionDomain.java:76)
	at java.security.ProtectionDomain$1.doIntersectionPrivilege(ProtectionDomain.java:87)
	at java.awt.EventQueue$4.run(EventQueue.java:680)
	at java.awt.EventQueue$4.run(EventQueue.java:678)
	at java.security.AccessController.doPrivileged(Native Method)
	at java.security.ProtectionDomain$1.doIntersectionPrivilege(ProtectionDomain.java:76)
	at java.awt.EventQueue.dispatchEvent(EventQueue.java:677)
	at java.awt.EventDispatchThread.pumpOneEventForFilters(EventDispatchThread.java:211)
	at java.awt.EventDispatchThread.pumpEventsForFilter(EventDispatchThread.java:128)
	at java.awt.EventDispatchThread.pumpEventsForFilter(EventDispatchThread.java:121)
	at java.awt.WaitDispatchSupport$2.run(WaitDispatchSupport.java:182)
	at java.awt.WaitDispatchSupport$4.run(WaitDispatchSupport.java:221)
	at java.security.AccessController.doPrivileged(Native Method)
	at java.awt.WaitDispatchSupport.enter(WaitDispatchSupport.java:219)
	at java.awt.Dialog.show(Dialog.java:1072)
	at java.awt.Component.show(Component.java:1650)
	at java.awt.Component.setVisible(Component.java:1602)
	at java.awt.Window.setVisible(Window.java:1013)
	at java.awt.Dialog.setVisible(Dialog.java:1003)
	at ui.frmGerenciador.btLicencaActionPerformed(frmGerenciador.java:343)
	at ui.frmGerenciador.access$500(frmGerenciador.java:26)
	at ui.frmGerenciador$6.actionPerformed(frmGerenciador.java:131)
	at javax.swing.AbstractButton.fireActionPerformed(AbstractButton.java:2018)
	at javax.swing.AbstractButton$Handler.actionPerformed(AbstractButton.java:2341)
	at javax.swing.DefaultButtonModel.fireActionPerformed(DefaultButtonModel.java:402)
	at javax.swing.DefaultButtonModel.setPressed(DefaultButtonModel.java:259)
	at javax.swing.plaf.basic.BasicButtonListener.mouseReleased(BasicButtonListener.java:252)
	at java.awt.Component.processMouseEvent(Component.java:6504)
	at javax.swing.JComponent.processMouseEvent(JComponent.java:3321)
	at java.awt.Component.processEvent(Component.java:6269)
	at java.awt.Container.processEvent(Container.java:2229)
	at java.awt.Component.dispatchEventImpl(Component.java:4860)
	at java.awt.Container.dispatchEventImpl(Container.java:2287)
	at java.awt.Component.dispatchEvent(Component.java:4686)
	at java.awt.LightweightDispatcher.retargetMouseEvent(Container.java:4832)
	at java.awt.LightweightDispatcher.processMouseEvent(Container.java:4492)
	at java.awt.LightweightDispatcher.dispatchEvent(Container.java:4422)
	at java.awt.Container.dispatchEventImpl(Container.java:2273)
	at java.awt.Window.dispatchEventImpl(Window.java:2713)
	at java.awt.Component.dispatchEvent(Component.java:4686)
	at java.awt.EventQueue.dispatchEventImpl(EventQueue.java:707)
	at java.awt.EventQueue.access$000(EventQueue.java:101)
	at java.awt.EventQueue$3.run(EventQueue.java:666)
	at java.awt.EventQueue$3.run(EventQueue.java:664)
	at java.security.AccessController.doPrivileged(Native Method)
	at java.security.ProtectionDomain$1.doIntersectionPrivilege(ProtectionDomain.java:76)
	at java.security.ProtectionDomain$1.doIntersectionPrivilege(ProtectionDomain.java:87)
	at java.awt.EventQueue$4.run(EventQueue.java:680)
	at java.awt.EventQueue$4.run(EventQueue.java:678)
	at java.security.AccessController.doPrivileged(Native Method)
	at java.security.ProtectionDomain$1.doIntersectionPrivilege(ProtectionDomain.java:76)
	at java.awt.EventQueue.dispatchEvent(EventQueue.java:677)
	at java.awt.EventDispatchThread.pumpOneEventForFilters(EventDispatchThread.java:211)
	at java.awt.EventDispatchThread.pumpEventsForFilter(EventDispatchThread.java:128)
	at java.awt.EventDispatchThread.pumpEventsForHierarchy(EventDispatchThread.java:117)
	at java.awt.EventDispatchThread.pumpEvents(EventDispatchThread.java:113)
	at java.awt.EventDispatchThread.pumpEvents(EventDispatchThread.java:105)
	at java.awt.EventDispatchThread.run(EventDispatchThread.java:90)
0 [main] INFO br.com.log.LogDinnamus  - Iniciando o sistema de LogDinnamus - Wed Oct 02 03:36:07 BRT 2013
95 [main] INFO br.com.log.LogDinnamus  - Abrindo conexao com o servidor
923 [main] INFO br.com.log.LogDinnamus  - Abrindo conexao com o servidor
10053 [AWT-EventQueue-0] ERROR br.com.log.LogDinnamus  - Registro de Exceção detectada : Wed Oct 02 03:36:17 BRT 2013
java.lang.NullPointerException
	at br.com.nordestefomento.jrimum.bopepo.CodigoDeBarras.<init>(CodigoDeBarras.java:217)
	at br.com.nordestefomento.jrimum.bopepo.Boleto.load(Boleto.java:214)
	at br.com.nordestefomento.jrimum.bopepo.Boleto.<init>(Boleto.java:196)
	at br.GerenciadorLicencaFinanceiro.Gerar_Boleto(GerenciadorLicencaFinanceiro.java:284)
	at ui.frmLicencas.btBoletoActionPerformed(frmLicencas.java:642)
	at ui.frmLicencas.access$900(frmLicencas.java:30)
	at ui.frmLicencas$10.actionPerformed(frmLicencas.java:200)
	at javax.swing.AbstractButton.fireActionPerformed(AbstractButton.java:2018)
	at javax.swing.AbstractButton$Handler.actionPerformed(AbstractButton.java:2341)
	at javax.swing.DefaultButtonModel.fireActionPerformed(DefaultButtonModel.java:402)
	at javax.swing.DefaultButtonModel.setPressed(DefaultButtonModel.java:259)
	at javax.swing.plaf.basic.BasicButtonListener.mouseReleased(BasicButtonListener.java:252)
	at java.awt.Component.processMouseEvent(Component.java:6504)
	at javax.swing.JComponent.processMouseEvent(JComponent.java:3321)
	at java.awt.Component.processEvent(Component.java:6269)
	at java.awt.Container.processEvent(Container.java:2229)
	at java.awt.Component.dispatchEventImpl(Component.java:4860)
	at java.awt.Container.dispatchEventImpl(Container.java:2287)
	at java.awt.Component.dispatchEvent(Component.java:4686)
	at java.awt.LightweightDispatcher.retargetMouseEvent(Container.java:4832)
	at java.awt.LightweightDispatcher.processMouseEvent(Container.java:4492)
	at java.awt.LightweightDispatcher.dispatchEvent(Container.java:4422)
	at java.awt.Container.dispatchEventImpl(Container.java:2273)
	at java.awt.Window.dispatchEventImpl(Window.java:2713)
	at java.awt.Component.dispatchEvent(Component.java:4686)
	at java.awt.EventQueue.dispatchEventImpl(EventQueue.java:707)
	at java.awt.EventQueue.access$000(EventQueue.java:101)
	at java.awt.EventQueue$3.run(EventQueue.java:666)
	at java.awt.EventQueue$3.run(EventQueue.java:664)
	at java.security.AccessController.doPrivileged(Native Method)
	at java.security.ProtectionDomain$1.doIntersectionPrivilege(ProtectionDomain.java:76)
	at java.security.ProtectionDomain$1.doIntersectionPrivilege(ProtectionDomain.java:87)
	at java.awt.EventQueue$4.run(EventQueue.java:680)
	at java.awt.EventQueue$4.run(EventQueue.java:678)
	at java.security.AccessController.doPrivileged(Native Method)
	at java.security.ProtectionDomain$1.doIntersectionPrivilege(ProtectionDomain.java:76)
	at java.awt.EventQueue.dispatchEvent(EventQueue.java:677)
	at java.awt.EventDispatchThread.pumpOneEventForFilters(EventDispatchThread.java:211)
	at java.awt.EventDispatchThread.pumpEventsForFilter(EventDispatchThread.java:128)
	at java.awt.EventDispatchThread.pumpEventsForFilter(EventDispatchThread.java:121)
	at java.awt.WaitDispatchSupport$2.run(WaitDispatchSupport.java:182)
	at java.awt.WaitDispatchSupport$4.run(WaitDispatchSupport.java:221)
	at java.security.AccessController.doPrivileged(Native Method)
	at java.awt.WaitDispatchSupport.enter(WaitDispatchSupport.java:219)
	at java.awt.Dialog.show(Dialog.java:1072)
	at java.awt.Component.show(Component.java:1650)
	at java.awt.Component.setVisible(Component.java:1602)
	at java.awt.Window.setVisible(Window.java:1013)
	at java.awt.Dialog.setVisible(Dialog.java:1003)
	at ui.frmGerenciador.btLicencaActionPerformed(frmGerenciador.java:343)
	at ui.frmGerenciador.access$500(frmGerenciador.java:26)
	at ui.frmGerenciador$6.actionPerformed(frmGerenciador.java:131)
	at javax.swing.AbstractButton.fireActionPerformed(AbstractButton.java:2018)
	at javax.swing.AbstractButton$Handler.actionPerformed(AbstractButton.java:2341)
	at javax.swing.DefaultButtonModel.fireActionPerformed(DefaultButtonModel.java:402)
	at javax.swing.DefaultButtonModel.setPressed(DefaultButtonModel.java:259)
	at javax.swing.plaf.basic.BasicButtonListener.mouseReleased(BasicButtonListener.java:252)
	at java.awt.Component.processMouseEvent(Component.java:6504)
	at javax.swing.JComponent.processMouseEvent(JComponent.java:3321)
	at java.awt.Component.processEvent(Component.java:6269)
	at java.awt.Container.processEvent(Container.java:2229)
	at java.awt.Component.dispatchEventImpl(Component.java:4860)
	at java.awt.Container.dispatchEventImpl(Container.java:2287)
	at java.awt.Component.dispatchEvent(Component.java:4686)
	at java.awt.LightweightDispatcher.retargetMouseEvent(Container.java:4832)
	at java.awt.LightweightDispatcher.processMouseEvent(Container.java:4492)
	at java.awt.LightweightDispatcher.dispatchEvent(Container.java:4422)
	at java.awt.Container.dispatchEventImpl(Container.java:2273)
	at java.awt.Window.dispatchEventImpl(Window.java:2713)
	at java.awt.Component.dispatchEvent(Component.java:4686)
	at java.awt.EventQueue.dispatchEventImpl(EventQueue.java:707)
	at java.awt.EventQueue.access$000(EventQueue.java:101)
	at java.awt.EventQueue$3.run(EventQueue.java:666)
	at java.awt.EventQueue$3.run(EventQueue.java:664)
	at java.security.AccessController.doPrivileged(Native Method)
	at java.security.ProtectionDomain$1.doIntersectionPrivilege(ProtectionDomain.java:76)
	at java.security.ProtectionDomain$1.doIntersectionPrivilege(ProtectionDomain.java:87)
	at java.awt.EventQueue$4.run(EventQueue.java:680)
	at java.awt.EventQueue$4.run(EventQueue.java:678)
	at java.security.AccessController.doPrivileged(Native Method)
	at java.security.ProtectionDomain$1.doIntersectionPrivilege(ProtectionDomain.java:76)
	at java.awt.EventQueue.dispatchEvent(EventQueue.java:677)
	at java.awt.EventDispatchThread.pumpOneEventForFilters(EventDispatchThread.java:211)
	at java.awt.EventDispatchThread.pumpEventsForFilter(EventDispatchThread.java:128)
	at java.awt.EventDispatchThread.pumpEventsForHierarchy(EventDispatchThread.java:117)
	at java.awt.EventDispatchThread.pumpEvents(EventDispatchThread.java:113)
	at java.awt.EventDispatchThread.pumpEvents(EventDispatchThread.java:105)
	at java.awt.EventDispatchThread.run(EventDispatchThread.java:90)
0 [main] INFO br.com.log.LogDinnamus  - Iniciando o sistema de LogDinnamus - Wed Oct 02 03:41:11 BRT 2013
191 [main] INFO br.com.log.LogDinnamus  - Abrindo conexao com o servidor
1081 [main] INFO br.com.log.LogDinnamus  - Abrindo conexao com o servidor
17036 [AWT-EventQueue-0] ERROR br.com.log.LogDinnamus  - Registro de Exceção detectada : Wed Oct 02 03:41:28 BRT 2013
java.lang.NullPointerException
	at br.com.nordestefomento.jrimum.bopepo.CodigoDeBarras.<init>(CodigoDeBarras.java:217)
	at br.com.nordestefomento.jrimum.bopepo.Boleto.load(Boleto.java:214)
	at br.com.nordestefomento.jrimum.bopepo.Boleto.<init>(Boleto.java:196)
	at br.GerenciadorLicencaFinanceiro.Gerar_Boleto(GerenciadorLicencaFinanceiro.java:284)
	at ui.frmLicencas.btBoletoActionPerformed(frmLicencas.java:642)
	at ui.frmLicencas.access$900(frmLicencas.java:30)
	at ui.frmLicencas$10.actionPerformed(frmLicencas.java:200)
	at javax.swing.AbstractButton.fireActionPerformed(AbstractButton.java:2018)
	at javax.swing.AbstractButton$Handler.actionPerformed(AbstractButton.java:2341)
	at javax.swing.DefaultButtonModel.fireActionPerformed(DefaultButtonModel.java:402)
	at javax.swing.DefaultButtonModel.setPressed(DefaultButtonModel.java:259)
	at javax.swing.plaf.basic.BasicButtonListener.mouseReleased(BasicButtonListener.java:252)
	at java.awt.Component.processMouseEvent(Component.java:6504)
	at javax.swing.JComponent.processMouseEvent(JComponent.java:3321)
	at java.awt.Component.processEvent(Component.java:6269)
	at java.awt.Container.processEvent(Container.java:2229)
	at java.awt.Component.dispatchEventImpl(Component.java:4860)
	at java.awt.Container.dispatchEventImpl(Container.java:2287)
	at java.awt.Component.dispatchEvent(Component.java:4686)
	at java.awt.LightweightDispatcher.retargetMouseEvent(Container.java:4832)
	at java.awt.LightweightDispatcher.processMouseEvent(Container.java:4492)
	at java.awt.LightweightDispatcher.dispatchEvent(Container.java:4422)
	at java.awt.Container.dispatchEventImpl(Container.java:2273)
	at java.awt.Window.dispatchEventImpl(Window.java:2713)
	at java.awt.Component.dispatchEvent(Component.java:4686)
	at java.awt.EventQueue.dispatchEventImpl(EventQueue.java:707)
	at java.awt.EventQueue.access$000(EventQueue.java:101)
	at java.awt.EventQueue$3.run(EventQueue.java:666)
	at java.awt.EventQueue$3.run(EventQueue.java:664)
	at java.security.AccessController.doPrivileged(Native Method)
	at java.security.ProtectionDomain$1.doIntersectionPrivilege(ProtectionDomain.java:76)
	at java.security.ProtectionDomain$1.doIntersectionPrivilege(ProtectionDomain.java:87)
	at java.awt.EventQueue$4.run(EventQueue.java:680)
	at java.awt.EventQueue$4.run(EventQueue.java:678)
	at java.security.AccessController.doPrivileged(Native Method)
	at java.security.ProtectionDomain$1.doIntersectionPrivilege(ProtectionDomain.java:76)
	at java.awt.EventQueue.dispatchEvent(EventQueue.java:677)
	at java.awt.EventDispatchThread.pumpOneEventForFilters(EventDispatchThread.java:211)
	at java.awt.EventDispatchThread.pumpEventsForFilter(EventDispatchThread.java:128)
	at java.awt.EventDispatchThread.pumpEventsForFilter(EventDispatchThread.java:121)
	at java.awt.WaitDispatchSupport$2.run(WaitDispatchSupport.java:182)
	at java.awt.WaitDispatchSupport$4.run(WaitDispatchSupport.java:221)
	at java.security.AccessController.doPrivileged(Native Method)
	at java.awt.WaitDispatchSupport.enter(WaitDispatchSupport.java:219)
	at java.awt.Dialog.show(Dialog.java:1072)
	at java.awt.Component.show(Component.java:1650)
	at java.awt.Component.setVisible(Component.java:1602)
	at java.awt.Window.setVisible(Window.java:1013)
	at java.awt.Dialog.setVisible(Dialog.java:1003)
	at ui.frmGerenciador.btLicencaActionPerformed(frmGerenciador.java:343)
	at ui.frmGerenciador.access$500(frmGerenciador.java:26)
	at ui.frmGerenciador$6.actionPerformed(frmGerenciador.java:131)
	at javax.swing.AbstractButton.fireActionPerformed(AbstractButton.java:2018)
	at javax.swing.AbstractButton$Handler.actionPerformed(AbstractButton.java:2341)
	at javax.swing.DefaultButtonModel.fireActionPerformed(DefaultButtonModel.java:402)
	at javax.swing.DefaultButtonModel.setPressed(DefaultButtonModel.java:259)
	at javax.swing.plaf.basic.BasicButtonListener.mouseReleased(BasicButtonListener.java:252)
	at java.awt.Component.processMouseEvent(Component.java:6504)
	at javax.swing.JComponent.processMouseEvent(JComponent.java:3321)
	at java.awt.Component.processEvent(Component.java:6269)
	at java.awt.Container.processEvent(Container.java:2229)
	at java.awt.Component.dispatchEventImpl(Component.java:4860)
	at java.awt.Container.dispatchEventImpl(Container.java:2287)
	at java.awt.Component.dispatchEvent(Component.java:4686)
	at java.awt.LightweightDispatcher.retargetMouseEvent(Container.java:4832)
	at java.awt.LightweightDispatcher.processMouseEvent(Container.java:4492)
	at java.awt.LightweightDispatcher.dispatchEvent(Container.java:4422)
	at java.awt.Container.dispatchEventImpl(Container.java:2273)
	at java.awt.Window.dispatchEventImpl(Window.java:2713)
	at java.awt.Component.dispatchEvent(Component.java:4686)
	at java.awt.EventQueue.dispatchEventImpl(EventQueue.java:707)
	at java.awt.EventQueue.access$000(EventQueue.java:101)
	at java.awt.EventQueue$3.run(EventQueue.java:666)
	at java.awt.EventQueue$3.run(EventQueue.java:664)
	at java.security.AccessController.doPrivileged(Native Method)
	at java.security.ProtectionDomain$1.doIntersectionPrivilege(ProtectionDomain.java:76)
	at java.security.ProtectionDomain$1.doIntersectionPrivilege(ProtectionDomain.java:87)
	at java.awt.EventQueue$4.run(EventQueue.java:680)
	at java.awt.EventQueue$4.run(EventQueue.java:678)
	at java.security.AccessController.doPrivileged(Native Method)
	at java.security.ProtectionDomain$1.doIntersectionPrivilege(ProtectionDomain.java:76)
	at java.awt.EventQueue.dispatchEvent(EventQueue.java:677)
	at java.awt.EventDispatchThread.pumpOneEventForFilters(EventDispatchThread.java:211)
	at java.awt.EventDispatchThread.pumpEventsForFilter(EventDispatchThread.java:128)
	at java.awt.EventDispatchThread.pumpEventsForHierarchy(EventDispatchThread.java:117)
	at java.awt.EventDispatchThread.pumpEvents(EventDispatchThread.java:113)
	at java.awt.EventDispatchThread.pumpEvents(EventDispatchThread.java:105)
	at java.awt.EventDispatchThread.run(EventDispatchThread.java:90)
0 [main] INFO br.com.log.LogDinnamus  - Iniciando o sistema de LogDinnamus - Wed Oct 02 03:42:49 BRT 2013
89 [main] INFO br.com.log.LogDinnamus  - Abrindo conexao com o servidor
1050 [main] INFO br.com.log.LogDinnamus  - Abrindo conexao com o servidor
9547 [AWT-EventQueue-0] ERROR br.com.log.LogDinnamus  - Registro de Exceção detectada : Wed Oct 02 03:42:59 BRT 2013
java.lang.NullPointerException
	at br.com.nordestefomento.jrimum.bopepo.CodigoDeBarras.<init>(CodigoDeBarras.java:217)
	at br.com.nordestefomento.jrimum.bopepo.Boleto.load(Boleto.java:214)
	at br.com.nordestefomento.jrimum.bopepo.Boleto.<init>(Boleto.java:196)
	at br.GerenciadorLicencaFinanceiro.Gerar_Boleto(GerenciadorLicencaFinanceiro.java:284)
	at ui.frmLicencas.btBoletoActionPerformed(frmLicencas.java:642)
	at ui.frmLicencas.access$900(frmLicencas.java:30)
	at ui.frmLicencas$10.actionPerformed(frmLicencas.java:200)
	at javax.swing.AbstractButton.fireActionPerformed(AbstractButton.java:2018)
	at javax.swing.AbstractButton$Handler.actionPerformed(AbstractButton.java:2341)
	at javax.swing.DefaultButtonModel.fireActionPerformed(DefaultButtonModel.java:402)
	at javax.swing.DefaultButtonModel.setPressed(DefaultButtonModel.java:259)
	at javax.swing.plaf.basic.BasicButtonListener.mouseReleased(BasicButtonListener.java:252)
	at java.awt.Component.processMouseEvent(Component.java:6504)
	at javax.swing.JComponent.processMouseEvent(JComponent.java:3321)
	at java.awt.Component.processEvent(Component.java:6269)
	at java.awt.Container.processEvent(Container.java:2229)
	at java.awt.Component.dispatchEventImpl(Component.java:4860)
	at java.awt.Container.dispatchEventImpl(Container.java:2287)
	at java.awt.Component.dispatchEvent(Component.java:4686)
	at java.awt.LightweightDispatcher.retargetMouseEvent(Container.java:4832)
	at java.awt.LightweightDispatcher.processMouseEvent(Container.java:4492)
	at java.awt.LightweightDispatcher.dispatchEvent(Container.java:4422)
	at java.awt.Container.dispatchEventImpl(Container.java:2273)
	at java.awt.Window.dispatchEventImpl(Window.java:2713)
	at java.awt.Component.dispatchEvent(Component.java:4686)
	at java.awt.EventQueue.dispatchEventImpl(EventQueue.java:707)
	at java.awt.EventQueue.access$000(EventQueue.java:101)
	at java.awt.EventQueue$3.run(EventQueue.java:666)
	at java.awt.EventQueue$3.run(EventQueue.java:664)
	at java.security.AccessController.doPrivileged(Native Method)
	at java.security.ProtectionDomain$1.doIntersectionPrivilege(ProtectionDomain.java:76)
	at java.security.ProtectionDomain$1.doIntersectionPrivilege(ProtectionDomain.java:87)
	at java.awt.EventQueue$4.run(EventQueue.java:680)
	at java.awt.EventQueue$4.run(EventQueue.java:678)
	at java.security.AccessController.doPrivileged(Native Method)
	at java.security.ProtectionDomain$1.doIntersectionPrivilege(ProtectionDomain.java:76)
	at java.awt.EventQueue.dispatchEvent(EventQueue.java:677)
	at java.awt.EventDispatchThread.pumpOneEventForFilters(EventDispatchThread.java:211)
	at java.awt.EventDispatchThread.pumpEventsForFilter(EventDispatchThread.java:128)
	at java.awt.EventDispatchThread.pumpEventsForFilter(EventDispatchThread.java:121)
	at java.awt.WaitDispatchSupport$2.run(WaitDispatchSupport.java:182)
	at java.awt.WaitDispatchSupport$4.run(WaitDispatchSupport.java:221)
	at java.security.AccessController.doPrivileged(Native Method)
	at java.awt.WaitDispatchSupport.enter(WaitDispatchSupport.java:219)
	at java.awt.Dialog.show(Dialog.java:1072)
	at java.awt.Component.show(Component.java:1650)
	at java.awt.Component.setVisible(Component.java:1602)
	at java.awt.Window.setVisible(Window.java:1013)
	at java.awt.Dialog.setVisible(Dialog.java:1003)
	at ui.frmGerenciador.btLicencaActionPerformed(frmGerenciador.java:343)
	at ui.frmGerenciador.access$500(frmGerenciador.java:26)
	at ui.frmGerenciador$6.actionPerformed(frmGerenciador.java:131)
	at javax.swing.AbstractButton.fireActionPerformed(AbstractButton.java:2018)
	at javax.swing.AbstractButton$Handler.actionPerformed(AbstractButton.java:2341)
	at javax.swing.DefaultButtonModel.fireActionPerformed(DefaultButtonModel.java:402)
	at javax.swing.DefaultButtonModel.setPressed(DefaultButtonModel.java:259)
	at javax.swing.plaf.basic.BasicButtonListener.mouseReleased(BasicButtonListener.java:252)
	at java.awt.Component.processMouseEvent(Component.java:6504)
	at javax.swing.JComponent.processMouseEvent(JComponent.java:3321)
	at java.awt.Component.processEvent(Component.java:6269)
	at java.awt.Container.processEvent(Container.java:2229)
	at java.awt.Component.dispatchEventImpl(Component.java:4860)
	at java.awt.Container.dispatchEventImpl(Container.java:2287)
	at java.awt.Component.dispatchEvent(Component.java:4686)
	at java.awt.LightweightDispatcher.retargetMouseEvent(Container.java:4832)
	at java.awt.LightweightDispatcher.processMouseEvent(Container.java:4492)
	at java.awt.LightweightDispatcher.dispatchEvent(Container.java:4422)
	at java.awt.Container.dispatchEventImpl(Container.java:2273)
	at java.awt.Window.dispatchEventImpl(Window.java:2713)
	at java.awt.Component.dispatchEvent(Component.java:4686)
	at java.awt.EventQueue.dispatchEventImpl(EventQueue.java:707)
	at java.awt.EventQueue.access$000(EventQueue.java:101)
	at java.awt.EventQueue$3.run(EventQueue.java:666)
	at java.awt.EventQueue$3.run(EventQueue.java:664)
	at java.security.AccessController.doPrivileged(Native Method)
	at java.security.ProtectionDomain$1.doIntersectionPrivilege(ProtectionDomain.java:76)
	at java.security.ProtectionDomain$1.doIntersectionPrivilege(ProtectionDomain.java:87)
	at java.awt.EventQueue$4.run(EventQueue.java:680)
	at java.awt.EventQueue$4.run(EventQueue.java:678)
	at java.security.AccessController.doPrivileged(Native Method)
	at java.security.ProtectionDomain$1.doIntersectionPrivilege(ProtectionDomain.java:76)
	at java.awt.EventQueue.dispatchEvent(EventQueue.java:677)
	at java.awt.EventDispatchThread.pumpOneEventForFilters(EventDispatchThread.java:211)
	at java.awt.EventDispatchThread.pumpEventsForFilter(EventDispatchThread.java:128)
	at java.awt.EventDispatchThread.pumpEventsForHierarchy(EventDispatchThread.java:117)
	at java.awt.EventDispatchThread.pumpEvents(EventDispatchThread.java:113)
	at java.awt.EventDispatchThread.pumpEvents(EventDispatchThread.java:105)
	at java.awt.EventDispatchThread.run(EventDispatchThread.java:90)
75088 [AWT-EventQueue-0] ERROR br.com.log.LogDinnamus  - Registro de Exceção detectada : Wed Oct 02 03:44:04 BRT 2013
java.lang.NullPointerException
	at br.com.nordestefomento.jrimum.bopepo.CodigoDeBarras.<init>(CodigoDeBarras.java:217)
	at br.com.nordestefomento.jrimum.bopepo.Boleto.load(Boleto.java:214)
	at br.com.nordestefomento.jrimum.bopepo.Boleto.<init>(Boleto.java:196)
	at br.GerenciadorLicencaFinanceiro.Gerar_Boleto(GerenciadorLicencaFinanceiro.java:284)
	at ui.frmLicencas.btBoletoActionPerformed(frmLicencas.java:642)
	at ui.frmLicencas.access$900(frmLicencas.java:30)
	at ui.frmLicencas$10.actionPerformed(frmLicencas.java:200)
	at javax.swing.AbstractButton.fireActionPerformed(AbstractButton.java:2018)
	at javax.swing.AbstractButton$Handler.actionPerformed(AbstractButton.java:2341)
	at javax.swing.DefaultButtonModel.fireActionPerformed(DefaultButtonModel.java:402)
	at javax.swing.DefaultButtonModel.setPressed(DefaultButtonModel.java:259)
	at javax.swing.plaf.basic.BasicButtonListener.mouseReleased(BasicButtonListener.java:252)
	at java.awt.Component.processMouseEvent(Component.java:6504)
	at javax.swing.JComponent.processMouseEvent(JComponent.java:3321)
	at java.awt.Component.processEvent(Component.java:6269)
	at java.awt.Container.processEvent(Container.java:2229)
	at java.awt.Component.dispatchEventImpl(Component.java:4860)
	at java.awt.Container.dispatchEventImpl(Container.java:2287)
	at java.awt.Component.dispatchEvent(Component.java:4686)
	at java.awt.LightweightDispatcher.retargetMouseEvent(Container.java:4832)
	at java.awt.LightweightDispatcher.processMouseEvent(Container.java:4492)
	at java.awt.LightweightDispatcher.dispatchEvent(Container.java:4422)
	at java.awt.Container.dispatchEventImpl(Container.java:2273)
	at java.awt.Window.dispatchEventImpl(Window.java:2713)
	at java.awt.Component.dispatchEvent(Component.java:4686)
	at java.awt.EventQueue.dispatchEventImpl(EventQueue.java:707)
	at java.awt.EventQueue.access$000(EventQueue.java:101)
	at java.awt.EventQueue$3.run(EventQueue.java:666)
	at java.awt.EventQueue$3.run(EventQueue.java:664)
	at java.security.AccessController.doPrivileged(Native Method)
	at java.security.ProtectionDomain$1.doIntersectionPrivilege(ProtectionDomain.java:76)
	at java.security.ProtectionDomain$1.doIntersectionPrivilege(ProtectionDomain.java:87)
	at java.awt.EventQueue$4.run(EventQueue.java:680)
	at java.awt.EventQueue$4.run(EventQueue.java:678)
	at java.security.AccessController.doPrivileged(Native Method)
	at java.security.ProtectionDomain$1.doIntersectionPrivilege(ProtectionDomain.java:76)
	at java.awt.EventQueue.dispatchEvent(EventQueue.java:677)
	at java.awt.EventDispatchThread.pumpOneEventForFilters(EventDispatchThread.java:211)
	at java.awt.EventDispatchThread.pumpEventsForFilter(EventDispatchThread.java:128)
	at java.awt.EventDispatchThread.pumpEventsForFilter(EventDispatchThread.java:121)
	at java.awt.WaitDispatchSupport$2.run(WaitDispatchSupport.java:182)
	at java.awt.WaitDispatchSupport$4.run(WaitDispatchSupport.java:221)
	at java.security.AccessController.doPrivileged(Native Method)
	at java.awt.WaitDispatchSupport.enter(WaitDispatchSupport.java:219)
	at java.awt.Dialog.show(Dialog.java:1072)
	at java.awt.Component.show(Component.java:1650)
	at java.awt.Component.setVisible(Component.java:1602)
	at java.awt.Window.setVisible(Window.java:1013)
	at java.awt.Dialog.setVisible(Dialog.java:1003)
	at ui.frmGerenciador.btLicencaActionPerformed(frmGerenciador.java:343)
	at ui.frmGerenciador.access$500(frmGerenciador.java:26)
	at ui.frmGerenciador$6.actionPerformed(frmGerenciador.java:131)
	at javax.swing.AbstractButton.fireActionPerformed(AbstractButton.java:2018)
	at javax.swing.AbstractButton$Handler.actionPerformed(AbstractButton.java:2341)
	at javax.swing.DefaultButtonModel.fireActionPerformed(DefaultButtonModel.java:402)
	at javax.swing.DefaultButtonModel.setPressed(DefaultButtonModel.java:259)
	at javax.swing.plaf.basic.BasicButtonListener.mouseReleased(BasicButtonListener.java:252)
	at java.awt.Component.processMouseEvent(Component.java:6504)
	at javax.swing.JComponent.processMouseEvent(JComponent.java:3321)
	at java.awt.Component.processEvent(Component.java:6269)
	at java.awt.Container.processEvent(Container.java:2229)
	at java.awt.Component.dispatchEventImpl(Component.java:4860)
	at java.awt.Container.dispatchEventImpl(Container.java:2287)
	at java.awt.Component.dispatchEvent(Component.java:4686)
	at java.awt.LightweightDispatcher.retargetMouseEvent(Container.java:4832)
	at java.awt.LightweightDispatcher.processMouseEvent(Container.java:4492)
	at java.awt.LightweightDispatcher.dispatchEvent(Container.java:4422)
	at java.awt.Container.dispatchEventImpl(Container.java:2273)
	at java.awt.Window.dispatchEventImpl(Window.java:2713)
	at java.awt.Component.dispatchEvent(Component.java:4686)
	at java.awt.EventQueue.dispatchEventImpl(EventQueue.java:707)
	at java.awt.EventQueue.access$000(EventQueue.java:101)
	at java.awt.EventQueue$3.run(EventQueue.java:666)
	at java.awt.EventQueue$3.run(EventQueue.java:664)
	at java.security.AccessController.doPrivileged(Native Method)
	at java.security.ProtectionDomain$1.doIntersectionPrivilege(ProtectionDomain.java:76)
	at java.security.ProtectionDomain$1.doIntersectionPrivilege(ProtectionDomain.java:87)
	at java.awt.EventQueue$4.run(EventQueue.java:680)
	at java.awt.EventQueue$4.run(EventQueue.java:678)
	at java.security.AccessController.doPrivileged(Native Method)
	at java.security.ProtectionDomain$1.doIntersectionPrivilege(ProtectionDomain.java:76)
	at java.awt.EventQueue.dispatchEvent(EventQueue.java:677)
	at java.awt.EventDispatchThread.pumpOneEventForFilters(EventDispatchThread.java:211)
	at java.awt.EventDispatchThread.pumpEventsForFilter(EventDispatchThread.java:128)
	at java.awt.EventDispatchThread.pumpEventsForHierarchy(EventDispatchThread.java:117)
	at java.awt.EventDispatchThread.pumpEvents(EventDispatchThread.java:113)
	at java.awt.EventDispatchThread.pumpEvents(EventDispatchThread.java:105)
	at java.awt.EventDispatchThread.run(EventDispatchThread.java:90)
0 [main] INFO br.com.log.LogDinnamus  - Iniciando o sistema de LogDinnamus - Wed Oct 02 03:47:03 BRT 2013
1118 [main] INFO br.com.log.LogDinnamus  - Abrindo conexao com o servidor
2125 [main] INFO br.com.log.LogDinnamus  - Abrindo conexao com o servidor
89418 [AWT-EventQueue-0] ERROR br.com.log.LogDinnamus  - Registro de Exceção detectada : Wed Oct 02 03:48:32 BRT 2013
java.lang.NullPointerException
	at br.com.nordestefomento.jrimum.bopepo.view.ViewerPDF.setSacadorAvalista(ViewerPDF.java:624)
	at br.com.nordestefomento.jrimum.bopepo.view.ViewerPDF.preencher(ViewerPDF.java:491)
	at br.com.nordestefomento.jrimum.bopepo.view.ViewerPDF.processarPdf(ViewerPDF.java:337)
	at br.com.nordestefomento.jrimum.bopepo.view.ViewerPDF.getFile(ViewerPDF.java:215)
	at br.com.nordestefomento.jrimum.bopepo.view.BoletoViewer.getPdfAsFile(BoletoViewer.java:304)
	at br.GerenciadorLicencaFinanceiro.Gerar_Boleto(GerenciadorLicencaFinanceiro.java:295)
	at ui.frmLicencas.btBoletoActionPerformed(frmLicencas.java:642)
	at ui.frmLicencas.access$900(frmLicencas.java:30)
	at ui.frmLicencas$10.actionPerformed(frmLicencas.java:200)
	at javax.swing.AbstractButton.fireActionPerformed(AbstractButton.java:2018)
	at javax.swing.AbstractButton$Handler.actionPerformed(AbstractButton.java:2341)
	at javax.swing.DefaultButtonModel.fireActionPerformed(DefaultButtonModel.java:402)
	at javax.swing.DefaultButtonModel.setPressed(DefaultButtonModel.java:259)
	at javax.swing.plaf.basic.BasicButtonListener.mouseReleased(BasicButtonListener.java:252)
	at java.awt.Component.processMouseEvent(Component.java:6504)
	at javax.swing.JComponent.processMouseEvent(JComponent.java:3321)
	at java.awt.Component.processEvent(Component.java:6269)
	at java.awt.Container.processEvent(Container.java:2229)
	at java.awt.Component.dispatchEventImpl(Component.java:4860)
	at java.awt.Container.dispatchEventImpl(Container.java:2287)
	at java.awt.Component.dispatchEvent(Component.java:4686)
	at java.awt.LightweightDispatcher.retargetMouseEvent(Container.java:4832)
	at java.awt.LightweightDispatcher.processMouseEvent(Container.java:4492)
	at java.awt.LightweightDispatcher.dispatchEvent(Container.java:4422)
	at java.awt.Container.dispatchEventImpl(Container.java:2273)
	at java.awt.Window.dispatchEventImpl(Window.java:2713)
	at java.awt.Component.dispatchEvent(Component.java:4686)
	at java.awt.EventQueue.dispatchEventImpl(EventQueue.java:707)
	at java.awt.EventQueue.access$000(EventQueue.java:101)
	at java.awt.EventQueue$3.run(EventQueue.java:666)
	at java.awt.EventQueue$3.run(EventQueue.java:664)
	at java.security.AccessController.doPrivileged(Native Method)
	at java.security.ProtectionDomain$1.doIntersectionPrivilege(ProtectionDomain.java:76)
	at java.security.ProtectionDomain$1.doIntersectionPrivilege(ProtectionDomain.java:87)
	at java.awt.EventQueue$4.run(EventQueue.java:680)
	at java.awt.EventQueue$4.run(EventQueue.java:678)
	at java.security.AccessController.doPrivileged(Native Method)
	at java.security.ProtectionDomain$1.doIntersectionPrivilege(ProtectionDomain.java:76)
	at java.awt.EventQueue.dispatchEvent(EventQueue.java:677)
	at java.awt.EventDispatchThread.pumpOneEventForFilters(EventDispatchThread.java:211)
	at java.awt.EventDispatchThread.pumpEventsForFilter(EventDispatchThread.java:128)
	at java.awt.EventDispatchThread.pumpEventsForFilter(EventDispatchThread.java:121)
	at java.awt.WaitDispatchSupport$2.run(WaitDispatchSupport.java:182)
	at java.awt.WaitDispatchSupport$4.run(WaitDispatchSupport.java:221)
	at java.security.AccessController.doPrivileged(Native Method)
	at java.awt.WaitDispatchSupport.enter(WaitDispatchSupport.java:219)
	at java.awt.Dialog.show(Dialog.java:1072)
	at java.awt.Component.show(Component.java:1650)
	at java.awt.Component.setVisible(Component.java:1602)
	at java.awt.Window.setVisible(Window.java:1013)
	at java.awt.Dialog.setVisible(Dialog.java:1003)
	at ui.frmGerenciador.btLicencaActionPerformed(frmGerenciador.java:343)
	at ui.frmGerenciador.access$500(frmGerenciador.java:26)
	at ui.frmGerenciador$6.actionPerformed(frmGerenciador.java:131)
	at javax.swing.AbstractButton.fireActionPerformed(AbstractButton.java:2018)
	at javax.swing.AbstractButton$Handler.actionPerformed(AbstractButton.java:2341)
	at javax.swing.DefaultButtonModel.fireActionPerformed(DefaultButtonModel.java:402)
	at javax.swing.DefaultButtonModel.setPressed(DefaultButtonModel.java:259)
	at javax.swing.plaf.basic.BasicButtonListener.mouseReleased(BasicButtonListener.java:252)
	at java.awt.Component.processMouseEvent(Component.java:6504)
	at javax.swing.JComponent.processMouseEvent(JComponent.java:3321)
	at java.awt.Component.processEvent(Component.java:6269)
	at java.awt.Container.processEvent(Container.java:2229)
	at java.awt.Component.dispatchEventImpl(Component.java:4860)
	at java.awt.Container.dispatchEventImpl(Container.java:2287)
	at java.awt.Component.dispatchEvent(Component.java:4686)
	at java.awt.LightweightDispatcher.retargetMouseEvent(Container.java:4832)
	at java.awt.LightweightDispatcher.processMouseEvent(Container.java:4492)
	at java.awt.LightweightDispatcher.dispatchEvent(Container.java:4422)
	at java.awt.Container.dispatchEventImpl(Container.java:2273)
	at java.awt.Window.dispatchEventImpl(Window.java:2713)
	at java.awt.Component.dispatchEvent(Component.java:4686)
	at java.awt.EventQueue.dispatchEventImpl(EventQueue.java:707)
	at java.awt.EventQueue.access$000(EventQueue.java:101)
	at java.awt.EventQueue$3.run(EventQueue.java:666)
	at java.awt.EventQueue$3.run(EventQueue.java:664)
	at java.security.AccessController.doPrivileged(Native Method)
	at java.security.ProtectionDomain$1.doIntersectionPrivilege(ProtectionDomain.java:76)
	at java.security.ProtectionDomain$1.doIntersectionPrivilege(ProtectionDomain.java:87)
	at java.awt.EventQueue$4.run(EventQueue.java:680)
	at java.awt.EventQueue$4.run(EventQueue.java:678)
	at java.security.AccessController.doPrivileged(Native Method)
	at java.security.ProtectionDomain$1.doIntersectionPrivilege(ProtectionDomain.java:76)
	at java.awt.EventQueue.dispatchEvent(EventQueue.java:677)
	at java.awt.EventDispatchThread.pumpOneEventForFilters(EventDispatchThread.java:211)
	at java.awt.EventDispatchThread.pumpEventsForFilter(EventDispatchThread.java:128)
	at java.awt.EventDispatchThread.pumpEventsForHierarchy(EventDispatchThread.java:117)
	at java.awt.EventDispatchThread.pumpEvents(EventDispatchThread.java:113)
	at java.awt.EventDispatchThread.pumpEvents(EventDispatchThread.java:105)
	at java.awt.EventDispatchThread.run(EventDispatchThread.java:90)
0 [main] INFO br.com.log.LogDinnamus  - Iniciando o sistema de LogDinnamus - Wed Oct 02 03:51:23 BRT 2013
204 [main] INFO br.com.log.LogDinnamus  - Abrindo conexao com o servidor
1062 [main] INFO br.com.log.LogDinnamus  - Abrindo conexao com o servidor
0 [main] INFO br.com.log.LogDinnamus  - Iniciando o sistema de LogDinnamus - Wed Oct 02 03:57:48 BRT 2013
87 [main] INFO br.com.log.LogDinnamus  - Abrindo conexao com o servidor
1030 [main] INFO br.com.log.LogDinnamus  - Abrindo conexao com o servidor
